
=== Configuration ===
device: cuda:3
seed: 3407
batch_size: 32
epochs: 100
num_workers: 4
learning_rate: 0.0003
weight_decay: 5e-05
patience: 10
task: Kinase
task_lower: kinase
data_prefix: drug
======================


============================================================
Training Seed 42
============================================================
Loading data /home/qfchen/ProteinDrugInter/datasets/Kinase/drug_split_results/seed_42/drug_train.csv......
Columns in the dataset: ['UNIPROT_ID', 'GENE_NAME', 'SEQUENCE', 'GENE_LIST', 'GeneName', 'Compound', 'Kd', 'Label', 'Synonym', 'CompoundCID', 'DRUG_ID', 'isomeric_smiles', 'SMILES', 'MolecularFormula', 'MolecularWeight']
Loaded 8392 valid pairs (time: 132.78s)
Loading data /home/qfchen/ProteinDrugInter/datasets/Kinase/drug_split_results/seed_42/drug_val.csv......
Columns in the dataset: ['UNIPROT_ID', 'GENE_NAME', 'SEQUENCE', 'GENE_LIST', 'GeneName', 'Compound', 'Kd', 'Label', 'Synonym', 'CompoundCID', 'DRUG_ID', 'isomeric_smiles', 'SMILES', 'MolecularFormula', 'MolecularWeight']
Loaded 1322 valid pairs (time: 21.14s)
Loading data /home/qfchen/ProteinDrugInter/datasets/Kinase/drug_split_results/seed_42/drug_test.csv......
Columns in the dataset: ['UNIPROT_ID', 'GENE_NAME', 'SEQUENCE', 'GENE_LIST', 'GeneName', 'Compound', 'Kd', 'Label', 'Synonym', 'CompoundCID', 'DRUG_ID', 'isomeric_smiles', 'SMILES', 'MolecularFormula', 'MolecularWeight']
Loaded 2404 valid pairs (time: 39.61s)
[Epoch 1/100] Train Loss: 0.6837 Valid Loss: 0.6651 | Acc: 0.6309 | Prec: 0.7073 | Recall: 0.5150 | F1: 0.5960 | MCC: 0.2830 | AUROC: 0.6954 | AUPR: 0.7021
[Epoch 2/100] Train Loss: 0.6008 Valid Loss: 0.6838 | Acc: 0.6301 | Prec: 0.7376 | Recall: 0.4664 | F1: 0.5714 | MCC: 0.2965 | AUROC: 0.7120 | AUPR: 0.7124
[Epoch 3/100] Train Loss: 0.5546 Valid Loss: 0.6523 | Acc: 0.6278 | Prec: 0.7390 | Recall: 0.4578 | F1: 0.5654 | MCC: 0.2940 | AUROC: 0.7266 | AUPR: 0.7379
[Epoch 4/100] Train Loss: 0.5308 Valid Loss: 0.6720 | Acc: 0.6596 | Prec: 0.7862 | Recall: 0.4893 | F1: 0.6032 | MCC: 0.3612 | AUROC: 0.7425 | AUPR: 0.7565
[Epoch 5/100] Train Loss: 0.5097 Valid Loss: 0.6744 | Acc: 0.6392 | Prec: 0.8171 | Recall: 0.4092 | F1: 0.5453 | MCC: 0.3467 | AUROC: 0.7652 | AUPR: 0.7767
[Epoch 6/100] Train Loss: 0.4963 Valid Loss: 0.6979 | Acc: 0.6770 | Prec: 0.7667 | Recall: 0.5594 | F1: 0.6468 | MCC: 0.3777 | AUROC: 0.7159 | AUPR: 0.7635
EarlyStopping counter: 1 out of 10
[Epoch 7/100] Train Loss: 0.4833 Valid Loss: 0.8996 | Acc: 0.5998 | Prec: 0.8602 | Recall: 0.2904 | F1: 0.4342 | MCC: 0.3095 | AUROC: 0.7000 | AUPR: 0.7536
EarlyStopping counter: 2 out of 10
[Epoch 8/100] Train Loss: 0.4671 Valid Loss: 0.7409 | Acc: 0.6536 | Prec: 0.8473 | Recall: 0.4206 | F1: 0.5621 | MCC: 0.3807 | AUROC: 0.7611 | AUPR: 0.7967
EarlyStopping counter: 3 out of 10
[Epoch 9/100] Train Loss: 0.4607 Valid Loss: 0.6439 | Acc: 0.7080 | Prec: 0.7872 | Recall: 0.6137 | F1: 0.6897 | MCC: 0.4336 | AUROC: 0.7617 | AUPR: 0.7788
EarlyStopping counter: 4 out of 10
[Epoch 10/100] Train Loss: 0.4473 Valid Loss: 0.8529 | Acc: 0.6619 | Prec: 0.8231 | Recall: 0.4592 | F1: 0.5895 | MCC: 0.3814 | AUROC: 0.7290 | AUPR: 0.7731
EarlyStopping counter: 5 out of 10
[Epoch 11/100] Train Loss: 0.4466 Valid Loss: 0.6297 | Acc: 0.7216 | Prec: 0.7982 | Recall: 0.6338 | F1: 0.7065 | MCC: 0.4592 | AUROC: 0.7713 | AUPR: 0.7988
[Epoch 12/100] Train Loss: 0.4414 Valid Loss: 0.7583 | Acc: 0.6641 | Prec: 0.8761 | Recall: 0.4249 | F1: 0.5723 | MCC: 0.4087 | AUROC: 0.7444 | AUPR: 0.7972
EarlyStopping counter: 1 out of 10
[Epoch 13/100] Train Loss: 0.4259 Valid Loss: 0.7143 | Acc: 0.7110 | Prec: 0.8309 | Recall: 0.5694 | F1: 0.6757 | MCC: 0.4563 | AUROC: 0.7653 | AUPR: 0.8019
EarlyStopping counter: 2 out of 10
[Epoch 14/100] Train Loss: 0.4223 Valid Loss: 0.6976 | Acc: 0.6929 | Prec: 0.8234 | Recall: 0.5336 | F1: 0.6476 | MCC: 0.4262 | AUROC: 0.7734 | AUPR: 0.8031
[Epoch 15/100] Train Loss: 0.4139 Valid Loss: 0.7599 | Acc: 0.6974 | Prec: 0.8655 | Recall: 0.5064 | F1: 0.6390 | MCC: 0.4516 | AUROC: 0.7605 | AUPR: 0.8092
EarlyStopping counter: 1 out of 10
[Epoch 16/100] Train Loss: 0.4065 Valid Loss: 0.7127 | Acc: 0.6974 | Prec: 0.8174 | Recall: 0.5508 | F1: 0.6581 | MCC: 0.4302 | AUROC: 0.7539 | AUPR: 0.7897
EarlyStopping counter: 2 out of 10
[Epoch 17/100] Train Loss: 0.4045 Valid Loss: 0.7721 | Acc: 0.6944 | Prec: 0.8271 | Recall: 0.5336 | F1: 0.6487 | MCC: 0.4300 | AUROC: 0.7261 | AUPR: 0.7769
EarlyStopping counter: 3 out of 10
[Epoch 18/100] Train Loss: 0.3815 Valid Loss: 0.7475 | Acc: 0.7179 | Prec: 0.8468 | Recall: 0.5694 | F1: 0.6809 | MCC: 0.4733 | AUROC: 0.7428 | AUPR: 0.8038
EarlyStopping counter: 4 out of 10
[Epoch 19/100] Train Loss: 0.3594 Valid Loss: 0.7540 | Acc: 0.7171 | Prec: 0.8571 | Recall: 0.5579 | F1: 0.6759 | MCC: 0.4766 | AUROC: 0.7471 | AUPR: 0.8064
EarlyStopping counter: 5 out of 10
[Epoch 20/100] Train Loss: 0.3537 Valid Loss: 0.7465 | Acc: 0.7231 | Prec: 0.8520 | Recall: 0.5765 | F1: 0.6877 | MCC: 0.4834 | AUROC: 0.7552 | AUPR: 0.8160
EarlyStopping counter: 6 out of 10
[Epoch 21/100] Train Loss: 0.3501 Valid Loss: 0.7597 | Acc: 0.7292 | Prec: 0.8780 | Recall: 0.5665 | F1: 0.6887 | MCC: 0.5035 | AUROC: 0.7497 | AUPR: 0.8115
EarlyStopping counter: 7 out of 10
[Epoch 22/100] Train Loss: 0.3472 Valid Loss: 0.7588 | Acc: 0.7231 | Prec: 0.8643 | Recall: 0.5651 | F1: 0.6834 | MCC: 0.4887 | AUROC: 0.7503 | AUPR: 0.8208
EarlyStopping counter: 8 out of 10
[Epoch 23/100] Train Loss: 0.3407 Valid Loss: 0.7362 | Acc: 0.7277 | Prec: 0.8553 | Recall: 0.5837 | F1: 0.6939 | MCC: 0.4916 | AUROC: 0.7601 | AUPR: 0.8188
EarlyStopping counter: 9 out of 10
[Epoch 24/100] Train Loss: 0.3336 Valid Loss: 0.7245 | Acc: 0.7322 | Prec: 0.8443 | Recall: 0.6052 | F1: 0.7050 | MCC: 0.4938 | AUROC: 0.7573 | AUPR: 0.8183
EarlyStopping counter: 10 out of 10
Early stopping at epoch 24
Best model at epoch 14 with Score = 0.7734
Seed 42 Test Results:
[Test] Loss: 0.5732 | Acc: 0.7512 | Prec: 0.7989 | Recall: 0.6474 | F1: 0.7152 | MCC: 0.5074 | AUROC: 0.8345 | AUPR: 0.8206

============================================================
Training Seed 1234
============================================================
Loading data /home/qfchen/ProteinDrugInter/datasets/Kinase/drug_split_results/seed_1234/drug_train.csv......
Columns in the dataset: ['UNIPROT_ID', 'GENE_NAME', 'SEQUENCE', 'GENE_LIST', 'GeneName', 'Compound', 'Kd', 'Label', 'Synonym', 'CompoundCID', 'DRUG_ID', 'isomeric_smiles', 'SMILES', 'MolecularFormula', 'MolecularWeight']
Loaded 8837 valid pairs (time: 124.04s)
Loading data /home/qfchen/ProteinDrugInter/datasets/Kinase/drug_split_results/seed_1234/drug_val.csv......
Columns in the dataset: ['UNIPROT_ID', 'GENE_NAME', 'SEQUENCE', 'GENE_LIST', 'GeneName', 'Compound', 'Kd', 'Label', 'Synonym', 'CompoundCID', 'DRUG_ID', 'isomeric_smiles', 'SMILES', 'MolecularFormula', 'MolecularWeight']
Loaded 1021 valid pairs (time: 14.95s)
Loading data /home/qfchen/ProteinDrugInter/datasets/Kinase/drug_split_results/seed_1234/drug_test.csv......
Columns in the dataset: ['UNIPROT_ID', 'GENE_NAME', 'SEQUENCE', 'GENE_LIST', 'GeneName', 'Compound', 'Kd', 'Label', 'Synonym', 'CompoundCID', 'DRUG_ID', 'isomeric_smiles', 'SMILES', 'MolecularFormula', 'MolecularWeight']
Loaded 2260 valid pairs (time: 31.79s)
[Epoch 1/100] Train Loss: 0.6686 Valid Loss: 0.6143 | Acc: 0.7062 | Prec: 0.6527 | Recall: 0.6765 | F1: 0.6644 | MCC: 0.4035 | AUROC: 0.7514 | AUPR: 0.6695
[Epoch 2/100] Train Loss: 0.5874 Valid Loss: 0.6267 | Acc: 0.6856 | Prec: 0.6069 | Recall: 0.7631 | F1: 0.6761 | MCC: 0.3877 | AUROC: 0.7572 | AUPR: 0.6429
[Epoch 3/100] Train Loss: 0.5494 Valid Loss: 0.6626 | Acc: 0.6533 | Prec: 0.5599 | Recall: 0.9043 | F1: 0.6916 | MCC: 0.3958 | AUROC: 0.7793 | AUPR: 0.6870
[Epoch 4/100] Train Loss: 0.5185 Valid Loss: 0.6437 | Acc: 0.6768 | Prec: 0.5817 | Recall: 0.8838 | F1: 0.7016 | MCC: 0.4207 | AUROC: 0.8103 | AUPR: 0.7160
[Epoch 5/100] Train Loss: 0.4999 Valid Loss: 0.5861 | Acc: 0.7248 | Prec: 0.6372 | Recall: 0.8360 | F1: 0.7232 | MCC: 0.4761 | AUROC: 0.8179 | AUPR: 0.7410
[Epoch 6/100] Train Loss: 0.4884 Valid Loss: 0.5596 | Acc: 0.7591 | Prec: 0.6831 | Recall: 0.8200 | F1: 0.7453 | MCC: 0.5281 | AUROC: 0.8322 | AUPR: 0.7547
[Epoch 7/100] Train Loss: 0.4760 Valid Loss: 0.5548 | Acc: 0.7610 | Prec: 0.6816 | Recall: 0.8337 | F1: 0.7500 | MCC: 0.5353 | AUROC: 0.8410 | AUPR: 0.7780
[Epoch 8/100] Train Loss: 0.4689 Valid Loss: 0.5656 | Acc: 0.7473 | Prec: 0.6619 | Recall: 0.8428 | F1: 0.7415 | MCC: 0.5153 | AUROC: 0.8423 | AUPR: 0.7587
[Epoch 9/100] Train Loss: 0.4568 Valid Loss: 0.5676 | Acc: 0.7375 | Prec: 0.6921 | Recall: 0.7016 | F1: 0.6968 | MCC: 0.4655 | AUROC: 0.8165 | AUPR: 0.7327
EarlyStopping counter: 1 out of 10
[Epoch 10/100] Train Loss: 0.4501 Valid Loss: 0.5430 | Acc: 0.7630 | Prec: 0.6998 | Recall: 0.7859 | F1: 0.7403 | MCC: 0.5267 | AUROC: 0.8453 | AUPR: 0.7828
[Epoch 11/100] Train Loss: 0.4368 Valid Loss: 0.5574 | Acc: 0.7620 | Prec: 0.8043 | Recall: 0.5900 | F1: 0.6807 | MCC: 0.5133 | AUROC: 0.8455 | AUPR: 0.7671
[Epoch 12/100] Train Loss: 0.4320 Valid Loss: 0.4935 | Acc: 0.7973 | Prec: 0.7944 | Recall: 0.7130 | F1: 0.7515 | MCC: 0.5836 | AUROC: 0.8791 | AUPR: 0.8408
[Epoch 13/100] Train Loss: 0.4219 Valid Loss: 0.5012 | Acc: 0.7904 | Prec: 0.7339 | Recall: 0.8041 | F1: 0.7674 | MCC: 0.5794 | AUROC: 0.8734 | AUPR: 0.8305
EarlyStopping counter: 1 out of 10
[Epoch 14/100] Train Loss: 0.4152 Valid Loss: 0.5113 | Acc: 0.7816 | Prec: 0.7647 | Recall: 0.7107 | F1: 0.7367 | MCC: 0.5516 | AUROC: 0.8655 | AUPR: 0.8094
EarlyStopping counter: 2 out of 10
[Epoch 15/100] Train Loss: 0.4090 Valid Loss: 0.5217 | Acc: 0.7875 | Prec: 0.7102 | Recall: 0.8542 | F1: 0.7756 | MCC: 0.5858 | AUROC: 0.8651 | AUPR: 0.8115
EarlyStopping counter: 3 out of 10
[Epoch 16/100] Train Loss: 0.3999 Valid Loss: 0.5470 | Acc: 0.7679 | Prec: 0.7371 | Recall: 0.7153 | F1: 0.7260 | MCC: 0.5249 | AUROC: 0.8365 | AUPR: 0.7800
EarlyStopping counter: 4 out of 10
[Epoch 17/100] Train Loss: 0.3984 Valid Loss: 0.5055 | Acc: 0.7973 | Prec: 0.7468 | Recall: 0.7995 | F1: 0.7723 | MCC: 0.5911 | AUROC: 0.8716 | AUPR: 0.8208
EarlyStopping counter: 5 out of 10
[Epoch 18/100] Train Loss: 0.3941 Valid Loss: 0.5126 | Acc: 0.7914 | Prec: 0.7592 | Recall: 0.7540 | F1: 0.7566 | MCC: 0.5741 | AUROC: 0.8645 | AUPR: 0.8079
EarlyStopping counter: 6 out of 10
[Epoch 19/100] Train Loss: 0.3601 Valid Loss: 0.4967 | Acc: 0.8080 | Prec: 0.7624 | Recall: 0.8041 | F1: 0.7827 | MCC: 0.6117 | AUROC: 0.8799 | AUPR: 0.8434
[Epoch 20/100] Train Loss: 0.3517 Valid Loss: 0.4851 | Acc: 0.8110 | Prec: 0.7721 | Recall: 0.7950 | F1: 0.7834 | MCC: 0.6160 | AUROC: 0.8876 | AUPR: 0.8502
[Epoch 21/100] Train Loss: 0.3437 Valid Loss: 0.4860 | Acc: 0.8159 | Prec: 0.7846 | Recall: 0.7882 | F1: 0.7864 | MCC: 0.6246 | AUROC: 0.8882 | AUPR: 0.8504
[Epoch 22/100] Train Loss: 0.3400 Valid Loss: 0.4897 | Acc: 0.8100 | Prec: 0.7634 | Recall: 0.8087 | F1: 0.7854 | MCC: 0.6160 | AUROC: 0.8869 | AUPR: 0.8451
EarlyStopping counter: 1 out of 10
[Epoch 23/100] Train Loss: 0.3328 Valid Loss: 0.4964 | Acc: 0.8159 | Prec: 0.7676 | Recall: 0.8200 | F1: 0.7930 | MCC: 0.6286 | AUROC: 0.8856 | AUPR: 0.8356
EarlyStopping counter: 2 out of 10
[Epoch 24/100] Train Loss: 0.3328 Valid Loss: 0.4856 | Acc: 0.8286 | Prec: 0.7821 | Recall: 0.8337 | F1: 0.8071 | MCC: 0.6542 | AUROC: 0.8911 | AUPR: 0.8489
[Epoch 25/100] Train Loss: 0.3296 Valid Loss: 0.4988 | Acc: 0.8247 | Prec: 0.7876 | Recall: 0.8109 | F1: 0.7991 | MCC: 0.6439 | AUROC: 0.8836 | AUPR: 0.8439
EarlyStopping counter: 1 out of 10
[Epoch 26/100] Train Loss: 0.3240 Valid Loss: 0.4809 | Acc: 0.8276 | Prec: 0.8094 | Recall: 0.7836 | F1: 0.7963 | MCC: 0.6472 | AUROC: 0.8932 | AUPR: 0.8560
[Epoch 27/100] Train Loss: 0.3234 Valid Loss: 0.4939 | Acc: 0.8188 | Prec: 0.7725 | Recall: 0.8200 | F1: 0.7956 | MCC: 0.6340 | AUROC: 0.8902 | AUPR: 0.8403
EarlyStopping counter: 1 out of 10
[Epoch 28/100] Train Loss: 0.3177 Valid Loss: 0.4890 | Acc: 0.8257 | Prec: 0.7843 | Recall: 0.8200 | F1: 0.8018 | MCC: 0.6468 | AUROC: 0.8910 | AUPR: 0.8535
EarlyStopping counter: 2 out of 10
[Epoch 29/100] Train Loss: 0.3186 Valid Loss: 0.4920 | Acc: 0.8168 | Prec: 0.7658 | Recall: 0.8269 | F1: 0.7952 | MCC: 0.6315 | AUROC: 0.8909 | AUPR: 0.8559
EarlyStopping counter: 3 out of 10
[Epoch 30/100] Train Loss: 0.3182 Valid Loss: 0.4978 | Acc: 0.8168 | Prec: 0.8014 | Recall: 0.7631 | F1: 0.7818 | MCC: 0.6247 | AUROC: 0.8832 | AUPR: 0.8339
EarlyStopping counter: 4 out of 10
[Epoch 31/100] Train Loss: 0.3169 Valid Loss: 0.4945 | Acc: 0.8237 | Prec: 0.7785 | Recall: 0.8246 | F1: 0.8009 | MCC: 0.6438 | AUROC: 0.8898 | AUPR: 0.8596
EarlyStopping counter: 5 out of 10
[Epoch 32/100] Train Loss: 0.3113 Valid Loss: 0.4952 | Acc: 0.8227 | Prec: 0.7710 | Recall: 0.8360 | F1: 0.8022 | MCC: 0.6438 | AUROC: 0.8898 | AUPR: 0.8484
EarlyStopping counter: 6 out of 10
[Epoch 33/100] Train Loss: 0.3067 Valid Loss: 0.4913 | Acc: 0.8198 | Prec: 0.7730 | Recall: 0.8223 | F1: 0.7969 | MCC: 0.6362 | AUROC: 0.8915 | AUPR: 0.8567
EarlyStopping counter: 7 out of 10
[Epoch 34/100] Train Loss: 0.3017 Valid Loss: 0.4938 | Acc: 0.8315 | Prec: 0.7921 | Recall: 0.8246 | F1: 0.8080 | MCC: 0.6585 | AUROC: 0.8909 | AUPR: 0.8503
EarlyStopping counter: 8 out of 10
[Epoch 35/100] Train Loss: 0.3057 Valid Loss: 0.4920 | Acc: 0.8286 | Prec: 0.7933 | Recall: 0.8132 | F1: 0.8031 | MCC: 0.6516 | AUROC: 0.8893 | AUPR: 0.8449
EarlyStopping counter: 9 out of 10
[Epoch 36/100] Train Loss: 0.3008 Valid Loss: 0.4944 | Acc: 0.8315 | Prec: 0.7896 | Recall: 0.8292 | F1: 0.8089 | MCC: 0.6591 | AUROC: 0.8898 | AUPR: 0.8450
EarlyStopping counter: 10 out of 10
Early stopping at epoch 36
Best model at epoch 26 with Score = 0.8932
Seed 1234 Test Results:
[Test] Loss: 0.5811 | Acc: 0.7668 | Prec: 0.8077 | Recall: 0.6667 | F1: 0.7304 | MCC: 0.5358 | AUROC: 0.8414 | AUPR: 0.8300

============================================================
Training Seed 3407
============================================================
Loading data /home/qfchen/ProteinDrugInter/datasets/Kinase/drug_split_results/seed_3407/drug_train.csv......
Columns in the dataset: ['UNIPROT_ID', 'GENE_NAME', 'SEQUENCE', 'GENE_LIST', 'GeneName', 'Compound', 'Kd', 'Label', 'Synonym', 'CompoundCID', 'DRUG_ID', 'isomeric_smiles', 'SMILES', 'MolecularFormula', 'MolecularWeight']
Loaded 8434 valid pairs (time: 121.09s)
Loading data /home/qfchen/ProteinDrugInter/datasets/Kinase/drug_split_results/seed_3407/drug_val.csv......
Columns in the dataset: ['UNIPROT_ID', 'GENE_NAME', 'SEQUENCE', 'GENE_LIST', 'GeneName', 'Compound', 'Kd', 'Label', 'Synonym', 'CompoundCID', 'DRUG_ID', 'isomeric_smiles', 'SMILES', 'MolecularFormula', 'MolecularWeight']
Loaded 1333 valid pairs (time: 19.31s)
Loading data /home/qfchen/ProteinDrugInter/datasets/Kinase/drug_split_results/seed_3407/drug_test.csv......
Columns in the dataset: ['UNIPROT_ID', 'GENE_NAME', 'SEQUENCE', 'GENE_LIST', 'GeneName', 'Compound', 'Kd', 'Label', 'Synonym', 'CompoundCID', 'DRUG_ID', 'isomeric_smiles', 'SMILES', 'MolecularFormula', 'MolecularWeight']
Loaded 2351 valid pairs (time: 32.33s)
[Epoch 1/100] Train Loss: 0.6502 Valid Loss: 0.6227 | Acc: 0.6984 | Prec: 0.7183 | Recall: 0.6935 | F1: 0.7057 | MCC: 0.3969 | AUROC: 0.7603 | AUPR: 0.7426
[Epoch 2/100] Train Loss: 0.5664 Valid Loss: 0.7032 | Acc: 0.6017 | Prec: 0.8203 | Recall: 0.3022 | F1: 0.4416 | MCC: 0.2918 | AUROC: 0.7593 | AUPR: 0.7511
EarlyStopping counter: 1 out of 10
[Epoch 3/100] Train Loss: 0.5256 Valid Loss: 0.7158 | Acc: 0.6519 | Prec: 0.8047 | Recall: 0.4388 | F1: 0.5680 | MCC: 0.3575 | AUROC: 0.7690 | AUPR: 0.7688
[Epoch 4/100] Train Loss: 0.5073 Valid Loss: 0.6107 | Acc: 0.7209 | Prec: 0.7751 | Recall: 0.6547 | F1: 0.7098 | MCC: 0.4506 | AUROC: 0.7987 | AUPR: 0.7994
[Epoch 5/100] Train Loss: 0.4877 Valid Loss: 0.7000 | Acc: 0.6287 | Prec: 0.8268 | Recall: 0.3640 | F1: 0.5055 | MCC: 0.3337 | AUROC: 0.7675 | AUPR: 0.7645
EarlyStopping counter: 1 out of 10
[Epoch 6/100] Train Loss: 0.4781 Valid Loss: 0.7299 | Acc: 0.6159 | Prec: 0.8797 | Recall: 0.3050 | F1: 0.4530 | MCC: 0.3369 | AUROC: 0.7820 | AUPR: 0.7899
EarlyStopping counter: 2 out of 10
[Epoch 7/100] Train Loss: 0.4612 Valid Loss: 0.5673 | Acc: 0.7344 | Prec: 0.7460 | Recall: 0.7439 | F1: 0.7450 | MCC: 0.4680 | AUROC: 0.8229 | AUPR: 0.8145
[Epoch 8/100] Train Loss: 0.4563 Valid Loss: 0.6407 | Acc: 0.6917 | Prec: 0.7851 | Recall: 0.5626 | F1: 0.6555 | MCC: 0.4078 | AUROC: 0.7804 | AUPR: 0.7903
EarlyStopping counter: 1 out of 10
[Epoch 9/100] Train Loss: 0.4457 Valid Loss: 0.5937 | Acc: 0.7277 | Prec: 0.7767 | Recall: 0.6705 | F1: 0.7197 | MCC: 0.4624 | AUROC: 0.8066 | AUPR: 0.8060
EarlyStopping counter: 2 out of 10
[Epoch 10/100] Train Loss: 0.4336 Valid Loss: 0.5576 | Acc: 0.7457 | Prec: 0.7937 | Recall: 0.6921 | F1: 0.7394 | MCC: 0.4978 | AUROC: 0.8327 | AUPR: 0.8210
[Epoch 11/100] Train Loss: 0.4360 Valid Loss: 0.5668 | Acc: 0.7472 | Prec: 0.7500 | Recall: 0.7727 | F1: 0.7612 | MCC: 0.4930 | AUROC: 0.8208 | AUPR: 0.8245
EarlyStopping counter: 1 out of 10
[Epoch 12/100] Train Loss: 0.4270 Valid Loss: 0.7075 | Acc: 0.6842 | Prec: 0.8914 | Recall: 0.4489 | F1: 0.5971 | MCC: 0.4420 | AUROC: 0.7978 | AUPR: 0.8212
EarlyStopping counter: 2 out of 10
[Epoch 13/100] Train Loss: 0.4130 Valid Loss: 0.6181 | Acc: 0.6992 | Prec: 0.8101 | Recall: 0.5525 | F1: 0.6570 | MCC: 0.4294 | AUROC: 0.8057 | AUPR: 0.8138
EarlyStopping counter: 3 out of 10
[Epoch 14/100] Train Loss: 0.4097 Valid Loss: 0.5986 | Acc: 0.7344 | Prec: 0.7856 | Recall: 0.6748 | F1: 0.7260 | MCC: 0.4764 | AUROC: 0.8089 | AUPR: 0.8139
EarlyStopping counter: 4 out of 10
[Epoch 15/100] Train Loss: 0.4028 Valid Loss: 0.5754 | Acc: 0.7517 | Prec: 0.8003 | Recall: 0.6978 | F1: 0.7456 | MCC: 0.5098 | AUROC: 0.8243 | AUPR: 0.8394
EarlyStopping counter: 5 out of 10
[Epoch 16/100] Train Loss: 0.3988 Valid Loss: 0.6135 | Acc: 0.7367 | Prec: 0.8197 | Recall: 0.6345 | F1: 0.7153 | MCC: 0.4913 | AUROC: 0.8058 | AUPR: 0.8134
EarlyStopping counter: 6 out of 10
[Epoch 17/100] Train Loss: 0.3653 Valid Loss: 0.5992 | Acc: 0.7517 | Prec: 0.8262 | Recall: 0.6633 | F1: 0.7358 | MCC: 0.5177 | AUROC: 0.8133 | AUPR: 0.8394
EarlyStopping counter: 7 out of 10
[Epoch 18/100] Train Loss: 0.3529 Valid Loss: 0.6393 | Acc: 0.7307 | Prec: 0.8333 | Recall: 0.6043 | F1: 0.7006 | MCC: 0.4869 | AUROC: 0.8044 | AUPR: 0.8289
EarlyStopping counter: 8 out of 10
[Epoch 19/100] Train Loss: 0.3463 Valid Loss: 0.6396 | Acc: 0.7329 | Prec: 0.8438 | Recall: 0.5986 | F1: 0.7003 | MCC: 0.4945 | AUROC: 0.8070 | AUPR: 0.8280
EarlyStopping counter: 9 out of 10
[Epoch 20/100] Train Loss: 0.3426 Valid Loss: 0.6119 | Acc: 0.7562 | Prec: 0.8327 | Recall: 0.6662 | F1: 0.7402 | MCC: 0.5272 | AUROC: 0.8126 | AUPR: 0.8387
EarlyStopping counter: 10 out of 10
Early stopping at epoch 20
Best model at epoch 10 with Score = 0.8327
Seed 3407 Test Results:
[Test] Loss: 0.5870 | Acc: 0.7329 | Prec: 0.7539 | Recall: 0.6454 | F1: 0.6954 | MCC: 0.4645 | AUROC: 0.8111 | AUPR: 0.7722

============================================================
Training Seed 5678
============================================================
Loading data /home/qfchen/ProteinDrugInter/datasets/Kinase/drug_split_results/seed_5678/drug_train.csv......
Columns in the dataset: ['UNIPROT_ID', 'GENE_NAME', 'SEQUENCE', 'GENE_LIST', 'GeneName', 'Compound', 'Kd', 'Label', 'Synonym', 'CompoundCID', 'DRUG_ID', 'isomeric_smiles', 'SMILES', 'MolecularFormula', 'MolecularWeight']
Loaded 8330 valid pairs (time: 118.45s)
Loading data /home/qfchen/ProteinDrugInter/datasets/Kinase/drug_split_results/seed_5678/drug_val.csv......
Columns in the dataset: ['UNIPROT_ID', 'GENE_NAME', 'SEQUENCE', 'GENE_LIST', 'GeneName', 'Compound', 'Kd', 'Label', 'Synonym', 'CompoundCID', 'DRUG_ID', 'isomeric_smiles', 'SMILES', 'MolecularFormula', 'MolecularWeight']
Loaded 1114 valid pairs (time: 16.39s)
Loading data /home/qfchen/ProteinDrugInter/datasets/Kinase/drug_split_results/seed_5678/drug_test.csv......
Columns in the dataset: ['UNIPROT_ID', 'GENE_NAME', 'SEQUENCE', 'GENE_LIST', 'GeneName', 'Compound', 'Kd', 'Label', 'Synonym', 'CompoundCID', 'DRUG_ID', 'isomeric_smiles', 'SMILES', 'MolecularFormula', 'MolecularWeight']
Loaded 2674 valid pairs (time: 37.90s)
[Epoch 1/100] Train Loss: 0.6691 Valid Loss: 0.6744 | Acc: 0.6302 | Prec: 0.6756 | Recall: 0.3907 | F1: 0.4951 | MCC: 0.2569 | AUROC: 0.6918 | AUPR: 0.6505
[Epoch 2/100] Train Loss: 0.5764 Valid Loss: 0.6627 | Acc: 0.6481 | Prec: 0.6771 | Recall: 0.4623 | F1: 0.5494 | MCC: 0.2908 | AUROC: 0.7146 | AUPR: 0.6657
[Epoch 3/100] Train Loss: 0.5384 Valid Loss: 0.6139 | Acc: 0.7101 | Prec: 0.7004 | Recall: 0.6557 | F1: 0.6773 | MCC: 0.4153 | AUROC: 0.7707 | AUPR: 0.6987
[Epoch 4/100] Train Loss: 0.5179 Valid Loss: 0.5887 | Acc: 0.7298 | Prec: 0.7700 | Recall: 0.5957 | F1: 0.6718 | MCC: 0.4591 | AUROC: 0.8012 | AUPR: 0.7551
[Epoch 5/100] Train Loss: 0.4904 Valid Loss: 0.6264 | Acc: 0.6921 | Prec: 0.7559 | Recall: 0.4971 | F1: 0.5998 | MCC: 0.3878 | AUROC: 0.7893 | AUPR: 0.7341
EarlyStopping counter: 1 out of 10
[Epoch 6/100] Train Loss: 0.4802 Valid Loss: 0.5869 | Acc: 0.7298 | Prec: 0.7358 | Recall: 0.6518 | F1: 0.6913 | MCC: 0.4552 | AUROC: 0.7973 | AUPR: 0.7411
EarlyStopping counter: 2 out of 10
[Epoch 7/100] Train Loss: 0.4650 Valid Loss: 0.6311 | Acc: 0.7208 | Prec: 0.6846 | Recall: 0.7389 | F1: 0.7107 | MCC: 0.4429 | AUROC: 0.7759 | AUPR: 0.7154
EarlyStopping counter: 3 out of 10
[Epoch 8/100] Train Loss: 0.4621 Valid Loss: 0.5759 | Acc: 0.7370 | Prec: 0.7353 | Recall: 0.6770 | F1: 0.7049 | MCC: 0.4697 | AUROC: 0.8102 | AUPR: 0.7669
[Epoch 9/100] Train Loss: 0.4483 Valid Loss: 0.5945 | Acc: 0.7316 | Prec: 0.7711 | Recall: 0.5996 | F1: 0.6746 | MCC: 0.4626 | AUROC: 0.8090 | AUPR: 0.7686
EarlyStopping counter: 1 out of 10
[Epoch 10/100] Train Loss: 0.4440 Valid Loss: 0.5992 | Acc: 0.7136 | Prec: 0.7592 | Recall: 0.5609 | F1: 0.6452 | MCC: 0.4274 | AUROC: 0.8050 | AUPR: 0.7655
EarlyStopping counter: 2 out of 10
[Epoch 11/100] Train Loss: 0.4334 Valid Loss: 0.5578 | Acc: 0.7442 | Prec: 0.7648 | Recall: 0.6480 | F1: 0.7016 | MCC: 0.4854 | AUROC: 0.8356 | AUPR: 0.8077
[Epoch 12/100] Train Loss: 0.4271 Valid Loss: 0.5986 | Acc: 0.7307 | Prec: 0.7956 | Recall: 0.5648 | F1: 0.6606 | MCC: 0.4660 | AUROC: 0.8040 | AUPR: 0.7741
EarlyStopping counter: 1 out of 10
[Epoch 13/100] Train Loss: 0.4173 Valid Loss: 0.5842 | Acc: 0.7576 | Prec: 0.7536 | Recall: 0.7099 | F1: 0.7311 | MCC: 0.5116 | AUROC: 0.8102 | AUPR: 0.7584
EarlyStopping counter: 2 out of 10
[Epoch 14/100] Train Loss: 0.4102 Valid Loss: 0.5851 | Acc: 0.7361 | Prec: 0.7308 | Recall: 0.6828 | F1: 0.7060 | MCC: 0.4680 | AUROC: 0.8187 | AUPR: 0.7807
EarlyStopping counter: 3 out of 10
[Epoch 15/100] Train Loss: 0.4078 Valid Loss: 0.5646 | Acc: 0.7540 | Prec: 0.7280 | Recall: 0.7505 | F1: 0.7390 | MCC: 0.5068 | AUROC: 0.8284 | AUPR: 0.7972
EarlyStopping counter: 4 out of 10
[Epoch 16/100] Train Loss: 0.3901 Valid Loss: 0.6423 | Acc: 0.7110 | Prec: 0.7928 | Recall: 0.5106 | F1: 0.6212 | MCC: 0.4304 | AUROC: 0.7837 | AUPR: 0.7533
EarlyStopping counter: 5 out of 10
[Epoch 17/100] Train Loss: 0.3933 Valid Loss: 0.6460 | Acc: 0.7181 | Prec: 0.8142 | Recall: 0.5087 | F1: 0.6262 | MCC: 0.4487 | AUROC: 0.8020 | AUPR: 0.7627
EarlyStopping counter: 6 out of 10
[Epoch 18/100] Train Loss: 0.3574 Valid Loss: 0.6049 | Acc: 0.7549 | Prec: 0.8035 | Recall: 0.6248 | F1: 0.7029 | MCC: 0.5114 | AUROC: 0.8188 | AUPR: 0.7918
EarlyStopping counter: 7 out of 10
[Epoch 19/100] Train Loss: 0.3421 Valid Loss: 0.5978 | Acc: 0.7594 | Prec: 0.8168 | Recall: 0.6209 | F1: 0.7055 | MCC: 0.5221 | AUROC: 0.8246 | AUPR: 0.8070
EarlyStopping counter: 8 out of 10
[Epoch 20/100] Train Loss: 0.3379 Valid Loss: 0.5977 | Acc: 0.7567 | Prec: 0.7887 | Recall: 0.6499 | F1: 0.7126 | MCC: 0.5122 | AUROC: 0.8243 | AUPR: 0.8043
EarlyStopping counter: 9 out of 10
[Epoch 21/100] Train Loss: 0.3329 Valid Loss: 0.6041 | Acc: 0.7675 | Prec: 0.8193 | Recall: 0.6402 | F1: 0.7188 | MCC: 0.5373 | AUROC: 0.8237 | AUPR: 0.8144
EarlyStopping counter: 10 out of 10
Early stopping at epoch 21
Best model at epoch 11 with Score = 0.8356
Seed 5678 Test Results:
[Test] Loss: 0.6499 | Acc: 0.7027 | Prec: 0.7916 | Recall: 0.6028 | F1: 0.6844 | MCC: 0.4267 | AUROC: 0.7844 | AUPR: 0.8107

============================================================
Training Seed 8888
============================================================
Loading data /home/qfchen/ProteinDrugInter/datasets/Kinase/drug_split_results/seed_8888/drug_train.csv......
Columns in the dataset: ['UNIPROT_ID', 'GENE_NAME', 'SEQUENCE', 'GENE_LIST', 'GeneName', 'Compound', 'Kd', 'Label', 'Synonym', 'CompoundCID', 'DRUG_ID', 'isomeric_smiles', 'SMILES', 'MolecularFormula', 'MolecularWeight']
Loaded 8410 valid pairs (time: 118.94s)
Loading data /home/qfchen/ProteinDrugInter/datasets/Kinase/drug_split_results/seed_8888/drug_val.csv......
Columns in the dataset: ['UNIPROT_ID', 'GENE_NAME', 'SEQUENCE', 'GENE_LIST', 'GeneName', 'Compound', 'Kd', 'Label', 'Synonym', 'CompoundCID', 'DRUG_ID', 'isomeric_smiles', 'SMILES', 'MolecularFormula', 'MolecularWeight']
Loaded 1265 valid pairs (time: 18.39s)
Loading data /home/qfchen/ProteinDrugInter/datasets/Kinase/drug_split_results/seed_8888/drug_test.csv......
Columns in the dataset: ['UNIPROT_ID', 'GENE_NAME', 'SEQUENCE', 'GENE_LIST', 'GeneName', 'Compound', 'Kd', 'Label', 'Synonym', 'CompoundCID', 'DRUG_ID', 'isomeric_smiles', 'SMILES', 'MolecularFormula', 'MolecularWeight']
Loaded 2443 valid pairs (time: 34.94s)
[Epoch 1/100] Train Loss: 0.6510 Valid Loss: 0.6517 | Acc: 0.6364 | Prec: 0.6792 | Recall: 0.5538 | F1: 0.6102 | MCC: 0.2810 | AUROC: 0.7062 | AUPR: 0.6838
[Epoch 2/100] Train Loss: 0.5674 Valid Loss: 0.7636 | Acc: 0.5810 | Prec: 0.7655 | Recall: 0.2662 | F1: 0.3950 | MCC: 0.2348 | AUROC: 0.7407 | AUPR: 0.7230
[Epoch 3/100] Train Loss: 0.5323 Valid Loss: 0.6130 | Acc: 0.7162 | Prec: 0.7321 | Recall: 0.7062 | F1: 0.7189 | MCC: 0.4328 | AUROC: 0.7794 | AUPR: 0.7386
[Epoch 4/100] Train Loss: 0.5160 Valid Loss: 0.6106 | Acc: 0.6846 | Prec: 0.7746 | Recall: 0.5446 | F1: 0.6396 | MCC: 0.3924 | AUROC: 0.7936 | AUPR: 0.7809
[Epoch 5/100] Train Loss: 0.4982 Valid Loss: 0.6409 | Acc: 0.6632 | Prec: 0.7500 | Recall: 0.5169 | F1: 0.6120 | MCC: 0.3499 | AUROC: 0.7672 | AUPR: 0.7588
EarlyStopping counter: 1 out of 10
[Epoch 6/100] Train Loss: 0.4812 Valid Loss: 0.5539 | Acc: 0.7644 | Prec: 0.7733 | Recall: 0.7662 | F1: 0.7697 | MCC: 0.5286 | AUROC: 0.8318 | AUPR: 0.8092
[Epoch 7/100] Train Loss: 0.4766 Valid Loss: 0.5741 | Acc: 0.7320 | Prec: 0.7218 | Recall: 0.7785 | F1: 0.7491 | MCC: 0.4639 | AUROC: 0.8017 | AUPR: 0.7963
EarlyStopping counter: 1 out of 10
[Epoch 8/100] Train Loss: 0.4659 Valid Loss: 0.6293 | Acc: 0.6957 | Prec: 0.8177 | Recall: 0.5246 | F1: 0.6392 | MCC: 0.4264 | AUROC: 0.8127 | AUPR: 0.7910
EarlyStopping counter: 2 out of 10
[Epoch 9/100] Train Loss: 0.4555 Valid Loss: 0.5775 | Acc: 0.7257 | Prec: 0.7720 | Recall: 0.6615 | F1: 0.7125 | MCC: 0.4581 | AUROC: 0.8193 | AUPR: 0.8055
EarlyStopping counter: 3 out of 10
[Epoch 10/100] Train Loss: 0.4490 Valid Loss: 0.5569 | Acc: 0.7462 | Prec: 0.7841 | Recall: 0.6985 | F1: 0.7388 | MCC: 0.4968 | AUROC: 0.8292 | AUPR: 0.8126
EarlyStopping counter: 4 out of 10
[Epoch 11/100] Train Loss: 0.4465 Valid Loss: 0.5651 | Acc: 0.7344 | Prec: 0.6972 | Recall: 0.8538 | F1: 0.7676 | MCC: 0.4780 | AUROC: 0.8325 | AUPR: 0.8241
[Epoch 12/100] Train Loss: 0.4365 Valid Loss: 0.5546 | Acc: 0.7486 | Prec: 0.7814 | Recall: 0.7092 | F1: 0.7435 | MCC: 0.5004 | AUROC: 0.8297 | AUPR: 0.8202
EarlyStopping counter: 1 out of 10
[Epoch 13/100] Train Loss: 0.4029 Valid Loss: 0.5404 | Acc: 0.7652 | Prec: 0.8250 | Recall: 0.6892 | F1: 0.7510 | MCC: 0.5400 | AUROC: 0.8552 | AUPR: 0.8514
[Epoch 14/100] Train Loss: 0.3903 Valid Loss: 0.5324 | Acc: 0.7700 | Prec: 0.8133 | Recall: 0.7169 | F1: 0.7621 | MCC: 0.5451 | AUROC: 0.8594 | AUPR: 0.8504
[Epoch 15/100] Train Loss: 0.3841 Valid Loss: 0.5283 | Acc: 0.7810 | Prec: 0.8243 | Recall: 0.7292 | F1: 0.7739 | MCC: 0.5671 | AUROC: 0.8664 | AUPR: 0.8546
[Epoch 16/100] Train Loss: 0.3774 Valid Loss: 0.5353 | Acc: 0.7763 | Prec: 0.8191 | Recall: 0.7246 | F1: 0.7690 | MCC: 0.5576 | AUROC: 0.8610 | AUPR: 0.8547
EarlyStopping counter: 1 out of 10
[Epoch 17/100] Train Loss: 0.3778 Valid Loss: 0.5384 | Acc: 0.7771 | Prec: 0.8217 | Recall: 0.7231 | F1: 0.7692 | MCC: 0.5596 | AUROC: 0.8597 | AUPR: 0.8463
EarlyStopping counter: 2 out of 10
[Epoch 18/100] Train Loss: 0.3723 Valid Loss: 0.5343 | Acc: 0.7802 | Prec: 0.8131 | Recall: 0.7431 | F1: 0.7765 | MCC: 0.5634 | AUROC: 0.8597 | AUPR: 0.8553
EarlyStopping counter: 3 out of 10
[Epoch 19/100] Train Loss: 0.3710 Valid Loss: 0.5473 | Acc: 0.7668 | Prec: 0.8447 | Recall: 0.6692 | F1: 0.7468 | MCC: 0.5485 | AUROC: 0.8649 | AUPR: 0.8559
EarlyStopping counter: 4 out of 10
[Epoch 20/100] Train Loss: 0.3668 Valid Loss: 0.5506 | Acc: 0.7715 | Prec: 0.8438 | Recall: 0.6815 | F1: 0.7540 | MCC: 0.5561 | AUROC: 0.8604 | AUPR: 0.8507
EarlyStopping counter: 5 out of 10
[Epoch 21/100] Train Loss: 0.3625 Valid Loss: 0.5357 | Acc: 0.7874 | Prec: 0.8180 | Recall: 0.7538 | F1: 0.7846 | MCC: 0.5772 | AUROC: 0.8596 | AUPR: 0.8527
EarlyStopping counter: 6 out of 10
[Epoch 22/100] Train Loss: 0.3503 Valid Loss: 0.5320 | Acc: 0.7866 | Prec: 0.8276 | Recall: 0.7385 | F1: 0.7805 | MCC: 0.5776 | AUROC: 0.8650 | AUPR: 0.8609
EarlyStopping counter: 7 out of 10
[Epoch 23/100] Train Loss: 0.3542 Valid Loss: 0.5441 | Acc: 0.7787 | Prec: 0.8401 | Recall: 0.7031 | F1: 0.7655 | MCC: 0.5670 | AUROC: 0.8638 | AUPR: 0.8556
EarlyStopping counter: 8 out of 10
[Epoch 24/100] Train Loss: 0.3519 Valid Loss: 0.5347 | Acc: 0.7866 | Prec: 0.8310 | Recall: 0.7338 | F1: 0.7794 | MCC: 0.5784 | AUROC: 0.8662 | AUPR: 0.8610
EarlyStopping counter: 9 out of 10
[Epoch 25/100] Train Loss: 0.3501 Valid Loss: 0.5337 | Acc: 0.7881 | Prec: 0.8316 | Recall: 0.7369 | F1: 0.7814 | MCC: 0.5813 | AUROC: 0.8651 | AUPR: 0.8612
EarlyStopping counter: 10 out of 10
Early stopping at epoch 25
Best model at epoch 15 with Score = 0.8664
Seed 8888 Test Results:
[Test] Loss: 0.5738 | Acc: 0.7593 | Prec: 0.8131 | Recall: 0.6767 | F1: 0.7387 | MCC: 0.5266 | AUROC: 0.8380 | AUPR: 0.8109

=== Final Test Results (with Mean ± Std) ===
             Accuracy    Precision  ...        AUROC         AUPR
Seed                                ...                          
42              0.751        0.799  ...        0.835        0.821
1234            0.767        0.808  ...        0.841         0.83
3407            0.733        0.754  ...        0.811        0.772
5678            0.703        0.792  ...        0.784        0.811
8888            0.759        0.813  ...        0.838        0.811
Mean±Std  0.743±0.025  0.793±0.023  ...  0.822±0.024  0.809±0.022

[6 rows x 7 columns]
