
=== Configuration ===
device: cpu
seed: 3407
batch_size: 32
epochs: 100
num_workers: 8
learning_rate: 0.0003
weight_decay: 5e-05
patience: 10
task: Kinase
task_lower: kinase
data_prefix: random
======================


============================================================
Training Seed 42
============================================================
Loading data /home/qfchen/ProteinDrugInter/datasets/Kinase/random_split_results/seed_42/random_train.csv......
Columns in the dataset: ['UNIPROT_ID', 'GENE_NAME', 'SEQUENCE', 'GENE_LIST', 'GeneName', 'Compound', 'Kd', 'Label', 'Synonym', 'CompoundCID', 'DRUG_ID', 'isomeric_smiles', 'SMILES', 'MolecularFormula', 'MolecularWeight']
Loaded 8482 valid pairs (time: 123.25s)
Loading data /home/qfchen/ProteinDrugInter/datasets/Kinase/random_split_results/seed_42/random_val.csv......
Columns in the dataset: ['UNIPROT_ID', 'GENE_NAME', 'SEQUENCE', 'GENE_LIST', 'GeneName', 'Compound', 'Kd', 'Label', 'Synonym', 'CompoundCID', 'DRUG_ID', 'isomeric_smiles', 'SMILES', 'MolecularFormula', 'MolecularWeight']
Loaded 1212 valid pairs (time: 18.41s)
Loading data /home/qfchen/ProteinDrugInter/datasets/Kinase/random_split_results/seed_42/random_test.csv......
Columns in the dataset: ['UNIPROT_ID', 'GENE_NAME', 'SEQUENCE', 'GENE_LIST', 'GeneName', 'Compound', 'Kd', 'Label', 'Synonym', 'CompoundCID', 'DRUG_ID', 'isomeric_smiles', 'SMILES', 'MolecularFormula', 'MolecularWeight']
Loaded 2424 valid pairs (time: 35.93s)
[Epoch 1/100] Train Loss: 0.6864 Valid Loss: 0.6653 | Acc: 0.6675 | Prec: 0.6559 | Recall: 0.7252 | F1: 0.6888 | MCC: 0.3357 | AUROC: 0.7146 | AUPR: 0.6844
[Epoch 2/100] Train Loss: 0.6101 Valid Loss: 0.6249 | Acc: 0.6906 | Prec: 0.6467 | Recall: 0.8602 | F1: 0.7383 | MCC: 0.4014 | AUROC: 0.7592 | AUPR: 0.7330
[Epoch 3/100] Train Loss: 0.5623 Valid Loss: 0.5758 | Acc: 0.7417 | Prec: 0.7170 | Recall: 0.8114 | F1: 0.7613 | MCC: 0.4867 | AUROC: 0.8109 | AUPR: 0.7920
[Epoch 4/100] Train Loss: 0.5383 Valid Loss: 0.6476 | Acc: 0.6724 | Prec: 0.8562 | Recall: 0.4260 | F1: 0.5689 | MCC: 0.4054 | AUROC: 0.8322 | AUPR: 0.8214
[Epoch 5/100] Train Loss: 0.5199 Valid Loss: 0.5338 | Acc: 0.7706 | Prec: 0.7662 | Recall: 0.7886 | F1: 0.7772 | MCC: 0.5412 | AUROC: 0.8481 | AUPR: 0.8380
[Epoch 6/100] Train Loss: 0.4991 Valid Loss: 0.5523 | Acc: 0.7517 | Prec: 0.7582 | Recall: 0.7496 | F1: 0.7539 | MCC: 0.5033 | AUROC: 0.8329 | AUPR: 0.8244
EarlyStopping counter: 1 out of 10
[Epoch 7/100] Train Loss: 0.4887 Valid Loss: 0.5259 | Acc: 0.7698 | Prec: 0.7791 | Recall: 0.7626 | F1: 0.7707 | MCC: 0.5398 | AUROC: 0.8571 | AUPR: 0.8478
[Epoch 8/100] Train Loss: 0.4804 Valid Loss: 0.5279 | Acc: 0.7871 | Prec: 0.7576 | Recall: 0.8537 | F1: 0.8028 | MCC: 0.5782 | AUROC: 0.8575 | AUPR: 0.8379
[Epoch 9/100] Train Loss: 0.4666 Valid Loss: 0.4985 | Acc: 0.7871 | Prec: 0.8171 | Recall: 0.7480 | F1: 0.7810 | MCC: 0.5768 | AUROC: 0.8835 | AUPR: 0.8670
[Epoch 10/100] Train Loss: 0.4618 Valid Loss: 0.5187 | Acc: 0.8036 | Prec: 0.7843 | Recall: 0.8455 | F1: 0.8138 | MCC: 0.6086 | AUROC: 0.8648 | AUPR: 0.8433
EarlyStopping counter: 1 out of 10
[Epoch 11/100] Train Loss: 0.4543 Valid Loss: 0.5114 | Acc: 0.7987 | Prec: 0.7654 | Recall: 0.8699 | F1: 0.8143 | MCC: 0.6023 | AUROC: 0.8761 | AUPR: 0.8654
EarlyStopping counter: 2 out of 10
[Epoch 12/100] Train Loss: 0.4474 Valid Loss: 0.4979 | Acc: 0.7995 | Prec: 0.7888 | Recall: 0.8260 | F1: 0.8070 | MCC: 0.5993 | AUROC: 0.8795 | AUPR: 0.8700
EarlyStopping counter: 3 out of 10
[Epoch 13/100] Train Loss: 0.4437 Valid Loss: 0.4899 | Acc: 0.8086 | Prec: 0.8208 | Recall: 0.7967 | F1: 0.8086 | MCC: 0.6175 | AUROC: 0.8863 | AUPR: 0.8752
[Epoch 14/100] Train Loss: 0.4357 Valid Loss: 0.4947 | Acc: 0.8036 | Prec: 0.8497 | Recall: 0.7447 | F1: 0.7938 | MCC: 0.6127 | AUROC: 0.8891 | AUPR: 0.8773
[Epoch 15/100] Train Loss: 0.4272 Valid Loss: 0.5041 | Acc: 0.7954 | Prec: 0.8023 | Recall: 0.7919 | F1: 0.7971 | MCC: 0.5908 | AUROC: 0.8763 | AUPR: 0.8664
EarlyStopping counter: 1 out of 10
[Epoch 16/100] Train Loss: 0.4258 Valid Loss: 0.4871 | Acc: 0.8160 | Prec: 0.7865 | Recall: 0.8748 | F1: 0.8283 | MCC: 0.6355 | AUROC: 0.8939 | AUPR: 0.8809
[Epoch 17/100] Train Loss: 0.4172 Valid Loss: 0.4727 | Acc: 0.8325 | Prec: 0.8259 | Recall: 0.8488 | F1: 0.8372 | MCC: 0.6651 | AUROC: 0.8975 | AUPR: 0.8834
[Epoch 18/100] Train Loss: 0.4141 Valid Loss: 0.4892 | Acc: 0.8135 | Prec: 0.7799 | Recall: 0.8813 | F1: 0.8275 | MCC: 0.6318 | AUROC: 0.8929 | AUPR: 0.8765
EarlyStopping counter: 1 out of 10
[Epoch 19/100] Train Loss: 0.4059 Valid Loss: 0.4765 | Acc: 0.8102 | Prec: 0.8494 | Recall: 0.7610 | F1: 0.8027 | MCC: 0.6245 | AUROC: 0.8984 | AUPR: 0.8921
[Epoch 20/100] Train Loss: 0.3964 Valid Loss: 0.4693 | Acc: 0.8325 | Prec: 0.8209 | Recall: 0.8569 | F1: 0.8385 | MCC: 0.6654 | AUROC: 0.9032 | AUPR: 0.8933
[Epoch 21/100] Train Loss: 0.3918 Valid Loss: 0.4662 | Acc: 0.8342 | Prec: 0.8117 | Recall: 0.8764 | F1: 0.8428 | MCC: 0.6700 | AUROC: 0.9031 | AUPR: 0.8955
EarlyStopping counter: 1 out of 10
[Epoch 22/100] Train Loss: 0.3911 Valid Loss: 0.5447 | Acc: 0.7855 | Prec: 0.7200 | Recall: 0.9447 | F1: 0.8172 | MCC: 0.6001 | AUROC: 0.8909 | AUPR: 0.8781
EarlyStopping counter: 2 out of 10
[Epoch 23/100] Train Loss: 0.3826 Valid Loss: 0.4652 | Acc: 0.8391 | Prec: 0.8134 | Recall: 0.8862 | F1: 0.8482 | MCC: 0.6805 | AUROC: 0.9052 | AUPR: 0.8927
[Epoch 24/100] Train Loss: 0.3768 Valid Loss: 0.4864 | Acc: 0.8276 | Prec: 0.8350 | Recall: 0.8228 | F1: 0.8288 | MCC: 0.6552 | AUROC: 0.8902 | AUPR: 0.8735
EarlyStopping counter: 1 out of 10
[Epoch 25/100] Train Loss: 0.3711 Valid Loss: 0.4852 | Acc: 0.8185 | Prec: 0.7825 | Recall: 0.8894 | F1: 0.8326 | MCC: 0.6424 | AUROC: 0.9059 | AUPR: 0.8965
[Epoch 26/100] Train Loss: 0.3679 Valid Loss: 0.4651 | Acc: 0.8375 | Prec: 0.8495 | Recall: 0.8260 | F1: 0.8376 | MCC: 0.6752 | AUROC: 0.9034 | AUPR: 0.8989
EarlyStopping counter: 1 out of 10
[Epoch 27/100] Train Loss: 0.3635 Valid Loss: 0.4892 | Acc: 0.8284 | Prec: 0.8298 | Recall: 0.8325 | F1: 0.8312 | MCC: 0.6567 | AUROC: 0.8978 | AUPR: 0.8911
EarlyStopping counter: 2 out of 10
[Epoch 28/100] Train Loss: 0.3533 Valid Loss: 0.4698 | Acc: 0.8276 | Prec: 0.8512 | Recall: 0.8000 | F1: 0.8248 | MCC: 0.6566 | AUROC: 0.9046 | AUPR: 0.9002
EarlyStopping counter: 3 out of 10
[Epoch 29/100] Train Loss: 0.3572 Valid Loss: 0.4521 | Acc: 0.8465 | Prec: 0.8357 | Recall: 0.8683 | F1: 0.8517 | MCC: 0.6934 | AUROC: 0.9164 | AUPR: 0.9014
[Epoch 30/100] Train Loss: 0.3479 Valid Loss: 0.4627 | Acc: 0.8391 | Prec: 0.8547 | Recall: 0.8228 | F1: 0.8384 | MCC: 0.6788 | AUROC: 0.9043 | AUPR: 0.8950
EarlyStopping counter: 1 out of 10
[Epoch 31/100] Train Loss: 0.3507 Valid Loss: 0.4950 | Acc: 0.8358 | Prec: 0.7971 | Recall: 0.9073 | F1: 0.8487 | MCC: 0.6776 | AUROC: 0.9050 | AUPR: 0.8912
EarlyStopping counter: 2 out of 10
[Epoch 32/100] Train Loss: 0.3431 Valid Loss: 0.5048 | Acc: 0.8226 | Prec: 0.7933 | Recall: 0.8797 | F1: 0.8342 | MCC: 0.6485 | AUROC: 0.8931 | AUPR: 0.8750
EarlyStopping counter: 3 out of 10
[Epoch 33/100] Train Loss: 0.3442 Valid Loss: 0.4677 | Acc: 0.8540 | Prec: 0.8411 | Recall: 0.8780 | F1: 0.8592 | MCC: 0.7084 | AUROC: 0.9063 | AUPR: 0.8803
EarlyStopping counter: 4 out of 10
[Epoch 34/100] Train Loss: 0.3353 Valid Loss: 0.4797 | Acc: 0.8457 | Prec: 0.8302 | Recall: 0.8748 | F1: 0.8519 | MCC: 0.6921 | AUROC: 0.9033 | AUPR: 0.9009
EarlyStopping counter: 5 out of 10
[Epoch 35/100] Train Loss: 0.3314 Valid Loss: 0.4700 | Acc: 0.8474 | Prec: 0.8238 | Recall: 0.8894 | F1: 0.8554 | MCC: 0.6966 | AUROC: 0.9144 | AUPR: 0.9039
EarlyStopping counter: 6 out of 10
[Epoch 36/100] Train Loss: 0.3015 Valid Loss: 0.4740 | Acc: 0.8548 | Prec: 0.8281 | Recall: 0.9008 | F1: 0.8629 | MCC: 0.7120 | AUROC: 0.9180 | AUPR: 0.9063
[Epoch 37/100] Train Loss: 0.2883 Valid Loss: 0.4678 | Acc: 0.8630 | Prec: 0.8470 | Recall: 0.8911 | F1: 0.8685 | MCC: 0.7268 | AUROC: 0.9171 | AUPR: 0.8997
EarlyStopping counter: 1 out of 10
[Epoch 38/100] Train Loss: 0.2906 Valid Loss: 0.4692 | Acc: 0.8581 | Prec: 0.8331 | Recall: 0.9008 | F1: 0.8656 | MCC: 0.7182 | AUROC: 0.9198 | AUPR: 0.9097
[Epoch 39/100] Train Loss: 0.2854 Valid Loss: 0.4676 | Acc: 0.8564 | Prec: 0.8356 | Recall: 0.8927 | F1: 0.8632 | MCC: 0.7142 | AUROC: 0.9182 | AUPR: 0.9047
EarlyStopping counter: 1 out of 10
[Epoch 40/100] Train Loss: 0.2763 Valid Loss: 0.4819 | Acc: 0.8597 | Prec: 0.8267 | Recall: 0.9154 | F1: 0.8688 | MCC: 0.7233 | AUROC: 0.9163 | AUPR: 0.9054
EarlyStopping counter: 2 out of 10
[Epoch 41/100] Train Loss: 0.2807 Valid Loss: 0.4868 | Acc: 0.8531 | Prec: 0.8237 | Recall: 0.9041 | F1: 0.8620 | MCC: 0.7093 | AUROC: 0.9197 | AUPR: 0.9049
EarlyStopping counter: 3 out of 10
[Epoch 42/100] Train Loss: 0.2765 Valid Loss: 0.5089 | Acc: 0.8383 | Prec: 0.7922 | Recall: 0.9236 | F1: 0.8529 | MCC: 0.6855 | AUROC: 0.9166 | AUPR: 0.9100
EarlyStopping counter: 4 out of 10
[Epoch 43/100] Train Loss: 0.2692 Valid Loss: 0.4868 | Acc: 0.8564 | Prec: 0.8276 | Recall: 0.9057 | F1: 0.8649 | MCC: 0.7157 | AUROC: 0.9171 | AUPR: 0.9006
EarlyStopping counter: 5 out of 10
[Epoch 44/100] Train Loss: 0.2716 Valid Loss: 0.4994 | Acc: 0.8432 | Prec: 0.8040 | Recall: 0.9138 | F1: 0.8554 | MCC: 0.6925 | AUROC: 0.9195 | AUPR: 0.9138
EarlyStopping counter: 6 out of 10
[Epoch 45/100] Train Loss: 0.2743 Valid Loss: 0.4756 | Acc: 0.8614 | Prec: 0.8402 | Recall: 0.8976 | F1: 0.8679 | MCC: 0.7242 | AUROC: 0.9196 | AUPR: 0.9106
EarlyStopping counter: 7 out of 10
[Epoch 46/100] Train Loss: 0.2753 Valid Loss: 0.4983 | Acc: 0.8482 | Prec: 0.8101 | Recall: 0.9154 | F1: 0.8595 | MCC: 0.7019 | AUROC: 0.9136 | AUPR: 0.8916
EarlyStopping counter: 8 out of 10
[Epoch 47/100] Train Loss: 0.2787 Valid Loss: 0.4823 | Acc: 0.8606 | Prec: 0.8441 | Recall: 0.8894 | F1: 0.8662 | MCC: 0.7219 | AUROC: 0.9205 | AUPR: 0.9083
[Epoch 48/100] Train Loss: 0.2702 Valid Loss: 0.4771 | Acc: 0.8614 | Prec: 0.8301 | Recall: 0.9138 | F1: 0.8700 | MCC: 0.7261 | AUROC: 0.9214 | AUPR: 0.9107
[Epoch 49/100] Train Loss: 0.2712 Valid Loss: 0.4842 | Acc: 0.8581 | Prec: 0.8253 | Recall: 0.9138 | F1: 0.8673 | MCC: 0.7199 | AUROC: 0.9187 | AUPR: 0.9076
EarlyStopping counter: 1 out of 10
[Epoch 50/100] Train Loss: 0.2717 Valid Loss: 0.5003 | Acc: 0.8515 | Prec: 0.8175 | Recall: 0.9106 | F1: 0.8615 | MCC: 0.7071 | AUROC: 0.9136 | AUPR: 0.8946
EarlyStopping counter: 2 out of 10
[Epoch 51/100] Train Loss: 0.2678 Valid Loss: 0.4976 | Acc: 0.8540 | Prec: 0.8269 | Recall: 0.9008 | F1: 0.8623 | MCC: 0.7104 | AUROC: 0.9174 | AUPR: 0.9112
EarlyStopping counter: 3 out of 10
[Epoch 52/100] Train Loss: 0.2706 Valid Loss: 0.4855 | Acc: 0.8540 | Prec: 0.8259 | Recall: 0.9024 | F1: 0.8625 | MCC: 0.7106 | AUROC: 0.9187 | AUPR: 0.9000
EarlyStopping counter: 4 out of 10
[Epoch 53/100] Train Loss: 0.2716 Valid Loss: 0.4877 | Acc: 0.8573 | Prec: 0.8318 | Recall: 0.9008 | F1: 0.8649 | MCC: 0.7167 | AUROC: 0.9151 | AUPR: 0.8915
EarlyStopping counter: 5 out of 10
[Epoch 54/100] Train Loss: 0.2758 Valid Loss: 0.4897 | Acc: 0.8573 | Prec: 0.8222 | Recall: 0.9171 | F1: 0.8670 | MCC: 0.7189 | AUROC: 0.9208 | AUPR: 0.9109
EarlyStopping counter: 6 out of 10
[Epoch 55/100] Train Loss: 0.2683 Valid Loss: 0.4815 | Acc: 0.8622 | Prec: 0.8353 | Recall: 0.9073 | F1: 0.8698 | MCC: 0.7268 | AUROC: 0.9198 | AUPR: 0.9020
EarlyStopping counter: 7 out of 10
[Epoch 56/100] Train Loss: 0.2717 Valid Loss: 0.4943 | Acc: 0.8498 | Prec: 0.8236 | Recall: 0.8959 | F1: 0.8583 | MCC: 0.7020 | AUROC: 0.9153 | AUPR: 0.9014
EarlyStopping counter: 8 out of 10
[Epoch 57/100] Train Loss: 0.2720 Valid Loss: 0.4933 | Acc: 0.8564 | Prec: 0.8200 | Recall: 0.9187 | F1: 0.8666 | MCC: 0.7177 | AUROC: 0.9214 | AUPR: 0.9129
EarlyStopping counter: 9 out of 10
[Epoch 58/100] Train Loss: 0.2682 Valid Loss: 0.4927 | Acc: 0.8548 | Prec: 0.8262 | Recall: 0.9041 | F1: 0.8634 | MCC: 0.7124 | AUROC: 0.9156 | AUPR: 0.9040
EarlyStopping counter: 10 out of 10
Early stopping at epoch 58
Best model at epoch 57 with Score = 0.9214
Seed 42 Test Results:
[Test] Loss: 0.5016 | Acc: 0.8490 | Prec: 0.8041 | Recall: 0.9274 | F1: 0.8614 | MCC: 0.7060 | AUROC: 0.9231 | AUPR: 0.9083

============================================================
Training Seed 1234
============================================================
Loading data /home/qfchen/ProteinDrugInter/datasets/Kinase/random_split_results/seed_1234/random_train.csv......
Columns in the dataset: ['UNIPROT_ID', 'GENE_NAME', 'SEQUENCE', 'GENE_LIST', 'GeneName', 'Compound', 'Kd', 'Label', 'Synonym', 'CompoundCID', 'DRUG_ID', 'isomeric_smiles', 'SMILES', 'MolecularFormula', 'MolecularWeight']
Loaded 8482 valid pairs (time: 116.57s)
Loading data /home/qfchen/ProteinDrugInter/datasets/Kinase/random_split_results/seed_1234/random_val.csv......
Columns in the dataset: ['UNIPROT_ID', 'GENE_NAME', 'SEQUENCE', 'GENE_LIST', 'GeneName', 'Compound', 'Kd', 'Label', 'Synonym', 'CompoundCID', 'DRUG_ID', 'isomeric_smiles', 'SMILES', 'MolecularFormula', 'MolecularWeight']
Loaded 1212 valid pairs (time: 16.86s)
Loading data /home/qfchen/ProteinDrugInter/datasets/Kinase/random_split_results/seed_1234/random_test.csv......
Columns in the dataset: ['UNIPROT_ID', 'GENE_NAME', 'SEQUENCE', 'GENE_LIST', 'GeneName', 'Compound', 'Kd', 'Label', 'Synonym', 'CompoundCID', 'DRUG_ID', 'isomeric_smiles', 'SMILES', 'MolecularFormula', 'MolecularWeight']
Loaded 2424 valid pairs (time: 33.86s)
[Epoch 1/100] Train Loss: 0.6711 Valid Loss: 0.6407 | Acc: 0.6700 | Prec: 0.7089 | Recall: 0.5674 | F1: 0.6303 | MCC: 0.3457 | AUROC: 0.7330 | AUPR: 0.6921
[Epoch 2/100] Train Loss: 0.5877 Valid Loss: 0.5736 | Acc: 0.7591 | Prec: 0.7696 | Recall: 0.7338 | F1: 0.7513 | MCC: 0.5185 | AUROC: 0.8132 | AUPR: 0.7821
[Epoch 3/100] Train Loss: 0.5527 Valid Loss: 0.5448 | Acc: 0.7698 | Prec: 0.8073 | Recall: 0.7038 | F1: 0.7520 | MCC: 0.5435 | AUROC: 0.8460 | AUPR: 0.8295
[Epoch 4/100] Train Loss: 0.5262 Valid Loss: 0.6669 | Acc: 0.7261 | Prec: 0.6595 | Recall: 0.9251 | F1: 0.7701 | MCC: 0.4948 | AUROC: 0.8315 | AUPR: 0.7979
EarlyStopping counter: 1 out of 10
[Epoch 5/100] Train Loss: 0.5098 Valid Loss: 0.5163 | Acc: 0.8012 | Prec: 0.7663 | Recall: 0.8619 | F1: 0.8113 | MCC: 0.6073 | AUROC: 0.8650 | AUPR: 0.8398
[Epoch 6/100] Train Loss: 0.4962 Valid Loss: 0.5349 | Acc: 0.7863 | Prec: 0.7227 | Recall: 0.9235 | F1: 0.8108 | MCC: 0.5965 | AUROC: 0.8754 | AUPR: 0.8625
[Epoch 7/100] Train Loss: 0.4853 Valid Loss: 0.5126 | Acc: 0.8094 | Prec: 0.7673 | Recall: 0.8835 | F1: 0.8213 | MCC: 0.6263 | AUROC: 0.8722 | AUPR: 0.8534
EarlyStopping counter: 1 out of 10
[Epoch 8/100] Train Loss: 0.4762 Valid Loss: 0.5148 | Acc: 0.7954 | Prec: 0.7482 | Recall: 0.8852 | F1: 0.8110 | MCC: 0.6013 | AUROC: 0.8786 | AUPR: 0.8570
[Epoch 9/100] Train Loss: 0.4685 Valid Loss: 0.5025 | Acc: 0.8078 | Prec: 0.7977 | Recall: 0.8203 | F1: 0.8089 | MCC: 0.6158 | AUROC: 0.8751 | AUPR: 0.8643
EarlyStopping counter: 1 out of 10
[Epoch 10/100] Train Loss: 0.4599 Valid Loss: 0.4838 | Acc: 0.8210 | Prec: 0.8127 | Recall: 0.8303 | F1: 0.8214 | MCC: 0.6421 | AUROC: 0.8894 | AUPR: 0.8743
[Epoch 11/100] Train Loss: 0.4480 Valid Loss: 0.4974 | Acc: 0.8218 | Prec: 0.8752 | Recall: 0.7471 | F1: 0.8061 | MCC: 0.6500 | AUROC: 0.8969 | AUPR: 0.8872
[Epoch 12/100] Train Loss: 0.4482 Valid Loss: 0.4713 | Acc: 0.8267 | Prec: 0.8600 | Recall: 0.7770 | F1: 0.8164 | MCC: 0.6562 | AUROC: 0.9046 | AUPR: 0.8949
[Epoch 13/100] Train Loss: 0.4367 Valid Loss: 0.4663 | Acc: 0.8416 | Prec: 0.8437 | Recall: 0.8353 | F1: 0.8395 | MCC: 0.6832 | AUROC: 0.9010 | AUPR: 0.8866
EarlyStopping counter: 1 out of 10
[Epoch 14/100] Train Loss: 0.4317 Valid Loss: 0.5016 | Acc: 0.8135 | Prec: 0.9067 | Recall: 0.6955 | F1: 0.7872 | MCC: 0.6438 | AUROC: 0.9038 | AUPR: 0.8909
EarlyStopping counter: 2 out of 10
[Epoch 15/100] Train Loss: 0.4207 Valid Loss: 0.4907 | Acc: 0.8168 | Prec: 0.7876 | Recall: 0.8636 | F1: 0.8238 | MCC: 0.6368 | AUROC: 0.8857 | AUPR: 0.8563
EarlyStopping counter: 3 out of 10
[Epoch 16/100] Train Loss: 0.4183 Valid Loss: 0.4609 | Acc: 0.8424 | Prec: 0.8154 | Recall: 0.8819 | F1: 0.8473 | MCC: 0.6873 | AUROC: 0.9043 | AUPR: 0.8947
EarlyStopping counter: 4 out of 10
[Epoch 17/100] Train Loss: 0.4131 Valid Loss: 0.5035 | Acc: 0.8201 | Prec: 0.7796 | Recall: 0.8885 | F1: 0.8305 | MCC: 0.6469 | AUROC: 0.8841 | AUPR: 0.8611
EarlyStopping counter: 5 out of 10
[Epoch 18/100] Train Loss: 0.4108 Valid Loss: 0.4621 | Acc: 0.8457 | Prec: 0.8080 | Recall: 0.9035 | F1: 0.8531 | MCC: 0.6965 | AUROC: 0.9061 | AUPR: 0.8826
[Epoch 19/100] Train Loss: 0.4057 Valid Loss: 0.4664 | Acc: 0.8325 | Prec: 0.8592 | Recall: 0.7920 | F1: 0.8242 | MCC: 0.6668 | AUROC: 0.9084 | AUPR: 0.8987
[Epoch 20/100] Train Loss: 0.3986 Valid Loss: 0.4672 | Acc: 0.8300 | Prec: 0.8275 | Recall: 0.8303 | F1: 0.8289 | MCC: 0.6601 | AUROC: 0.9009 | AUPR: 0.8928
EarlyStopping counter: 1 out of 10
[Epoch 21/100] Train Loss: 0.3926 Valid Loss: 0.4719 | Acc: 0.8251 | Prec: 0.7791 | Recall: 0.9035 | F1: 0.8367 | MCC: 0.6589 | AUROC: 0.9073 | AUPR: 0.8972
EarlyStopping counter: 2 out of 10
[Epoch 22/100] Train Loss: 0.3925 Valid Loss: 0.4654 | Acc: 0.8342 | Prec: 0.8676 | Recall: 0.7854 | F1: 0.8245 | MCC: 0.6710 | AUROC: 0.9114 | AUPR: 0.8988
[Epoch 23/100] Train Loss: 0.3605 Valid Loss: 0.4357 | Acc: 0.8589 | Prec: 0.8502 | Recall: 0.8686 | F1: 0.8593 | MCC: 0.7180 | AUROC: 0.9217 | AUPR: 0.9054
[Epoch 24/100] Train Loss: 0.3469 Valid Loss: 0.4440 | Acc: 0.8573 | Prec: 0.8429 | Recall: 0.8752 | F1: 0.8588 | MCC: 0.7151 | AUROC: 0.9150 | AUPR: 0.8934
EarlyStopping counter: 1 out of 10
[Epoch 25/100] Train Loss: 0.3357 Valid Loss: 0.4392 | Acc: 0.8498 | Prec: 0.8363 | Recall: 0.8669 | F1: 0.8513 | MCC: 0.7002 | AUROC: 0.9222 | AUPR: 0.9110
[Epoch 26/100] Train Loss: 0.3382 Valid Loss: 0.4364 | Acc: 0.8614 | Prec: 0.8602 | Recall: 0.8602 | F1: 0.8602 | MCC: 0.7228 | AUROC: 0.9242 | AUPR: 0.9089
[Epoch 27/100] Train Loss: 0.3317 Valid Loss: 0.4413 | Acc: 0.8573 | Prec: 0.8508 | Recall: 0.8636 | F1: 0.8571 | MCC: 0.7146 | AUROC: 0.9226 | AUPR: 0.9095
EarlyStopping counter: 1 out of 10
[Epoch 28/100] Train Loss: 0.3283 Valid Loss: 0.4432 | Acc: 0.8614 | Prec: 0.8498 | Recall: 0.8752 | F1: 0.8623 | MCC: 0.7231 | AUROC: 0.9213 | AUPR: 0.9118
EarlyStopping counter: 2 out of 10
[Epoch 29/100] Train Loss: 0.3287 Valid Loss: 0.4411 | Acc: 0.8630 | Prec: 0.8480 | Recall: 0.8819 | F1: 0.8646 | MCC: 0.7267 | AUROC: 0.9229 | AUPR: 0.9080
EarlyStopping counter: 3 out of 10
[Epoch 30/100] Train Loss: 0.3185 Valid Loss: 0.4449 | Acc: 0.8556 | Prec: 0.8370 | Recall: 0.8802 | F1: 0.8581 | MCC: 0.7123 | AUROC: 0.9211 | AUPR: 0.9065
EarlyStopping counter: 4 out of 10
[Epoch 31/100] Train Loss: 0.3204 Valid Loss: 0.4434 | Acc: 0.8622 | Prec: 0.8511 | Recall: 0.8752 | F1: 0.8630 | MCC: 0.7248 | AUROC: 0.9220 | AUPR: 0.9026
EarlyStopping counter: 5 out of 10
[Epoch 32/100] Train Loss: 0.3242 Valid Loss: 0.4395 | Acc: 0.8573 | Prec: 0.8463 | Recall: 0.8702 | F1: 0.8581 | MCC: 0.7148 | AUROC: 0.9243 | AUPR: 0.9042
[Epoch 33/100] Train Loss: 0.3169 Valid Loss: 0.4360 | Acc: 0.8647 | Prec: 0.8660 | Recall: 0.8602 | F1: 0.8631 | MCC: 0.7294 | AUROC: 0.9255 | AUPR: 0.9117
[Epoch 34/100] Train Loss: 0.3154 Valid Loss: 0.4495 | Acc: 0.8573 | Prec: 0.8567 | Recall: 0.8552 | F1: 0.8560 | MCC: 0.7145 | AUROC: 0.9183 | AUPR: 0.8978
EarlyStopping counter: 1 out of 10
[Epoch 35/100] Train Loss: 0.3179 Valid Loss: 0.4390 | Acc: 0.8556 | Prec: 0.8403 | Recall: 0.8752 | F1: 0.8574 | MCC: 0.7119 | AUROC: 0.9250 | AUPR: 0.9089
EarlyStopping counter: 2 out of 10
[Epoch 36/100] Train Loss: 0.3165 Valid Loss: 0.4434 | Acc: 0.8589 | Prec: 0.8446 | Recall: 0.8769 | F1: 0.8604 | MCC: 0.7184 | AUROC: 0.9232 | AUPR: 0.9045
EarlyStopping counter: 3 out of 10
[Epoch 37/100] Train Loss: 0.3182 Valid Loss: 0.4395 | Acc: 0.8581 | Prec: 0.8545 | Recall: 0.8602 | F1: 0.8574 | MCC: 0.7162 | AUROC: 0.9247 | AUPR: 0.9193
EarlyStopping counter: 4 out of 10
[Epoch 38/100] Train Loss: 0.3180 Valid Loss: 0.4432 | Acc: 0.8531 | Prec: 0.8310 | Recall: 0.8835 | F1: 0.8565 | MCC: 0.7078 | AUROC: 0.9234 | AUPR: 0.9084
EarlyStopping counter: 5 out of 10
[Epoch 39/100] Train Loss: 0.3204 Valid Loss: 0.4391 | Acc: 0.8622 | Prec: 0.8434 | Recall: 0.8869 | F1: 0.8646 | MCC: 0.7255 | AUROC: 0.9265 | AUPR: 0.9213
[Epoch 40/100] Train Loss: 0.3158 Valid Loss: 0.4364 | Acc: 0.8663 | Prec: 0.8592 | Recall: 0.8735 | F1: 0.8663 | MCC: 0.7328 | AUROC: 0.9241 | AUPR: 0.9094
EarlyStopping counter: 1 out of 10
[Epoch 41/100] Train Loss: 0.3150 Valid Loss: 0.4395 | Acc: 0.8647 | Prec: 0.8530 | Recall: 0.8785 | F1: 0.8656 | MCC: 0.7297 | AUROC: 0.9245 | AUPR: 0.9106
EarlyStopping counter: 2 out of 10
[Epoch 42/100] Train Loss: 0.3167 Valid Loss: 0.4440 | Acc: 0.8564 | Prec: 0.8438 | Recall: 0.8719 | F1: 0.8576 | MCC: 0.7133 | AUROC: 0.9214 | AUPR: 0.9090
EarlyStopping counter: 3 out of 10
[Epoch 43/100] Train Loss: 0.3183 Valid Loss: 0.4453 | Acc: 0.8597 | Prec: 0.8539 | Recall: 0.8652 | F1: 0.8595 | MCC: 0.7195 | AUROC: 0.9202 | AUPR: 0.8991
EarlyStopping counter: 4 out of 10
[Epoch 44/100] Train Loss: 0.3118 Valid Loss: 0.4455 | Acc: 0.8622 | Prec: 0.8455 | Recall: 0.8835 | F1: 0.8641 | MCC: 0.7252 | AUROC: 0.9211 | AUPR: 0.9046
EarlyStopping counter: 5 out of 10
[Epoch 45/100] Train Loss: 0.3177 Valid Loss: 0.4397 | Acc: 0.8630 | Prec: 0.8571 | Recall: 0.8686 | F1: 0.8628 | MCC: 0.7261 | AUROC: 0.9255 | AUPR: 0.9083
EarlyStopping counter: 6 out of 10
[Epoch 46/100] Train Loss: 0.3109 Valid Loss: 0.4383 | Acc: 0.8622 | Prec: 0.8569 | Recall: 0.8669 | F1: 0.8619 | MCC: 0.7245 | AUROC: 0.9245 | AUPR: 0.9039
EarlyStopping counter: 7 out of 10
[Epoch 47/100] Train Loss: 0.3131 Valid Loss: 0.4359 | Acc: 0.8589 | Prec: 0.8424 | Recall: 0.8802 | F1: 0.8609 | MCC: 0.7186 | AUROC: 0.9249 | AUPR: 0.9078
EarlyStopping counter: 8 out of 10
[Epoch 48/100] Train Loss: 0.3113 Valid Loss: 0.4450 | Acc: 0.8589 | Prec: 0.8548 | Recall: 0.8619 | F1: 0.8583 | MCC: 0.7178 | AUROC: 0.9203 | AUPR: 0.9069
EarlyStopping counter: 9 out of 10
[Epoch 49/100] Train Loss: 0.3131 Valid Loss: 0.4354 | Acc: 0.8639 | Prec: 0.8574 | Recall: 0.8702 | F1: 0.8637 | MCC: 0.7278 | AUROC: 0.9265 | AUPR: 0.9170
EarlyStopping counter: 10 out of 10
Early stopping at epoch 49
Best model at epoch 49 with Score = 0.9265
Seed 1234 Test Results:
[Test] Loss: 0.4446 | Acc: 0.8535 | Prec: 0.8683 | Recall: 0.8410 | F1: 0.8544 | MCC: 0.7075 | AUROC: 0.9260 | AUPR: 0.9282

============================================================
Training Seed 3407
============================================================
Loading data /home/qfchen/ProteinDrugInter/datasets/Kinase/random_split_results/seed_3407/random_train.csv......
Columns in the dataset: ['UNIPROT_ID', 'GENE_NAME', 'SEQUENCE', 'GENE_LIST', 'GeneName', 'Compound', 'Kd', 'Label', 'Synonym', 'CompoundCID', 'DRUG_ID', 'isomeric_smiles', 'SMILES', 'MolecularFormula', 'MolecularWeight']
Loaded 8482 valid pairs (time: 116.80s)
Loading data /home/qfchen/ProteinDrugInter/datasets/Kinase/random_split_results/seed_3407/random_val.csv......
Columns in the dataset: ['UNIPROT_ID', 'GENE_NAME', 'SEQUENCE', 'GENE_LIST', 'GeneName', 'Compound', 'Kd', 'Label', 'Synonym', 'CompoundCID', 'DRUG_ID', 'isomeric_smiles', 'SMILES', 'MolecularFormula', 'MolecularWeight']
Loaded 1212 valid pairs (time: 16.95s)
Loading data /home/qfchen/ProteinDrugInter/datasets/Kinase/random_split_results/seed_3407/random_test.csv......
Columns in the dataset: ['UNIPROT_ID', 'GENE_NAME', 'SEQUENCE', 'GENE_LIST', 'GeneName', 'Compound', 'Kd', 'Label', 'Synonym', 'CompoundCID', 'DRUG_ID', 'isomeric_smiles', 'SMILES', 'MolecularFormula', 'MolecularWeight']
Loaded 2424 valid pairs (time: 33.80s)
[Epoch 1/100] Train Loss: 0.6532 Valid Loss: 0.7307 | Acc: 0.6246 | Prec: 0.8188 | Recall: 0.3683 | F1: 0.5081 | MCC: 0.3262 | AUROC: 0.7499 | AUPR: 0.7633
[Epoch 2/100] Train Loss: 0.5720 Valid Loss: 0.5527 | Acc: 0.7665 | Prec: 0.7653 | Recall: 0.8025 | F1: 0.7835 | MCC: 0.5311 | AUROC: 0.8294 | AUPR: 0.8336
[Epoch 3/100] Train Loss: 0.5389 Valid Loss: 0.6010 | Acc: 0.7079 | Prec: 0.8302 | Recall: 0.5596 | F1: 0.6685 | MCC: 0.4512 | AUROC: 0.8241 | AUPR: 0.8303
EarlyStopping counter: 1 out of 10
[Epoch 4/100] Train Loss: 0.5222 Valid Loss: 0.5509 | Acc: 0.7574 | Prec: 0.8282 | Recall: 0.6803 | F1: 0.7470 | MCC: 0.5276 | AUROC: 0.8468 | AUPR: 0.8585
[Epoch 5/100] Train Loss: 0.5009 Valid Loss: 0.5264 | Acc: 0.7748 | Prec: 0.7361 | Recall: 0.8918 | F1: 0.8065 | MCC: 0.5573 | AUROC: 0.8678 | AUPR: 0.8762
[Epoch 6/100] Train Loss: 0.4922 Valid Loss: 0.5413 | Acc: 0.7665 | Prec: 0.7504 | Recall: 0.8339 | F1: 0.7899 | MCC: 0.5325 | AUROC: 0.8461 | AUPR: 0.8526
EarlyStopping counter: 1 out of 10
[Epoch 7/100] Train Loss: 0.4796 Valid Loss: 0.5248 | Acc: 0.7781 | Prec: 0.8475 | Recall: 0.7053 | F1: 0.7699 | MCC: 0.5678 | AUROC: 0.8724 | AUPR: 0.8785
[Epoch 8/100] Train Loss: 0.4692 Valid Loss: 0.5124 | Acc: 0.7830 | Prec: 0.8403 | Recall: 0.7257 | F1: 0.7788 | MCC: 0.5740 | AUROC: 0.8768 | AUPR: 0.8757
[Epoch 9/100] Train Loss: 0.4591 Valid Loss: 0.4909 | Acc: 0.8168 | Prec: 0.7889 | Recall: 0.8903 | F1: 0.8365 | MCC: 0.6360 | AUROC: 0.8880 | AUPR: 0.8916
[Epoch 10/100] Train Loss: 0.4510 Valid Loss: 0.5129 | Acc: 0.7913 | Prec: 0.7966 | Recall: 0.8103 | F1: 0.8034 | MCC: 0.5810 | AUROC: 0.8704 | AUPR: 0.8672
EarlyStopping counter: 1 out of 10
[Epoch 11/100] Train Loss: 0.4383 Valid Loss: 0.4741 | Acc: 0.8226 | Prec: 0.8331 | Recall: 0.8292 | F1: 0.8311 | MCC: 0.6443 | AUROC: 0.8954 | AUPR: 0.8978
[Epoch 12/100] Train Loss: 0.4368 Valid Loss: 0.5329 | Acc: 0.7847 | Prec: 0.7307 | Recall: 0.9357 | F1: 0.8206 | MCC: 0.5885 | AUROC: 0.8836 | AUPR: 0.8859
EarlyStopping counter: 1 out of 10
[Epoch 13/100] Train Loss: 0.4336 Valid Loss: 0.4636 | Acc: 0.8309 | Prec: 0.8295 | Recall: 0.8542 | F1: 0.8417 | MCC: 0.6605 | AUROC: 0.9031 | AUPR: 0.9086
[Epoch 14/100] Train Loss: 0.4226 Valid Loss: 0.4724 | Acc: 0.8333 | Prec: 0.8105 | Recall: 0.8918 | F1: 0.8493 | MCC: 0.6677 | AUROC: 0.9002 | AUPR: 0.9051
EarlyStopping counter: 1 out of 10
[Epoch 15/100] Train Loss: 0.4167 Valid Loss: 0.4584 | Acc: 0.8366 | Prec: 0.8354 | Recall: 0.8589 | F1: 0.8470 | MCC: 0.6721 | AUROC: 0.9078 | AUPR: 0.9061
[Epoch 16/100] Train Loss: 0.4109 Valid Loss: 0.4810 | Acc: 0.8185 | Prec: 0.7895 | Recall: 0.8934 | F1: 0.8382 | MCC: 0.6396 | AUROC: 0.8990 | AUPR: 0.8936
EarlyStopping counter: 1 out of 10
[Epoch 17/100] Train Loss: 0.4002 Valid Loss: 0.4667 | Acc: 0.8218 | Prec: 0.8297 | Recall: 0.8323 | F1: 0.8310 | MCC: 0.6425 | AUROC: 0.9006 | AUPR: 0.8988
EarlyStopping counter: 2 out of 10
[Epoch 18/100] Train Loss: 0.3973 Valid Loss: 0.4567 | Acc: 0.8333 | Prec: 0.8720 | Recall: 0.8009 | F1: 0.8350 | MCC: 0.6697 | AUROC: 0.9115 | AUPR: 0.9149
[Epoch 19/100] Train Loss: 0.3966 Valid Loss: 0.4482 | Acc: 0.8350 | Prec: 0.8454 | Recall: 0.8401 | F1: 0.8428 | MCC: 0.6692 | AUROC: 0.9146 | AUPR: 0.9209
[Epoch 20/100] Train Loss: 0.3852 Valid Loss: 0.4618 | Acc: 0.8399 | Prec: 0.8227 | Recall: 0.8871 | F1: 0.8537 | MCC: 0.6799 | AUROC: 0.9063 | AUPR: 0.9071
EarlyStopping counter: 1 out of 10
[Epoch 21/100] Train Loss: 0.3796 Valid Loss: 0.4508 | Acc: 0.8482 | Prec: 0.8348 | Recall: 0.8871 | F1: 0.8602 | MCC: 0.6960 | AUROC: 0.9117 | AUPR: 0.9105
EarlyStopping counter: 2 out of 10
[Epoch 22/100] Train Loss: 0.3752 Valid Loss: 0.4624 | Acc: 0.8366 | Prec: 0.8333 | Recall: 0.8621 | F1: 0.8475 | MCC: 0.6722 | AUROC: 0.9086 | AUPR: 0.9116
EarlyStopping counter: 3 out of 10
[Epoch 23/100] Train Loss: 0.3741 Valid Loss: 0.4714 | Acc: 0.8416 | Prec: 0.8186 | Recall: 0.8981 | F1: 0.8565 | MCC: 0.6842 | AUROC: 0.9010 | AUPR: 0.8940
EarlyStopping counter: 4 out of 10
[Epoch 24/100] Train Loss: 0.3666 Valid Loss: 0.4595 | Acc: 0.8391 | Prec: 0.8272 | Recall: 0.8777 | F1: 0.8517 | MCC: 0.6776 | AUROC: 0.9107 | AUPR: 0.9158
EarlyStopping counter: 5 out of 10
[Epoch 25/100] Train Loss: 0.3646 Valid Loss: 0.4691 | Acc: 0.8333 | Prec: 0.7930 | Recall: 0.9248 | F1: 0.8538 | MCC: 0.6732 | AUROC: 0.9144 | AUPR: 0.9126
EarlyStopping counter: 6 out of 10
[Epoch 26/100] Train Loss: 0.3362 Valid Loss: 0.4360 | Acc: 0.8647 | Prec: 0.8569 | Recall: 0.8918 | F1: 0.8740 | MCC: 0.7287 | AUROC: 0.9228 | AUPR: 0.9194
[Epoch 27/100] Train Loss: 0.3177 Valid Loss: 0.4466 | Acc: 0.8540 | Prec: 0.8385 | Recall: 0.8950 | F1: 0.8658 | MCC: 0.7078 | AUROC: 0.9234 | AUPR: 0.9244
[Epoch 28/100] Train Loss: 0.3173 Valid Loss: 0.4420 | Acc: 0.8630 | Prec: 0.8512 | Recall: 0.8966 | F1: 0.8733 | MCC: 0.7256 | AUROC: 0.9230 | AUPR: 0.9241
EarlyStopping counter: 1 out of 10
[Epoch 29/100] Train Loss: 0.3071 Valid Loss: 0.4505 | Acc: 0.8531 | Prec: 0.8382 | Recall: 0.8934 | F1: 0.8649 | MCC: 0.7061 | AUROC: 0.9243 | AUPR: 0.9264
[Epoch 30/100] Train Loss: 0.3060 Valid Loss: 0.4485 | Acc: 0.8647 | Prec: 0.8569 | Recall: 0.8918 | F1: 0.8740 | MCC: 0.7287 | AUROC: 0.9209 | AUPR: 0.9175
EarlyStopping counter: 1 out of 10
[Epoch 31/100] Train Loss: 0.3019 Valid Loss: 0.4592 | Acc: 0.8548 | Prec: 0.8319 | Recall: 0.9075 | F1: 0.8681 | MCC: 0.7106 | AUROC: 0.9224 | AUPR: 0.9273
EarlyStopping counter: 2 out of 10
[Epoch 32/100] Train Loss: 0.3007 Valid Loss: 0.4473 | Acc: 0.8622 | Prec: 0.8499 | Recall: 0.8966 | F1: 0.8726 | MCC: 0.7240 | AUROC: 0.9256 | AUPR: 0.9291
[Epoch 33/100] Train Loss: 0.2914 Valid Loss: 0.4575 | Acc: 0.8523 | Prec: 0.8274 | Recall: 0.9091 | F1: 0.8663 | MCC: 0.7060 | AUROC: 0.9216 | AUPR: 0.9199
EarlyStopping counter: 1 out of 10
[Epoch 34/100] Train Loss: 0.2945 Valid Loss: 0.4594 | Acc: 0.8597 | Prec: 0.8382 | Recall: 0.9091 | F1: 0.8722 | MCC: 0.7203 | AUROC: 0.9238 | AUPR: 0.9222
EarlyStopping counter: 2 out of 10
[Epoch 35/100] Train Loss: 0.2929 Valid Loss: 0.4505 | Acc: 0.8614 | Prec: 0.8476 | Recall: 0.8981 | F1: 0.8721 | MCC: 0.7225 | AUROC: 0.9237 | AUPR: 0.9258
EarlyStopping counter: 3 out of 10
[Epoch 36/100] Train Loss: 0.2932 Valid Loss: 0.4670 | Acc: 0.8573 | Prec: 0.8326 | Recall: 0.9122 | F1: 0.8706 | MCC: 0.7159 | AUROC: 0.9228 | AUPR: 0.9217
EarlyStopping counter: 4 out of 10
[Epoch 37/100] Train Loss: 0.2931 Valid Loss: 0.4693 | Acc: 0.8507 | Prec: 0.8214 | Recall: 0.9154 | F1: 0.8658 | MCC: 0.7038 | AUROC: 0.9221 | AUPR: 0.9159
EarlyStopping counter: 5 out of 10
[Epoch 38/100] Train Loss: 0.2894 Valid Loss: 0.4550 | Acc: 0.8614 | Prec: 0.8406 | Recall: 0.9091 | F1: 0.8735 | MCC: 0.7234 | AUROC: 0.9231 | AUPR: 0.9182
EarlyStopping counter: 6 out of 10
[Epoch 39/100] Train Loss: 0.2908 Valid Loss: 0.4540 | Acc: 0.8639 | Prec: 0.8493 | Recall: 0.9013 | F1: 0.8745 | MCC: 0.7276 | AUROC: 0.9232 | AUPR: 0.9250
EarlyStopping counter: 7 out of 10
[Epoch 40/100] Train Loss: 0.2885 Valid Loss: 0.4442 | Acc: 0.8647 | Prec: 0.8496 | Recall: 0.9028 | F1: 0.8754 | MCC: 0.7293 | AUROC: 0.9246 | AUPR: 0.9246
EarlyStopping counter: 8 out of 10
[Epoch 41/100] Train Loss: 0.2887 Valid Loss: 0.4582 | Acc: 0.8630 | Prec: 0.8533 | Recall: 0.8934 | F1: 0.8729 | MCC: 0.7255 | AUROC: 0.9189 | AUPR: 0.9142
EarlyStopping counter: 9 out of 10
[Epoch 42/100] Train Loss: 0.2920 Valid Loss: 0.4634 | Acc: 0.8515 | Prec: 0.8244 | Recall: 0.9122 | F1: 0.8661 | MCC: 0.7049 | AUROC: 0.9279 | AUPR: 0.9293
[Epoch 43/100] Train Loss: 0.2928 Valid Loss: 0.4698 | Acc: 0.8498 | Prec: 0.8220 | Recall: 0.9122 | F1: 0.8648 | MCC: 0.7018 | AUROC: 0.9235 | AUPR: 0.9209
EarlyStopping counter: 1 out of 10
[Epoch 44/100] Train Loss: 0.2924 Valid Loss: 0.4475 | Acc: 0.8672 | Prec: 0.8576 | Recall: 0.8966 | F1: 0.8766 | MCC: 0.7338 | AUROC: 0.9247 | AUPR: 0.9215
EarlyStopping counter: 2 out of 10
[Epoch 45/100] Train Loss: 0.2929 Valid Loss: 0.4495 | Acc: 0.8655 | Prec: 0.8519 | Recall: 0.9013 | F1: 0.8759 | MCC: 0.7308 | AUROC: 0.9260 | AUPR: 0.9331
EarlyStopping counter: 3 out of 10
[Epoch 46/100] Train Loss: 0.2920 Valid Loss: 0.4755 | Acc: 0.8498 | Prec: 0.8248 | Recall: 0.9075 | F1: 0.8642 | MCC: 0.7011 | AUROC: 0.9178 | AUPR: 0.9149
EarlyStopping counter: 4 out of 10
[Epoch 47/100] Train Loss: 0.2896 Valid Loss: 0.4555 | Acc: 0.8606 | Prec: 0.8423 | Recall: 0.9044 | F1: 0.8723 | MCC: 0.7214 | AUROC: 0.9242 | AUPR: 0.9183
EarlyStopping counter: 5 out of 10
[Epoch 48/100] Train Loss: 0.2911 Valid Loss: 0.4599 | Acc: 0.8548 | Prec: 0.8319 | Recall: 0.9075 | F1: 0.8681 | MCC: 0.7106 | AUROC: 0.9251 | AUPR: 0.9217
EarlyStopping counter: 6 out of 10
[Epoch 49/100] Train Loss: 0.2936 Valid Loss: 0.4667 | Acc: 0.8540 | Prec: 0.8288 | Recall: 0.9107 | F1: 0.8678 | MCC: 0.7094 | AUROC: 0.9225 | AUPR: 0.9172
EarlyStopping counter: 7 out of 10
[Epoch 50/100] Train Loss: 0.2878 Valid Loss: 0.4628 | Acc: 0.8564 | Prec: 0.8353 | Recall: 0.9060 | F1: 0.8692 | MCC: 0.7136 | AUROC: 0.9216 | AUPR: 0.9245
EarlyStopping counter: 8 out of 10
[Epoch 51/100] Train Loss: 0.2917 Valid Loss: 0.4704 | Acc: 0.8523 | Prec: 0.8274 | Recall: 0.9091 | F1: 0.8663 | MCC: 0.7060 | AUROC: 0.9216 | AUPR: 0.9202
EarlyStopping counter: 9 out of 10
[Epoch 52/100] Train Loss: 0.2875 Valid Loss: 0.4613 | Acc: 0.8597 | Prec: 0.8401 | Recall: 0.9060 | F1: 0.8718 | MCC: 0.7199 | AUROC: 0.9243 | AUPR: 0.9209
EarlyStopping counter: 10 out of 10
Early stopping at epoch 52
Best model at epoch 42 with Score = 0.9279
Seed 3407 Test Results:
[Test] Loss: 0.4658 | Acc: 0.8486 | Prec: 0.8116 | Recall: 0.8997 | F1: 0.8534 | MCC: 0.7017 | AUROC: 0.9250 | AUPR: 0.9151

============================================================
Training Seed 5678
============================================================
Loading data /home/qfchen/ProteinDrugInter/datasets/Kinase/random_split_results/seed_5678/random_train.csv......
Columns in the dataset: ['UNIPROT_ID', 'GENE_NAME', 'SEQUENCE', 'GENE_LIST', 'GeneName', 'Compound', 'Kd', 'Label', 'Synonym', 'CompoundCID', 'DRUG_ID', 'isomeric_smiles', 'SMILES', 'MolecularFormula', 'MolecularWeight']
Loaded 8482 valid pairs (time: 116.48s)
Loading data /home/qfchen/ProteinDrugInter/datasets/Kinase/random_split_results/seed_5678/random_val.csv......
Columns in the dataset: ['UNIPROT_ID', 'GENE_NAME', 'SEQUENCE', 'GENE_LIST', 'GeneName', 'Compound', 'Kd', 'Label', 'Synonym', 'CompoundCID', 'DRUG_ID', 'isomeric_smiles', 'SMILES', 'MolecularFormula', 'MolecularWeight']
Loaded 1212 valid pairs (time: 17.30s)
Loading data /home/qfchen/ProteinDrugInter/datasets/Kinase/random_split_results/seed_5678/random_test.csv......
Columns in the dataset: ['UNIPROT_ID', 'GENE_NAME', 'SEQUENCE', 'GENE_LIST', 'GeneName', 'Compound', 'Kd', 'Label', 'Synonym', 'CompoundCID', 'DRUG_ID', 'isomeric_smiles', 'SMILES', 'MolecularFormula', 'MolecularWeight']
Loaded 2424 valid pairs (time: 33.20s)
[Epoch 1/100] Train Loss: 0.6624 Valid Loss: 0.6084 | Acc: 0.6906 | Prec: 0.7412 | Recall: 0.6278 | F1: 0.6798 | MCC: 0.3894 | AUROC: 0.7792 | AUPR: 0.7801
[Epoch 2/100] Train Loss: 0.5867 Valid Loss: 0.5624 | Acc: 0.7327 | Prec: 0.7601 | Recall: 0.7145 | F1: 0.7366 | MCC: 0.4667 | AUROC: 0.8175 | AUPR: 0.8188
[Epoch 3/100] Train Loss: 0.5488 Valid Loss: 0.5377 | Acc: 0.7640 | Prec: 0.7816 | Recall: 0.7618 | F1: 0.7716 | MCC: 0.5278 | AUROC: 0.8439 | AUPR: 0.8382
[Epoch 4/100] Train Loss: 0.5274 Valid Loss: 0.5454 | Acc: 0.7624 | Prec: 0.8289 | Recall: 0.6877 | F1: 0.7517 | MCC: 0.5361 | AUROC: 0.8561 | AUPR: 0.8578
[Epoch 5/100] Train Loss: 0.5055 Valid Loss: 0.5400 | Acc: 0.7682 | Prec: 0.7695 | Recall: 0.7950 | F1: 0.7820 | MCC: 0.5349 | AUROC: 0.8450 | AUPR: 0.8424
EarlyStopping counter: 1 out of 10
[Epoch 6/100] Train Loss: 0.4984 Valid Loss: 0.5203 | Acc: 0.7913 | Prec: 0.8290 | Recall: 0.7571 | F1: 0.7914 | MCC: 0.5858 | AUROC: 0.8637 | AUPR: 0.8522
[Epoch 7/100] Train Loss: 0.4879 Valid Loss: 0.5107 | Acc: 0.7979 | Prec: 0.7736 | Recall: 0.8675 | F1: 0.8178 | MCC: 0.5974 | AUROC: 0.8712 | AUPR: 0.8765
[Epoch 8/100] Train Loss: 0.4804 Valid Loss: 0.5196 | Acc: 0.7838 | Prec: 0.8029 | Recall: 0.7776 | F1: 0.7901 | MCC: 0.5677 | AUROC: 0.8599 | AUPR: 0.8624
EarlyStopping counter: 1 out of 10
[Epoch 9/100] Train Loss: 0.4729 Valid Loss: 0.5109 | Acc: 0.7946 | Prec: 0.7530 | Recall: 0.9038 | F1: 0.8215 | MCC: 0.5978 | AUROC: 0.8757 | AUPR: 0.8776
[Epoch 10/100] Train Loss: 0.4620 Valid Loss: 0.4814 | Acc: 0.8144 | Prec: 0.7968 | Recall: 0.8659 | F1: 0.8299 | MCC: 0.6290 | AUROC: 0.8942 | AUPR: 0.8957
[Epoch 11/100] Train Loss: 0.4582 Valid Loss: 0.5021 | Acc: 0.7863 | Prec: 0.8743 | Recall: 0.6909 | F1: 0.7718 | MCC: 0.5902 | AUROC: 0.8934 | AUPR: 0.8987
EarlyStopping counter: 1 out of 10
[Epoch 12/100] Train Loss: 0.4506 Valid Loss: 0.4978 | Acc: 0.8086 | Prec: 0.7863 | Recall: 0.8707 | F1: 0.8263 | MCC: 0.6183 | AUROC: 0.8788 | AUPR: 0.8691
EarlyStopping counter: 2 out of 10
[Epoch 13/100] Train Loss: 0.4430 Valid Loss: 0.4826 | Acc: 0.8102 | Prec: 0.8098 | Recall: 0.8328 | F1: 0.8212 | MCC: 0.6194 | AUROC: 0.8893 | AUPR: 0.8966
EarlyStopping counter: 3 out of 10
[Epoch 14/100] Train Loss: 0.4384 Valid Loss: 0.4798 | Acc: 0.8111 | Prec: 0.7809 | Recall: 0.8880 | F1: 0.8310 | MCC: 0.6254 | AUROC: 0.8980 | AUPR: 0.8985
[Epoch 15/100] Train Loss: 0.4327 Valid Loss: 0.5905 | Acc: 0.7327 | Prec: 0.8995 | Recall: 0.5505 | F1: 0.6830 | MCC: 0.5171 | AUROC: 0.8819 | AUPR: 0.8892
EarlyStopping counter: 1 out of 10
[Epoch 16/100] Train Loss: 0.4295 Valid Loss: 0.4682 | Acc: 0.8251 | Prec: 0.8576 | Recall: 0.7981 | F1: 0.8268 | MCC: 0.6523 | AUROC: 0.9040 | AUPR: 0.9060
[Epoch 17/100] Train Loss: 0.4231 Valid Loss: 0.4717 | Acc: 0.8218 | Prec: 0.8746 | Recall: 0.7697 | F1: 0.8188 | MCC: 0.6500 | AUROC: 0.9035 | AUPR: 0.9017
EarlyStopping counter: 1 out of 10
[Epoch 18/100] Train Loss: 0.4123 Valid Loss: 0.4727 | Acc: 0.8333 | Prec: 0.8588 | Recall: 0.8155 | F1: 0.8366 | MCC: 0.6677 | AUROC: 0.9003 | AUPR: 0.8955
EarlyStopping counter: 2 out of 10
[Epoch 19/100] Train Loss: 0.4079 Valid Loss: 0.4716 | Acc: 0.8350 | Prec: 0.8370 | Recall: 0.8502 | F1: 0.8435 | MCC: 0.6691 | AUROC: 0.8984 | AUPR: 0.8924
EarlyStopping counter: 3 out of 10
[Epoch 20/100] Train Loss: 0.4066 Valid Loss: 0.4611 | Acc: 0.8350 | Prec: 0.8401 | Recall: 0.8454 | F1: 0.8428 | MCC: 0.6692 | AUROC: 0.9027 | AUPR: 0.8997
EarlyStopping counter: 4 out of 10
[Epoch 21/100] Train Loss: 0.4009 Valid Loss: 0.4965 | Acc: 0.8045 | Prec: 0.8752 | Recall: 0.7303 | F1: 0.7962 | MCC: 0.6205 | AUROC: 0.9015 | AUPR: 0.9003
EarlyStopping counter: 5 out of 10
[Epoch 22/100] Train Loss: 0.3944 Valid Loss: 0.4628 | Acc: 0.8424 | Prec: 0.8698 | Recall: 0.8218 | F1: 0.8451 | MCC: 0.6861 | AUROC: 0.9076 | AUPR: 0.9170
[Epoch 23/100] Train Loss: 0.3886 Valid Loss: 0.4678 | Acc: 0.8333 | Prec: 0.8673 | Recall: 0.8044 | F1: 0.8347 | MCC: 0.6690 | AUROC: 0.9023 | AUPR: 0.8979
EarlyStopping counter: 1 out of 10
[Epoch 24/100] Train Loss: 0.3808 Valid Loss: 0.4617 | Acc: 0.8342 | Prec: 0.8765 | Recall: 0.7950 | F1: 0.8337 | MCC: 0.6723 | AUROC: 0.9089 | AUPR: 0.9093
[Epoch 25/100] Train Loss: 0.3809 Valid Loss: 0.4746 | Acc: 0.8292 | Prec: 0.8600 | Recall: 0.8044 | F1: 0.8313 | MCC: 0.6603 | AUROC: 0.9034 | AUPR: 0.9012
EarlyStopping counter: 1 out of 10
[Epoch 26/100] Train Loss: 0.3801 Valid Loss: 0.4634 | Acc: 0.8358 | Prec: 0.8537 | Recall: 0.8281 | F1: 0.8407 | MCC: 0.6717 | AUROC: 0.9066 | AUPR: 0.9003
EarlyStopping counter: 2 out of 10
[Epoch 27/100] Train Loss: 0.3394 Valid Loss: 0.4448 | Acc: 0.8515 | Prec: 0.8460 | Recall: 0.8754 | F1: 0.8605 | MCC: 0.7023 | AUROC: 0.9169 | AUPR: 0.9091
[Epoch 28/100] Train Loss: 0.3298 Valid Loss: 0.4450 | Acc: 0.8531 | Prec: 0.8476 | Recall: 0.8770 | F1: 0.8620 | MCC: 0.7056 | AUROC: 0.9177 | AUPR: 0.9157
[Epoch 29/100] Train Loss: 0.3187 Valid Loss: 0.4370 | Acc: 0.8589 | Prec: 0.8646 | Recall: 0.8659 | F1: 0.8652 | MCC: 0.7172 | AUROC: 0.9228 | AUPR: 0.9119
[Epoch 30/100] Train Loss: 0.3190 Valid Loss: 0.4461 | Acc: 0.8606 | Prec: 0.8594 | Recall: 0.8770 | F1: 0.8681 | MCC: 0.7204 | AUROC: 0.9199 | AUPR: 0.9083
EarlyStopping counter: 1 out of 10
[Epoch 31/100] Train Loss: 0.3124 Valid Loss: 0.4502 | Acc: 0.8548 | Prec: 0.8694 | Recall: 0.8502 | F1: 0.8596 | MCC: 0.7095 | AUROC: 0.9196 | AUPR: 0.9202
EarlyStopping counter: 2 out of 10
[Epoch 32/100] Train Loss: 0.3077 Valid Loss: 0.4509 | Acc: 0.8531 | Prec: 0.8608 | Recall: 0.8580 | F1: 0.8594 | MCC: 0.7057 | AUROC: 0.9197 | AUPR: 0.9101
EarlyStopping counter: 3 out of 10
[Epoch 33/100] Train Loss: 0.3094 Valid Loss: 0.4508 | Acc: 0.8573 | Prec: 0.8676 | Recall: 0.8580 | F1: 0.8628 | MCC: 0.7141 | AUROC: 0.9176 | AUPR: 0.9086
EarlyStopping counter: 4 out of 10
[Epoch 34/100] Train Loss: 0.3059 Valid Loss: 0.4502 | Acc: 0.8589 | Prec: 0.8481 | Recall: 0.8896 | F1: 0.8684 | MCC: 0.7175 | AUROC: 0.9189 | AUPR: 0.9140
EarlyStopping counter: 5 out of 10
[Epoch 35/100] Train Loss: 0.3043 Valid Loss: 0.4594 | Acc: 0.8581 | Prec: 0.8644 | Recall: 0.8644 | F1: 0.8644 | MCC: 0.7156 | AUROC: 0.9171 | AUPR: 0.9071
EarlyStopping counter: 6 out of 10
[Epoch 36/100] Train Loss: 0.2976 Valid Loss: 0.4671 | Acc: 0.8606 | Prec: 0.8696 | Recall: 0.8628 | F1: 0.8662 | MCC: 0.7207 | AUROC: 0.9158 | AUPR: 0.9099
EarlyStopping counter: 7 out of 10
[Epoch 37/100] Train Loss: 0.2970 Valid Loss: 0.4599 | Acc: 0.8589 | Prec: 0.8657 | Recall: 0.8644 | F1: 0.8650 | MCC: 0.7172 | AUROC: 0.9164 | AUPR: 0.9049
EarlyStopping counter: 8 out of 10
[Epoch 38/100] Train Loss: 0.3013 Valid Loss: 0.4538 | Acc: 0.8531 | Prec: 0.8619 | Recall: 0.8565 | F1: 0.8592 | MCC: 0.7057 | AUROC: 0.9174 | AUPR: 0.9101
EarlyStopping counter: 9 out of 10
[Epoch 39/100] Train Loss: 0.2976 Valid Loss: 0.4478 | Acc: 0.8630 | Prec: 0.8714 | Recall: 0.8659 | F1: 0.8687 | MCC: 0.7256 | AUROC: 0.9198 | AUPR: 0.9133
EarlyStopping counter: 10 out of 10
Early stopping at epoch 39
Best model at epoch 29 with Score = 0.9228
Seed 5678 Test Results:
[Test] Loss: 0.4208 | Acc: 0.8655 | Prec: 0.8629 | Recall: 0.8643 | F1: 0.8636 | MCC: 0.7310 | AUROC: 0.9334 | AUPR: 0.9239

============================================================
Training Seed 8888
============================================================
Loading data /home/qfchen/ProteinDrugInter/datasets/Kinase/random_split_results/seed_8888/random_train.csv......
Columns in the dataset: ['UNIPROT_ID', 'GENE_NAME', 'SEQUENCE', 'GENE_LIST', 'GeneName', 'Compound', 'Kd', 'Label', 'Synonym', 'CompoundCID', 'DRUG_ID', 'isomeric_smiles', 'SMILES', 'MolecularFormula', 'MolecularWeight']
Loaded 8482 valid pairs (time: 115.18s)
Loading data /home/qfchen/ProteinDrugInter/datasets/Kinase/random_split_results/seed_8888/random_val.csv......
Columns in the dataset: ['UNIPROT_ID', 'GENE_NAME', 'SEQUENCE', 'GENE_LIST', 'GeneName', 'Compound', 'Kd', 'Label', 'Synonym', 'CompoundCID', 'DRUG_ID', 'isomeric_smiles', 'SMILES', 'MolecularFormula', 'MolecularWeight']
Loaded 1212 valid pairs (time: 17.18s)
Loading data /home/qfchen/ProteinDrugInter/datasets/Kinase/random_split_results/seed_8888/random_test.csv......
Columns in the dataset: ['UNIPROT_ID', 'GENE_NAME', 'SEQUENCE', 'GENE_LIST', 'GeneName', 'Compound', 'Kd', 'Label', 'Synonym', 'CompoundCID', 'DRUG_ID', 'isomeric_smiles', 'SMILES', 'MolecularFormula', 'MolecularWeight']
Loaded 2424 valid pairs (time: 34.23s)
[Epoch 1/100] Train Loss: 0.6513 Valid Loss: 0.6229 | Acc: 0.6980 | Prec: 0.6775 | Recall: 0.7366 | F1: 0.7058 | MCC: 0.3982 | AUROC: 0.7447 | AUPR: 0.7087
[Epoch 2/100] Train Loss: 0.5800 Valid Loss: 0.6233 | Acc: 0.6650 | Prec: 0.8125 | Recall: 0.4144 | F1: 0.5489 | MCC: 0.3712 | AUROC: 0.7937 | AUPR: 0.7618
[Epoch 3/100] Train Loss: 0.5396 Valid Loss: 0.5694 | Acc: 0.7417 | Prec: 0.7444 | Recall: 0.7232 | F1: 0.7336 | MCC: 0.4833 | AUROC: 0.8098 | AUPR: 0.7827
[Epoch 4/100] Train Loss: 0.5256 Valid Loss: 0.5598 | Acc: 0.7517 | Prec: 0.7886 | Recall: 0.6762 | F1: 0.7281 | MCC: 0.5071 | AUROC: 0.8404 | AUPR: 0.8186
[Epoch 5/100] Train Loss: 0.5078 Valid Loss: 0.6149 | Acc: 0.7145 | Prec: 0.8592 | Recall: 0.5017 | F1: 0.6335 | MCC: 0.4665 | AUROC: 0.8404 | AUPR: 0.8294
EarlyStopping counter: 1 out of 10
[Epoch 6/100] Train Loss: 0.4960 Valid Loss: 0.5480 | Acc: 0.7475 | Prec: 0.8589 | Recall: 0.5822 | F1: 0.6940 | MCC: 0.5193 | AUROC: 0.8669 | AUPR: 0.8571
[Epoch 7/100] Train Loss: 0.4849 Valid Loss: 0.5546 | Acc: 0.7748 | Prec: 0.8519 | Recall: 0.6560 | F1: 0.7412 | MCC: 0.5624 | AUROC: 0.8626 | AUPR: 0.8575
EarlyStopping counter: 1 out of 10
[Epoch 8/100] Train Loss: 0.4751 Valid Loss: 0.5071 | Acc: 0.7863 | Prec: 0.8080 | Recall: 0.7416 | F1: 0.7734 | MCC: 0.5738 | AUROC: 0.8719 | AUPR: 0.8626
[Epoch 9/100] Train Loss: 0.4677 Valid Loss: 0.5080 | Acc: 0.8020 | Prec: 0.7853 | Recall: 0.8221 | F1: 0.8033 | MCC: 0.6048 | AUROC: 0.8728 | AUPR: 0.8662
[Epoch 10/100] Train Loss: 0.4578 Valid Loss: 0.5145 | Acc: 0.7764 | Prec: 0.7543 | Recall: 0.8087 | F1: 0.7806 | MCC: 0.5546 | AUROC: 0.8657 | AUPR: 0.8529
EarlyStopping counter: 1 out of 10
[Epoch 11/100] Train Loss: 0.4494 Valid Loss: 0.4893 | Acc: 0.8061 | Prec: 0.8300 | Recall: 0.7617 | F1: 0.7944 | MCC: 0.6136 | AUROC: 0.8875 | AUPR: 0.8773
[Epoch 12/100] Train Loss: 0.4427 Valid Loss: 0.5142 | Acc: 0.7880 | Prec: 0.7371 | Recall: 0.8842 | F1: 0.8040 | MCC: 0.5886 | AUROC: 0.8795 | AUPR: 0.8728
EarlyStopping counter: 1 out of 10
[Epoch 13/100] Train Loss: 0.4347 Valid Loss: 0.4742 | Acc: 0.8127 | Prec: 0.7887 | Recall: 0.8456 | F1: 0.8162 | MCC: 0.6273 | AUROC: 0.8993 | AUPR: 0.8904
[Epoch 14/100] Train Loss: 0.4309 Valid Loss: 0.4904 | Acc: 0.7962 | Prec: 0.8156 | Recall: 0.7567 | F1: 0.7850 | MCC: 0.5933 | AUROC: 0.8855 | AUPR: 0.8752
EarlyStopping counter: 1 out of 10
[Epoch 15/100] Train Loss: 0.4219 Valid Loss: 0.4935 | Acc: 0.8028 | Prec: 0.8493 | Recall: 0.7282 | F1: 0.7841 | MCC: 0.6107 | AUROC: 0.8934 | AUPR: 0.8877
EarlyStopping counter: 2 out of 10
[Epoch 16/100] Train Loss: 0.4141 Valid Loss: 0.4836 | Acc: 0.8127 | Prec: 0.8712 | Recall: 0.7265 | F1: 0.7923 | MCC: 0.6329 | AUROC: 0.8990 | AUPR: 0.8898
EarlyStopping counter: 3 out of 10
[Epoch 17/100] Train Loss: 0.4099 Valid Loss: 0.4867 | Acc: 0.8102 | Prec: 0.8112 | Recall: 0.8003 | F1: 0.8057 | MCC: 0.6203 | AUROC: 0.8907 | AUPR: 0.8856
EarlyStopping counter: 4 out of 10
[Epoch 18/100] Train Loss: 0.4042 Valid Loss: 0.4644 | Acc: 0.8168 | Prec: 0.7959 | Recall: 0.8440 | F1: 0.8192 | MCC: 0.6350 | AUROC: 0.9082 | AUPR: 0.9077
[Epoch 19/100] Train Loss: 0.3971 Valid Loss: 0.4825 | Acc: 0.8119 | Prec: 0.8580 | Recall: 0.7399 | F1: 0.7946 | MCC: 0.6286 | AUROC: 0.8998 | AUPR: 0.8914
EarlyStopping counter: 1 out of 10
[Epoch 20/100] Train Loss: 0.3910 Valid Loss: 0.4557 | Acc: 0.8333 | Prec: 0.8350 | Recall: 0.8238 | F1: 0.8294 | MCC: 0.6666 | AUROC: 0.9100 | AUPR: 0.9012
[Epoch 21/100] Train Loss: 0.3865 Valid Loss: 0.4568 | Acc: 0.8243 | Prec: 0.8501 | Recall: 0.7802 | F1: 0.8136 | MCC: 0.6501 | AUROC: 0.9137 | AUPR: 0.9092
[Epoch 22/100] Train Loss: 0.3791 Valid Loss: 0.4662 | Acc: 0.8317 | Prec: 0.8551 | Recall: 0.7919 | F1: 0.8223 | MCC: 0.6646 | AUROC: 0.9065 | AUPR: 0.8948
EarlyStopping counter: 1 out of 10
[Epoch 23/100] Train Loss: 0.3746 Valid Loss: 0.4695 | Acc: 0.8350 | Prec: 0.8056 | Recall: 0.8758 | F1: 0.8392 | MCC: 0.6728 | AUROC: 0.9087 | AUPR: 0.9017
EarlyStopping counter: 2 out of 10
[Epoch 24/100] Train Loss: 0.3748 Valid Loss: 0.4585 | Acc: 0.8276 | Prec: 0.8230 | Recall: 0.8272 | F1: 0.8251 | MCC: 0.6551 | AUROC: 0.9114 | AUPR: 0.9025
EarlyStopping counter: 3 out of 10
[Epoch 25/100] Train Loss: 0.3652 Valid Loss: 0.4667 | Acc: 0.8424 | Prec: 0.8828 | Recall: 0.7836 | F1: 0.8302 | MCC: 0.6884 | AUROC: 0.9092 | AUPR: 0.9043
EarlyStopping counter: 4 out of 10
[Epoch 26/100] Train Loss: 0.3603 Valid Loss: 0.4743 | Acc: 0.8309 | Prec: 0.8003 | Recall: 0.8742 | F1: 0.8356 | MCC: 0.6649 | AUROC: 0.9069 | AUPR: 0.9000
EarlyStopping counter: 5 out of 10
[Epoch 27/100] Train Loss: 0.3293 Valid Loss: 0.4460 | Acc: 0.8457 | Prec: 0.8336 | Recall: 0.8574 | F1: 0.8453 | MCC: 0.6918 | AUROC: 0.9194 | AUPR: 0.9158
[Epoch 28/100] Train Loss: 0.3148 Valid Loss: 0.4542 | Acc: 0.8432 | Prec: 0.8212 | Recall: 0.8708 | F1: 0.8453 | MCC: 0.6879 | AUROC: 0.9208 | AUPR: 0.9139
[Epoch 29/100] Train Loss: 0.3040 Valid Loss: 0.4629 | Acc: 0.8523 | Prec: 0.8283 | Recall: 0.8826 | F1: 0.8546 | MCC: 0.7063 | AUROC: 0.9182 | AUPR: 0.9109
EarlyStopping counter: 1 out of 10
[Epoch 30/100] Train Loss: 0.3041 Valid Loss: 0.4590 | Acc: 0.8465 | Prec: 0.8173 | Recall: 0.8859 | F1: 0.8502 | MCC: 0.6958 | AUROC: 0.9211 | AUPR: 0.9166
[Epoch 31/100] Train Loss: 0.3017 Valid Loss: 0.4492 | Acc: 0.8482 | Prec: 0.8301 | Recall: 0.8691 | F1: 0.8492 | MCC: 0.6973 | AUROC: 0.9245 | AUPR: 0.9273
[Epoch 32/100] Train Loss: 0.2990 Valid Loss: 0.4602 | Acc: 0.8498 | Prec: 0.8165 | Recall: 0.8960 | F1: 0.8544 | MCC: 0.7033 | AUROC: 0.9219 | AUPR: 0.9146
EarlyStopping counter: 1 out of 10
[Epoch 33/100] Train Loss: 0.2976 Valid Loss: 0.4738 | Acc: 0.8441 | Prec: 0.8015 | Recall: 0.9077 | F1: 0.8513 | MCC: 0.6946 | AUROC: 0.9197 | AUPR: 0.9137
EarlyStopping counter: 2 out of 10
[Epoch 34/100] Train Loss: 0.2934 Valid Loss: 0.4507 | Acc: 0.8589 | Prec: 0.8315 | Recall: 0.8943 | F1: 0.8618 | MCC: 0.7201 | AUROC: 0.9265 | AUPR: 0.9240
[Epoch 35/100] Train Loss: 0.2879 Valid Loss: 0.4734 | Acc: 0.8408 | Prec: 0.7985 | Recall: 0.9044 | F1: 0.8482 | MCC: 0.6880 | AUROC: 0.9215 | AUPR: 0.9164
EarlyStopping counter: 1 out of 10
[Epoch 36/100] Train Loss: 0.2902 Valid Loss: 0.4629 | Acc: 0.8507 | Prec: 0.8149 | Recall: 0.9010 | F1: 0.8558 | MCC: 0.7056 | AUROC: 0.9224 | AUPR: 0.9163
EarlyStopping counter: 2 out of 10
[Epoch 37/100] Train Loss: 0.2897 Valid Loss: 0.4654 | Acc: 0.8540 | Prec: 0.8238 | Recall: 0.8943 | F1: 0.8576 | MCC: 0.7108 | AUROC: 0.9218 | AUPR: 0.9140
EarlyStopping counter: 3 out of 10
[Epoch 38/100] Train Loss: 0.2919 Valid Loss: 0.4690 | Acc: 0.8457 | Prec: 0.8151 | Recall: 0.8876 | F1: 0.8498 | MCC: 0.6944 | AUROC: 0.9210 | AUPR: 0.9129
EarlyStopping counter: 4 out of 10
[Epoch 39/100] Train Loss: 0.2891 Valid Loss: 0.4683 | Acc: 0.8490 | Prec: 0.8077 | Recall: 0.9094 | F1: 0.8556 | MCC: 0.7039 | AUROC: 0.9226 | AUPR: 0.9131
EarlyStopping counter: 5 out of 10
[Epoch 40/100] Train Loss: 0.2908 Valid Loss: 0.4565 | Acc: 0.8540 | Prec: 0.8248 | Recall: 0.8926 | F1: 0.8574 | MCC: 0.7106 | AUROC: 0.9232 | AUPR: 0.9177
EarlyStopping counter: 6 out of 10
[Epoch 41/100] Train Loss: 0.2903 Valid Loss: 0.4766 | Acc: 0.8482 | Prec: 0.8102 | Recall: 0.9027 | F1: 0.8540 | MCC: 0.7013 | AUROC: 0.9162 | AUPR: 0.9079
EarlyStopping counter: 7 out of 10
[Epoch 42/100] Train Loss: 0.2866 Valid Loss: 0.4542 | Acc: 0.8573 | Prec: 0.8269 | Recall: 0.8977 | F1: 0.8608 | MCC: 0.7174 | AUROC: 0.9231 | AUPR: 0.9160
EarlyStopping counter: 8 out of 10
[Epoch 43/100] Train Loss: 0.2884 Valid Loss: 0.4686 | Acc: 0.8474 | Prec: 0.8147 | Recall: 0.8926 | F1: 0.8519 | MCC: 0.6982 | AUROC: 0.9195 | AUPR: 0.9106
EarlyStopping counter: 9 out of 10
[Epoch 44/100] Train Loss: 0.2842 Valid Loss: 0.4719 | Acc: 0.8457 | Prec: 0.8057 | Recall: 0.9044 | F1: 0.8522 | MCC: 0.6970 | AUROC: 0.9183 | AUPR: 0.9100
EarlyStopping counter: 10 out of 10
Early stopping at epoch 44
Best model at epoch 34 with Score = 0.9265
Seed 8888 Test Results:
[Test] Loss: 0.4197 | Acc: 0.8804 | Prec: 0.8582 | Recall: 0.9143 | F1: 0.8854 | MCC: 0.7622 | AUROC: 0.9394 | AUPR: 0.9325

=== Final Test Results (with Mean  Std) ===
             Accuracy    Precision  ...        AUROC         AUPR
Seed                                ...                          
42              0.849        0.804  ...        0.923        0.908
1234            0.854        0.868  ...        0.926        0.928
3407            0.849        0.812  ...        0.925        0.915
5678            0.866        0.863  ...        0.933        0.924
8888             0.88        0.858  ...        0.939        0.933
MeanStd  0.8600.013  0.8410.030  ...  0.9290.007  0.9220.010

[6 rows x 7 columns]
