
=== Configuration ===
device: cuda:2
seed: 3407
batch_size: 32
epochs: 100
num_workers: 8
learning_rate: 0.0003
weight_decay: 5e-05
patience: 10
task: SNAP
task_lower: snap
data_prefix: drug
======================


============================================================
Training Seed 42
============================================================
Loading data /home/qfchen/ProteinDrugInter/datasets/SNAP/drug_split_results/seed_42/drug_train.csv......
Columns in the dataset: ['DRUG_ID', 'UNIPROT_ID', 'Label', 'DRUG_NAME', 'SMILES', 'GENE_NAME', 'SEQUENCE']
Loaded 19347 valid pairs (time: 222.13s)
Loading data /home/qfchen/ProteinDrugInter/datasets/SNAP/drug_split_results/seed_42/drug_val.csv......
Columns in the dataset: ['DRUG_ID', 'UNIPROT_ID', 'Label', 'DRUG_NAME', 'SMILES', 'GENE_NAME', 'SEQUENCE']
Loaded 2779 valid pairs (time: 33.02s)
Loading data /home/qfchen/ProteinDrugInter/datasets/SNAP/drug_split_results/seed_42/drug_test.csv......
Columns in the dataset: ['DRUG_ID', 'UNIPROT_ID', 'Label', 'DRUG_NAME', 'SMILES', 'GENE_NAME', 'SEQUENCE']
Loaded 5585 valid pairs (time: 62.60s)
[Epoch 1/100] Train Loss: 0.6076 Valid Loss: 0.5444 | Acc: 0.7719 | Prec: 0.8196 | Recall: 0.6999 | F1: 0.7550 | MCC: 0.5500 | AUROC: 0.8400 | AUPR: 0.8547
[Epoch 2/100] Train Loss: 0.5479 Valid Loss: 0.5135 | Acc: 0.7963 | Prec: 0.8038 | Recall: 0.7865 | F1: 0.7951 | MCC: 0.5928 | AUROC: 0.8701 | AUPR: 0.8844
[Epoch 3/100] Train Loss: 0.5201 Valid Loss: 0.5051 | Acc: 0.7988 | Prec: 0.8485 | Recall: 0.7299 | F1: 0.7848 | MCC: 0.6039 | AUROC: 0.8721 | AUPR: 0.8788
[Epoch 4/100] Train Loss: 0.5018 Valid Loss: 0.4840 | Acc: 0.8258 | Prec: 0.8508 | Recall: 0.7923 | F1: 0.8205 | MCC: 0.6533 | AUROC: 0.8899 | AUPR: 0.8975
[Epoch 5/100] Train Loss: 0.4836 Valid Loss: 0.4727 | Acc: 0.8212 | Prec: 0.8163 | Recall: 0.8309 | F1: 0.8236 | MCC: 0.6424 | AUROC: 0.8999 | AUPR: 0.9116
[Epoch 6/100] Train Loss: 0.4727 Valid Loss: 0.4871 | Acc: 0.8096 | Prec: 0.8677 | Recall: 0.7328 | F1: 0.7946 | MCC: 0.6272 | AUROC: 0.8922 | AUPR: 0.8945
EarlyStopping counter: 1 out of 10
[Epoch 7/100] Train Loss: 0.4593 Valid Loss: 0.5074 | Acc: 0.7942 | Prec: 0.7601 | Recall: 0.8625 | F1: 0.8081 | MCC: 0.5935 | AUROC: 0.8882 | AUPR: 0.9008
EarlyStopping counter: 2 out of 10
[Epoch 8/100] Train Loss: 0.4510 Valid Loss: 0.4704 | Acc: 0.8212 | Prec: 0.8132 | Recall: 0.8360 | F1: 0.8244 | MCC: 0.6425 | AUROC: 0.9033 | AUPR: 0.9109
[Epoch 9/100] Train Loss: 0.4372 Valid Loss: 0.4751 | Acc: 0.8237 | Prec: 0.8065 | Recall: 0.8539 | F1: 0.8295 | MCC: 0.6484 | AUROC: 0.9033 | AUPR: 0.9058
EarlyStopping counter: 1 out of 10
[Epoch 10/100] Train Loss: 0.4251 Valid Loss: 0.4942 | Acc: 0.8107 | Prec: 0.7931 | Recall: 0.8431 | F1: 0.8174 | MCC: 0.6226 | AUROC: 0.8899 | AUPR: 0.8985
EarlyStopping counter: 2 out of 10
[Epoch 11/100] Train Loss: 0.4223 Valid Loss: 0.4582 | Acc: 0.8381 | Prec: 0.8562 | Recall: 0.8145 | F1: 0.8348 | MCC: 0.6770 | AUROC: 0.9070 | AUPR: 0.9090
[Epoch 12/100] Train Loss: 0.4132 Valid Loss: 0.4548 | Acc: 0.8352 | Prec: 0.8266 | Recall: 0.8503 | F1: 0.8383 | MCC: 0.6706 | AUROC: 0.9107 | AUPR: 0.9166
[Epoch 13/100] Train Loss: 0.4059 Valid Loss: 0.4771 | Acc: 0.8208 | Prec: 0.8376 | Recall: 0.7980 | F1: 0.8173 | MCC: 0.6424 | AUROC: 0.8974 | AUPR: 0.9030
EarlyStopping counter: 1 out of 10
[Epoch 14/100] Train Loss: 0.3960 Valid Loss: 0.4538 | Acc: 0.8374 | Prec: 0.8405 | Recall: 0.8345 | F1: 0.8375 | MCC: 0.6747 | AUROC: 0.9108 | AUPR: 0.9100
EarlyStopping counter: 2 out of 10
[Epoch 15/100] Train Loss: 0.3918 Valid Loss: 0.4667 | Acc: 0.8366 | Prec: 0.8355 | Recall: 0.8403 | F1: 0.8379 | MCC: 0.6733 | AUROC: 0.9117 | AUPR: 0.9142
[Epoch 16/100] Train Loss: 0.3821 Valid Loss: 0.4642 | Acc: 0.8377 | Prec: 0.8225 | Recall: 0.8632 | F1: 0.8424 | MCC: 0.6762 | AUROC: 0.9056 | AUPR: 0.9069
EarlyStopping counter: 1 out of 10
[Epoch 17/100] Train Loss: 0.3761 Valid Loss: 0.4643 | Acc: 0.8298 | Prec: 0.8062 | Recall: 0.8703 | F1: 0.8371 | MCC: 0.6616 | AUROC: 0.9092 | AUPR: 0.9105
EarlyStopping counter: 2 out of 10
[Epoch 18/100] Train Loss: 0.3715 Valid Loss: 0.4694 | Acc: 0.8381 | Prec: 0.8170 | Recall: 0.8732 | F1: 0.8442 | MCC: 0.6777 | AUROC: 0.9135 | AUPR: 0.9164
[Epoch 19/100] Train Loss: 0.3636 Valid Loss: 0.4808 | Acc: 0.8312 | Prec: 0.8142 | Recall: 0.8603 | F1: 0.8366 | MCC: 0.6634 | AUROC: 0.9051 | AUPR: 0.9160
EarlyStopping counter: 1 out of 10
[Epoch 20/100] Train Loss: 0.3606 Valid Loss: 0.4715 | Acc: 0.8438 | Prec: 0.8511 | Recall: 0.8352 | F1: 0.8431 | MCC: 0.6878 | AUROC: 0.9075 | AUPR: 0.9062
EarlyStopping counter: 2 out of 10
[Epoch 21/100] Train Loss: 0.3281 Valid Loss: 0.4739 | Acc: 0.8406 | Prec: 0.8183 | Recall: 0.8775 | F1: 0.8469 | MCC: 0.6829 | AUROC: 0.9147 | AUPR: 0.9163
[Epoch 22/100] Train Loss: 0.3141 Valid Loss: 0.4734 | Acc: 0.8374 | Prec: 0.8126 | Recall: 0.8789 | F1: 0.8445 | MCC: 0.6769 | AUROC: 0.9159 | AUPR: 0.9168
[Epoch 23/100] Train Loss: 0.3069 Valid Loss: 0.4742 | Acc: 0.8406 | Prec: 0.8196 | Recall: 0.8754 | F1: 0.8466 | MCC: 0.6827 | AUROC: 0.9138 | AUPR: 0.9140
EarlyStopping counter: 1 out of 10
[Epoch 24/100] Train Loss: 0.3072 Valid Loss: 0.4826 | Acc: 0.8359 | Prec: 0.8117 | Recall: 0.8768 | F1: 0.8430 | MCC: 0.6739 | AUROC: 0.9146 | AUPR: 0.9136
EarlyStopping counter: 2 out of 10
[Epoch 25/100] Train Loss: 0.3016 Valid Loss: 0.4920 | Acc: 0.8330 | Prec: 0.8018 | Recall: 0.8868 | F1: 0.8422 | MCC: 0.6697 | AUROC: 0.9119 | AUPR: 0.9094
EarlyStopping counter: 3 out of 10
[Epoch 26/100] Train Loss: 0.2996 Valid Loss: 0.4786 | Acc: 0.8463 | Prec: 0.8276 | Recall: 0.8768 | F1: 0.8515 | MCC: 0.6938 | AUROC: 0.9127 | AUPR: 0.9133
EarlyStopping counter: 4 out of 10
[Epoch 27/100] Train Loss: 0.2917 Valid Loss: 0.4838 | Acc: 0.8420 | Prec: 0.8188 | Recall: 0.8804 | F1: 0.8485 | MCC: 0.6859 | AUROC: 0.9125 | AUPR: 0.9095
EarlyStopping counter: 5 out of 10
[Epoch 28/100] Train Loss: 0.2888 Valid Loss: 0.5023 | Acc: 0.8233 | Prec: 0.7880 | Recall: 0.8868 | F1: 0.8345 | MCC: 0.6516 | AUROC: 0.9138 | AUPR: 0.9198
EarlyStopping counter: 6 out of 10
[Epoch 29/100] Train Loss: 0.2934 Valid Loss: 0.4842 | Acc: 0.8431 | Prec: 0.8226 | Recall: 0.8768 | F1: 0.8488 | MCC: 0.6876 | AUROC: 0.9144 | AUPR: 0.9153
EarlyStopping counter: 7 out of 10
[Epoch 30/100] Train Loss: 0.2922 Valid Loss: 0.4844 | Acc: 0.8456 | Prec: 0.8318 | Recall: 0.8682 | F1: 0.8496 | MCC: 0.6919 | AUROC: 0.9117 | AUPR: 0.9115
EarlyStopping counter: 8 out of 10
[Epoch 31/100] Train Loss: 0.2914 Valid Loss: 0.5005 | Acc: 0.8320 | Prec: 0.8003 | Recall: 0.8868 | F1: 0.8413 | MCC: 0.6677 | AUROC: 0.9131 | AUPR: 0.9149
EarlyStopping counter: 9 out of 10
[Epoch 32/100] Train Loss: 0.2875 Valid Loss: 0.4881 | Acc: 0.8392 | Prec: 0.8165 | Recall: 0.8768 | F1: 0.8456 | MCC: 0.6801 | AUROC: 0.9146 | AUPR: 0.9152
EarlyStopping counter: 10 out of 10
Early stopping at epoch 32
Best model at epoch 22 with Score = 0.9159
Seed 42 Test Results:
[Test] Loss: 0.5058 | Acc: 0.8215 | Prec: 0.8119 | Recall: 0.8230 | F1: 0.8174 | MCC: 0.6429 | AUROC: 0.8957 | AUPR: 0.8954

============================================================
Training Seed 1234
============================================================
Loading data /home/qfchen/ProteinDrugInter/datasets/SNAP/drug_split_results/seed_1234/drug_train.csv......
Columns in the dataset: ['DRUG_ID', 'UNIPROT_ID', 'Label', 'DRUG_NAME', 'SMILES', 'GENE_NAME', 'SEQUENCE']
Loaded 19506 valid pairs (time: 209.32s)
Loading data /home/qfchen/ProteinDrugInter/datasets/SNAP/drug_split_results/seed_1234/drug_val.csv......
Columns in the dataset: ['DRUG_ID', 'UNIPROT_ID', 'Label', 'DRUG_NAME', 'SMILES', 'GENE_NAME', 'SEQUENCE']
Loaded 2799 valid pairs (time: 31.45s)
Loading data /home/qfchen/ProteinDrugInter/datasets/SNAP/drug_split_results/seed_1234/drug_test.csv......
Columns in the dataset: ['DRUG_ID', 'UNIPROT_ID', 'Label', 'DRUG_NAME', 'SMILES', 'GENE_NAME', 'SEQUENCE']
Loaded 5406 valid pairs (time: 58.94s)
[Epoch 1/100] Train Loss: 0.6011 Valid Loss: 0.5308 | Acc: 0.7778 | Prec: 0.8224 | Recall: 0.7039 | F1: 0.7585 | MCC: 0.5608 | AUROC: 0.8489 | AUPR: 0.8657
[Epoch 2/100] Train Loss: 0.5432 Valid Loss: 0.5283 | Acc: 0.7738 | Prec: 0.8037 | Recall: 0.7197 | F1: 0.7594 | MCC: 0.5502 | AUROC: 0.8544 | AUPR: 0.8604
[Epoch 3/100] Train Loss: 0.5151 Valid Loss: 0.4918 | Acc: 0.8174 | Prec: 0.8621 | Recall: 0.7522 | F1: 0.8034 | MCC: 0.6396 | AUROC: 0.8901 | AUPR: 0.8919
[Epoch 4/100] Train Loss: 0.4984 Valid Loss: 0.5024 | Acc: 0.8042 | Prec: 0.8832 | Recall: 0.6974 | F1: 0.7794 | MCC: 0.6215 | AUROC: 0.8775 | AUPR: 0.8878
EarlyStopping counter: 1 out of 10
[Epoch 5/100] Train Loss: 0.4843 Valid Loss: 0.4821 | Acc: 0.8128 | Prec: 0.8445 | Recall: 0.7630 | F1: 0.8017 | MCC: 0.6282 | AUROC: 0.8888 | AUPR: 0.8896
EarlyStopping counter: 2 out of 10
[Epoch 6/100] Train Loss: 0.4752 Valid Loss: 0.4783 | Acc: 0.8196 | Prec: 0.8726 | Recall: 0.7450 | F1: 0.8037 | MCC: 0.6455 | AUROC: 0.8916 | AUPR: 0.8963
[Epoch 7/100] Train Loss: 0.4603 Valid Loss: 0.4798 | Acc: 0.8117 | Prec: 0.7903 | Recall: 0.8444 | F1: 0.8164 | MCC: 0.6251 | AUROC: 0.8994 | AUPR: 0.8953
[Epoch 8/100] Train Loss: 0.4509 Valid Loss: 0.4646 | Acc: 0.8253 | Prec: 0.8724 | Recall: 0.7586 | F1: 0.8116 | MCC: 0.6557 | AUROC: 0.9027 | AUPR: 0.9072
[Epoch 9/100] Train Loss: 0.4391 Valid Loss: 0.4686 | Acc: 0.8267 | Prec: 0.8160 | Recall: 0.8401 | F1: 0.8278 | MCC: 0.6538 | AUROC: 0.9040 | AUPR: 0.9031
[Epoch 10/100] Train Loss: 0.4288 Valid Loss: 0.4695 | Acc: 0.8264 | Prec: 0.8697 | Recall: 0.7644 | F1: 0.8137 | MCC: 0.6571 | AUROC: 0.9025 | AUPR: 0.9062
EarlyStopping counter: 1 out of 10
[Epoch 11/100] Train Loss: 0.4184 Valid Loss: 0.4602 | Acc: 0.8353 | Prec: 0.8477 | Recall: 0.8141 | F1: 0.8306 | MCC: 0.6710 | AUROC: 0.9051 | AUPR: 0.8939
[Epoch 12/100] Train Loss: 0.4088 Valid Loss: 0.4610 | Acc: 0.8346 | Prec: 0.8555 | Recall: 0.8019 | F1: 0.8278 | MCC: 0.6703 | AUROC: 0.9058 | AUPR: 0.8966
[Epoch 13/100] Train Loss: 0.4030 Valid Loss: 0.4712 | Acc: 0.8289 | Prec: 0.8272 | Recall: 0.8278 | F1: 0.8275 | MCC: 0.6577 | AUROC: 0.8979 | AUPR: 0.8925
EarlyStopping counter: 1 out of 10
[Epoch 14/100] Train Loss: 0.3953 Valid Loss: 0.4549 | Acc: 0.8328 | Prec: 0.8096 | Recall: 0.8667 | F1: 0.8372 | MCC: 0.6674 | AUROC: 0.9150 | AUPR: 0.9074
[Epoch 15/100] Train Loss: 0.3898 Valid Loss: 0.4571 | Acc: 0.8339 | Prec: 0.8356 | Recall: 0.8278 | F1: 0.8317 | MCC: 0.6677 | AUROC: 0.9099 | AUPR: 0.9064
EarlyStopping counter: 1 out of 10
[Epoch 16/100] Train Loss: 0.3847 Valid Loss: 0.4583 | Acc: 0.8407 | Prec: 0.8499 | Recall: 0.8242 | F1: 0.8369 | MCC: 0.6815 | AUROC: 0.9095 | AUPR: 0.8977
EarlyStopping counter: 2 out of 10
[Epoch 17/100] Train Loss: 0.3779 Valid Loss: 0.4454 | Acc: 0.8392 | Prec: 0.8423 | Recall: 0.8314 | F1: 0.8368 | MCC: 0.6785 | AUROC: 0.9185 | AUPR: 0.9125
[Epoch 18/100] Train Loss: 0.3722 Valid Loss: 0.4953 | Acc: 0.8307 | Prec: 0.8178 | Recall: 0.8473 | F1: 0.8323 | MCC: 0.6618 | AUROC: 0.8985 | AUPR: 0.8947
EarlyStopping counter: 1 out of 10
[Epoch 19/100] Train Loss: 0.3639 Valid Loss: 0.4655 | Acc: 0.8328 | Prec: 0.8343 | Recall: 0.8271 | F1: 0.8307 | MCC: 0.6656 | AUROC: 0.9058 | AUPR: 0.8970
EarlyStopping counter: 2 out of 10
[Epoch 20/100] Train Loss: 0.3587 Valid Loss: 0.4547 | Acc: 0.8360 | Prec: 0.8188 | Recall: 0.8595 | F1: 0.8387 | MCC: 0.6730 | AUROC: 0.9152 | AUPR: 0.9139
EarlyStopping counter: 3 out of 10
[Epoch 21/100] Train Loss: 0.3536 Valid Loss: 0.4477 | Acc: 0.8532 | Prec: 0.8467 | Recall: 0.8595 | F1: 0.8531 | MCC: 0.7064 | AUROC: 0.9186 | AUPR: 0.9155
EarlyStopping counter: 4 out of 10
[Epoch 22/100] Train Loss: 0.3496 Valid Loss: 0.4749 | Acc: 0.8328 | Prec: 0.8142 | Recall: 0.8588 | F1: 0.8359 | MCC: 0.6667 | AUROC: 0.9112 | AUPR: 0.9120
EarlyStopping counter: 5 out of 10
[Epoch 23/100] Train Loss: 0.3482 Valid Loss: 0.4758 | Acc: 0.8285 | Prec: 0.8476 | Recall: 0.7976 | F1: 0.8218 | MCC: 0.6580 | AUROC: 0.9044 | AUPR: 0.8984
EarlyStopping counter: 6 out of 10
[Epoch 24/100] Train Loss: 0.3127 Valid Loss: 0.4745 | Acc: 0.8432 | Prec: 0.8517 | Recall: 0.8278 | F1: 0.8396 | MCC: 0.6865 | AUROC: 0.9142 | AUPR: 0.9052
EarlyStopping counter: 7 out of 10
[Epoch 25/100] Train Loss: 0.3025 Valid Loss: 0.4750 | Acc: 0.8360 | Prec: 0.8388 | Recall: 0.8285 | F1: 0.8336 | MCC: 0.6720 | AUROC: 0.9106 | AUPR: 0.8960
EarlyStopping counter: 8 out of 10
[Epoch 26/100] Train Loss: 0.2959 Valid Loss: 0.4812 | Acc: 0.8385 | Prec: 0.8487 | Recall: 0.8206 | F1: 0.8344 | MCC: 0.6773 | AUROC: 0.9107 | AUPR: 0.8971
EarlyStopping counter: 9 out of 10
[Epoch 27/100] Train Loss: 0.2907 Valid Loss: 0.4823 | Acc: 0.8407 | Prec: 0.8388 | Recall: 0.8401 | F1: 0.8395 | MCC: 0.6813 | AUROC: 0.9119 | AUPR: 0.8962
EarlyStopping counter: 10 out of 10
Early stopping at epoch 27
Best model at epoch 21 with Score = 0.9186
Seed 1234 Test Results:
[Test] Loss: 0.5403 | Acc: 0.7952 | Prec: 0.8283 | Recall: 0.7496 | F1: 0.7870 | MCC: 0.5935 | AUROC: 0.8639 | AUPR: 0.8693

============================================================
Training Seed 3407
============================================================
Loading data /home/qfchen/ProteinDrugInter/datasets/SNAP/drug_split_results/seed_3407/drug_train.csv......
Columns in the dataset: ['DRUG_ID', 'UNIPROT_ID', 'Label', 'DRUG_NAME', 'SMILES', 'GENE_NAME', 'SEQUENCE']
Loaded 19215 valid pairs (time: 208.05s)
Loading data /home/qfchen/ProteinDrugInter/datasets/SNAP/drug_split_results/seed_3407/drug_val.csv......
Columns in the dataset: ['DRUG_ID', 'UNIPROT_ID', 'Label', 'DRUG_NAME', 'SMILES', 'GENE_NAME', 'SEQUENCE']
Loaded 2931 valid pairs (time: 32.68s)
Loading data /home/qfchen/ProteinDrugInter/datasets/SNAP/drug_split_results/seed_3407/drug_test.csv......
Columns in the dataset: ['DRUG_ID', 'UNIPROT_ID', 'Label', 'DRUG_NAME', 'SMILES', 'GENE_NAME', 'SEQUENCE']
Loaded 5565 valid pairs (time: 60.09s)
[Epoch 1/100] Train Loss: 0.5861 Valid Loss: 0.5935 | Acc: 0.6824 | Prec: 0.8469 | Recall: 0.5009 | F1: 0.6295 | MCC: 0.4228 | AUROC: 0.7983 | AUPR: 0.8358
[Epoch 2/100] Train Loss: 0.5367 Valid Loss: 0.5663 | Acc: 0.7148 | Prec: 0.7923 | Recall: 0.6377 | F1: 0.7067 | MCC: 0.4451 | AUROC: 0.8143 | AUPR: 0.8422
[Epoch 3/100] Train Loss: 0.5168 Valid Loss: 0.5576 | Acc: 0.7329 | Prec: 0.8625 | Recall: 0.5997 | F1: 0.7075 | MCC: 0.5027 | AUROC: 0.8403 | AUPR: 0.8645
[Epoch 4/100] Train Loss: 0.4985 Valid Loss: 0.5560 | Acc: 0.7380 | Prec: 0.8836 | Recall: 0.5915 | F1: 0.7086 | MCC: 0.5196 | AUROC: 0.8343 | AUPR: 0.8671
EarlyStopping counter: 1 out of 10
[Epoch 5/100] Train Loss: 0.4809 Valid Loss: 0.5621 | Acc: 0.7380 | Prec: 0.8371 | Recall: 0.6377 | F1: 0.7239 | MCC: 0.4994 | AUROC: 0.8273 | AUPR: 0.8555
EarlyStopping counter: 2 out of 10
[Epoch 6/100] Train Loss: 0.4711 Valid Loss: 0.5421 | Acc: 0.7468 | Prec: 0.8532 | Recall: 0.6403 | F1: 0.7315 | MCC: 0.5197 | AUROC: 0.8431 | AUPR: 0.8725
[Epoch 7/100] Train Loss: 0.4580 Valid Loss: 0.5221 | Acc: 0.7673 | Prec: 0.8463 | Recall: 0.6941 | F1: 0.7627 | MCC: 0.5490 | AUROC: 0.8604 | AUPR: 0.8853
[Epoch 8/100] Train Loss: 0.4497 Valid Loss: 0.5196 | Acc: 0.7711 | Prec: 0.8434 | Recall: 0.7061 | F1: 0.7687 | MCC: 0.5540 | AUROC: 0.8585 | AUPR: 0.8851
EarlyStopping counter: 1 out of 10
[Epoch 9/100] Train Loss: 0.4374 Valid Loss: 0.5402 | Acc: 0.7557 | Prec: 0.8557 | Recall: 0.6574 | F1: 0.7436 | MCC: 0.5343 | AUROC: 0.8482 | AUPR: 0.8784
EarlyStopping counter: 2 out of 10
[Epoch 10/100] Train Loss: 0.4300 Valid Loss: 0.5428 | Acc: 0.7639 | Prec: 0.8383 | Recall: 0.6960 | F1: 0.7606 | MCC: 0.5406 | AUROC: 0.8488 | AUPR: 0.8703
EarlyStopping counter: 3 out of 10
[Epoch 11/100] Train Loss: 0.4210 Valid Loss: 0.5436 | Acc: 0.7602 | Prec: 0.8283 | Recall: 0.6998 | F1: 0.7587 | MCC: 0.5310 | AUROC: 0.8438 | AUPR: 0.8747
EarlyStopping counter: 4 out of 10
[Epoch 12/100] Train Loss: 0.4111 Valid Loss: 0.5818 | Acc: 0.7400 | Prec: 0.7831 | Recall: 0.7156 | F1: 0.7478 | MCC: 0.4827 | AUROC: 0.8112 | AUPR: 0.8462
EarlyStopping counter: 5 out of 10
[Epoch 13/100] Train Loss: 0.4060 Valid Loss: 0.5153 | Acc: 0.7837 | Prec: 0.8173 | Recall: 0.7707 | F1: 0.7934 | MCC: 0.5679 | AUROC: 0.8697 | AUPR: 0.8892
[Epoch 14/100] Train Loss: 0.3960 Valid Loss: 0.5532 | Acc: 0.7663 | Prec: 0.8487 | Recall: 0.6890 | F1: 0.7606 | MCC: 0.5482 | AUROC: 0.8489 | AUPR: 0.8784
EarlyStopping counter: 1 out of 10
[Epoch 15/100] Train Loss: 0.3885 Valid Loss: 0.5425 | Acc: 0.7687 | Prec: 0.7997 | Recall: 0.7612 | F1: 0.7800 | MCC: 0.5372 | AUROC: 0.8431 | AUPR: 0.8656
EarlyStopping counter: 2 out of 10
[Epoch 16/100] Train Loss: 0.3823 Valid Loss: 0.5487 | Acc: 0.7680 | Prec: 0.8190 | Recall: 0.7308 | F1: 0.7724 | MCC: 0.5410 | AUROC: 0.8454 | AUPR: 0.8696
EarlyStopping counter: 3 out of 10
[Epoch 17/100] Train Loss: 0.3793 Valid Loss: 0.5384 | Acc: 0.7762 | Prec: 0.8248 | Recall: 0.7422 | F1: 0.7813 | MCC: 0.5567 | AUROC: 0.8530 | AUPR: 0.8762
EarlyStopping counter: 4 out of 10
[Epoch 18/100] Train Loss: 0.3693 Valid Loss: 0.6051 | Acc: 0.7513 | Prec: 0.8259 | Recall: 0.6821 | F1: 0.7471 | MCC: 0.5158 | AUROC: 0.8287 | AUPR: 0.8531
EarlyStopping counter: 5 out of 10
[Epoch 19/100] Train Loss: 0.3648 Valid Loss: 0.5619 | Acc: 0.7735 | Prec: 0.8097 | Recall: 0.7574 | F1: 0.7827 | MCC: 0.5480 | AUROC: 0.8470 | AUPR: 0.8795
EarlyStopping counter: 6 out of 10
[Epoch 20/100] Train Loss: 0.3312 Valid Loss: 0.5780 | Acc: 0.7793 | Prec: 0.8310 | Recall: 0.7410 | F1: 0.7834 | MCC: 0.5637 | AUROC: 0.8499 | AUPR: 0.8800
EarlyStopping counter: 7 out of 10
[Epoch 21/100] Train Loss: 0.3196 Valid Loss: 0.5728 | Acc: 0.7748 | Prec: 0.8167 | Recall: 0.7505 | F1: 0.7822 | MCC: 0.5521 | AUROC: 0.8532 | AUPR: 0.8822
EarlyStopping counter: 8 out of 10
[Epoch 22/100] Train Loss: 0.3137 Valid Loss: 0.5655 | Acc: 0.7830 | Prec: 0.8129 | Recall: 0.7758 | F1: 0.7939 | MCC: 0.5658 | AUROC: 0.8555 | AUPR: 0.8806
EarlyStopping counter: 9 out of 10
[Epoch 23/100] Train Loss: 0.3106 Valid Loss: 0.5906 | Acc: 0.7721 | Prec: 0.8126 | Recall: 0.7498 | F1: 0.7800 | MCC: 0.5463 | AUROC: 0.8463 | AUPR: 0.8761
EarlyStopping counter: 10 out of 10
Early stopping at epoch 23
Best model at epoch 13 with Score = 0.8697
Seed 3407 Test Results:
[Test] Loss: 0.4944 | Acc: 0.8099 | Prec: 0.8194 | Recall: 0.7909 | F1: 0.8049 | MCC: 0.6200 | AUROC: 0.8844 | AUPR: 0.8872

============================================================
Training Seed 5678
============================================================
Loading data /home/qfchen/ProteinDrugInter/datasets/SNAP/drug_split_results/seed_5678/drug_train.csv......
Columns in the dataset: ['DRUG_ID', 'UNIPROT_ID', 'Label', 'DRUG_NAME', 'SMILES', 'GENE_NAME', 'SEQUENCE']
Loaded 19549 valid pairs (time: 211.44s)
Loading data /home/qfchen/ProteinDrugInter/datasets/SNAP/drug_split_results/seed_5678/drug_val.csv......
Columns in the dataset: ['DRUG_ID', 'UNIPROT_ID', 'Label', 'DRUG_NAME', 'SMILES', 'GENE_NAME', 'SEQUENCE']
Loaded 2761 valid pairs (time: 29.82s)
Loading data /home/qfchen/ProteinDrugInter/datasets/SNAP/drug_split_results/seed_5678/drug_test.csv......
Columns in the dataset: ['DRUG_ID', 'UNIPROT_ID', 'Label', 'DRUG_NAME', 'SMILES', 'GENE_NAME', 'SEQUENCE']
Loaded 5401 valid pairs (time: 58.76s)
[Epoch 1/100] Train Loss: 0.5947 Valid Loss: 0.5646 | Acc: 0.7432 | Prec: 0.7545 | Recall: 0.6963 | F1: 0.7242 | MCC: 0.4861 | AUROC: 0.8161 | AUPR: 0.8276
[Epoch 2/100] Train Loss: 0.5410 Valid Loss: 0.5143 | Acc: 0.7932 | Prec: 0.8366 | Recall: 0.7120 | F1: 0.7693 | MCC: 0.5903 | AUROC: 0.8572 | AUPR: 0.8711
[Epoch 3/100] Train Loss: 0.5128 Valid Loss: 0.4945 | Acc: 0.8088 | Prec: 0.8233 | Recall: 0.7704 | F1: 0.7960 | MCC: 0.6176 | AUROC: 0.8747 | AUPR: 0.8861
[Epoch 4/100] Train Loss: 0.4925 Valid Loss: 0.5155 | Acc: 0.7972 | Prec: 0.8581 | Recall: 0.6963 | F1: 0.7688 | MCC: 0.6018 | AUROC: 0.8637 | AUPR: 0.8740
EarlyStopping counter: 1 out of 10
[Epoch 5/100] Train Loss: 0.4766 Valid Loss: 0.4770 | Acc: 0.8182 | Prec: 0.8151 | Recall: 0.8078 | F1: 0.8114 | MCC: 0.6359 | AUROC: 0.8928 | AUPR: 0.9007
[Epoch 6/100] Train Loss: 0.4671 Valid Loss: 0.4775 | Acc: 0.8236 | Prec: 0.8357 | Recall: 0.7913 | F1: 0.8129 | MCC: 0.6472 | AUROC: 0.8921 | AUPR: 0.8959
EarlyStopping counter: 1 out of 10
[Epoch 7/100] Train Loss: 0.4532 Valid Loss: 0.4720 | Acc: 0.8294 | Prec: 0.8305 | Recall: 0.8138 | F1: 0.8221 | MCC: 0.6584 | AUROC: 0.8986 | AUPR: 0.8951
[Epoch 8/100] Train Loss: 0.4408 Valid Loss: 0.4685 | Acc: 0.8283 | Prec: 0.8180 | Recall: 0.8302 | F1: 0.8241 | MCC: 0.6565 | AUROC: 0.9025 | AUPR: 0.8983
[Epoch 9/100] Train Loss: 0.4319 Valid Loss: 0.4607 | Acc: 0.8280 | Prec: 0.8260 | Recall: 0.8168 | F1: 0.8214 | MCC: 0.6555 | AUROC: 0.9064 | AUPR: 0.9088
[Epoch 10/100] Train Loss: 0.4198 Valid Loss: 0.4622 | Acc: 0.8319 | Prec: 0.8275 | Recall: 0.8250 | F1: 0.8262 | MCC: 0.6635 | AUROC: 0.9033 | AUPR: 0.8981
EarlyStopping counter: 1 out of 10
[Epoch 11/100] Train Loss: 0.4130 Valid Loss: 0.4583 | Acc: 0.8301 | Prec: 0.8401 | Recall: 0.8018 | F1: 0.8205 | MCC: 0.6601 | AUROC: 0.9056 | AUPR: 0.9086
EarlyStopping counter: 2 out of 10
[Epoch 12/100] Train Loss: 0.4037 Valid Loss: 0.4798 | Acc: 0.8171 | Prec: 0.8095 | Recall: 0.8138 | F1: 0.8116 | MCC: 0.6339 | AUROC: 0.8966 | AUPR: 0.8866
EarlyStopping counter: 3 out of 10
[Epoch 13/100] Train Loss: 0.3964 Valid Loss: 0.4647 | Acc: 0.8327 | Prec: 0.8163 | Recall: 0.8444 | F1: 0.8301 | MCC: 0.6657 | AUROC: 0.9052 | AUPR: 0.9083
EarlyStopping counter: 4 out of 10
[Epoch 14/100] Train Loss: 0.3878 Valid Loss: 0.4608 | Acc: 0.8334 | Prec: 0.8645 | Recall: 0.7779 | F1: 0.8189 | MCC: 0.6686 | AUROC: 0.9063 | AUPR: 0.9063
EarlyStopping counter: 5 out of 10
[Epoch 15/100] Train Loss: 0.3842 Valid Loss: 0.4729 | Acc: 0.8258 | Prec: 0.8170 | Recall: 0.8250 | F1: 0.8210 | MCC: 0.6514 | AUROC: 0.8985 | AUPR: 0.9019
EarlyStopping counter: 6 out of 10
[Epoch 16/100] Train Loss: 0.3749 Valid Loss: 0.4727 | Acc: 0.8156 | Prec: 0.7847 | Recall: 0.8534 | F1: 0.8176 | MCC: 0.6342 | AUROC: 0.9048 | AUPR: 0.9073
EarlyStopping counter: 7 out of 10
[Epoch 17/100] Train Loss: 0.3685 Valid Loss: 0.4557 | Acc: 0.8370 | Prec: 0.8489 | Recall: 0.8070 | F1: 0.8275 | MCC: 0.6740 | AUROC: 0.9117 | AUPR: 0.9125
[Epoch 18/100] Train Loss: 0.3646 Valid Loss: 0.4869 | Acc: 0.8193 | Prec: 0.7779 | Recall: 0.8773 | F1: 0.8246 | MCC: 0.6445 | AUROC: 0.9124 | AUPR: 0.9077
[Epoch 19/100] Train Loss: 0.3520 Valid Loss: 0.4667 | Acc: 0.8312 | Prec: 0.8144 | Recall: 0.8437 | F1: 0.8288 | MCC: 0.6629 | AUROC: 0.9096 | AUPR: 0.9047
EarlyStopping counter: 1 out of 10
[Epoch 20/100] Train Loss: 0.3486 Valid Loss: 0.4816 | Acc: 0.8243 | Prec: 0.7906 | Recall: 0.8669 | F1: 0.8270 | MCC: 0.6522 | AUROC: 0.9065 | AUPR: 0.9103
EarlyStopping counter: 2 out of 10
[Epoch 21/100] Train Loss: 0.3483 Valid Loss: 0.4689 | Acc: 0.8327 | Prec: 0.8287 | Recall: 0.8250 | F1: 0.8268 | MCC: 0.6650 | AUROC: 0.9098 | AUPR: 0.9130
EarlyStopping counter: 3 out of 10
[Epoch 22/100] Train Loss: 0.3434 Valid Loss: 0.4601 | Acc: 0.8399 | Prec: 0.8317 | Recall: 0.8392 | F1: 0.8354 | MCC: 0.6796 | AUROC: 0.9121 | AUPR: 0.9123
EarlyStopping counter: 4 out of 10
[Epoch 23/100] Train Loss: 0.3340 Valid Loss: 0.4574 | Acc: 0.8396 | Prec: 0.8397 | Recall: 0.8265 | F1: 0.8330 | MCC: 0.6787 | AUROC: 0.9155 | AUPR: 0.9212
[Epoch 24/100] Train Loss: 0.3045 Valid Loss: 0.4643 | Acc: 0.8435 | Prec: 0.8400 | Recall: 0.8362 | F1: 0.8381 | MCC: 0.6867 | AUROC: 0.9189 | AUPR: 0.9193
[Epoch 25/100] Train Loss: 0.2943 Valid Loss: 0.4717 | Acc: 0.8475 | Prec: 0.8403 | Recall: 0.8459 | F1: 0.8431 | MCC: 0.6948 | AUROC: 0.9150 | AUPR: 0.9145
EarlyStopping counter: 1 out of 10
[Epoch 26/100] Train Loss: 0.2865 Valid Loss: 0.4742 | Acc: 0.8519 | Prec: 0.8412 | Recall: 0.8556 | F1: 0.8484 | MCC: 0.7037 | AUROC: 0.9176 | AUPR: 0.9109
EarlyStopping counter: 2 out of 10
[Epoch 27/100] Train Loss: 0.2837 Valid Loss: 0.4668 | Acc: 0.8479 | Prec: 0.8291 | Recall: 0.8639 | F1: 0.8462 | MCC: 0.6964 | AUROC: 0.9202 | AUPR: 0.9147
[Epoch 28/100] Train Loss: 0.2815 Valid Loss: 0.4708 | Acc: 0.8486 | Prec: 0.8376 | Recall: 0.8527 | F1: 0.8451 | MCC: 0.6972 | AUROC: 0.9188 | AUPR: 0.9163
EarlyStopping counter: 1 out of 10
[Epoch 29/100] Train Loss: 0.2789 Valid Loss: 0.4785 | Acc: 0.8421 | Prec: 0.8253 | Recall: 0.8549 | F1: 0.8398 | MCC: 0.6846 | AUROC: 0.9168 | AUPR: 0.9118
EarlyStopping counter: 2 out of 10
[Epoch 30/100] Train Loss: 0.2734 Valid Loss: 0.4726 | Acc: 0.8446 | Prec: 0.8252 | Recall: 0.8616 | F1: 0.8430 | MCC: 0.6900 | AUROC: 0.9177 | AUPR: 0.9120
EarlyStopping counter: 3 out of 10
[Epoch 31/100] Train Loss: 0.2746 Valid Loss: 0.4739 | Acc: 0.8461 | Prec: 0.8429 | Recall: 0.8384 | F1: 0.8406 | MCC: 0.6918 | AUROC: 0.9179 | AUPR: 0.9175
EarlyStopping counter: 4 out of 10
[Epoch 32/100] Train Loss: 0.2712 Valid Loss: 0.4762 | Acc: 0.8493 | Prec: 0.8449 | Recall: 0.8437 | F1: 0.8443 | MCC: 0.6983 | AUROC: 0.9192 | AUPR: 0.9161
EarlyStopping counter: 5 out of 10
[Epoch 33/100] Train Loss: 0.2731 Valid Loss: 0.4797 | Acc: 0.8486 | Prec: 0.8421 | Recall: 0.8459 | F1: 0.8440 | MCC: 0.6970 | AUROC: 0.9163 | AUPR: 0.9049
EarlyStopping counter: 6 out of 10
[Epoch 34/100] Train Loss: 0.2730 Valid Loss: 0.4683 | Acc: 0.8497 | Prec: 0.8370 | Recall: 0.8564 | F1: 0.8466 | MCC: 0.6995 | AUROC: 0.9215 | AUPR: 0.9204
[Epoch 35/100] Train Loss: 0.2726 Valid Loss: 0.4809 | Acc: 0.8468 | Prec: 0.8400 | Recall: 0.8444 | F1: 0.8422 | MCC: 0.6933 | AUROC: 0.9182 | AUPR: 0.9119
EarlyStopping counter: 1 out of 10
[Epoch 36/100] Train Loss: 0.2685 Valid Loss: 0.4833 | Acc: 0.8446 | Prec: 0.8271 | Recall: 0.8586 | F1: 0.8426 | MCC: 0.6898 | AUROC: 0.9177 | AUPR: 0.9125
EarlyStopping counter: 2 out of 10
[Epoch 37/100] Train Loss: 0.2692 Valid Loss: 0.4817 | Acc: 0.8428 | Prec: 0.8377 | Recall: 0.8377 | F1: 0.8377 | MCC: 0.6853 | AUROC: 0.9154 | AUPR: 0.9080
EarlyStopping counter: 3 out of 10
[Epoch 38/100] Train Loss: 0.2667 Valid Loss: 0.4857 | Acc: 0.8421 | Prec: 0.8220 | Recall: 0.8601 | F1: 0.8406 | MCC: 0.6850 | AUROC: 0.9166 | AUPR: 0.9081
EarlyStopping counter: 4 out of 10
[Epoch 39/100] Train Loss: 0.2732 Valid Loss: 0.4755 | Acc: 0.8537 | Prec: 0.8558 | Recall: 0.8392 | F1: 0.8474 | MCC: 0.7070 | AUROC: 0.9211 | AUPR: 0.9185
EarlyStopping counter: 5 out of 10
[Epoch 40/100] Train Loss: 0.2710 Valid Loss: 0.4757 | Acc: 0.8475 | Prec: 0.8475 | Recall: 0.8355 | F1: 0.8414 | MCC: 0.6947 | AUROC: 0.9175 | AUPR: 0.9162
EarlyStopping counter: 6 out of 10
[Epoch 41/100] Train Loss: 0.2684 Valid Loss: 0.4800 | Acc: 0.8493 | Prec: 0.8315 | Recall: 0.8639 | F1: 0.8474 | MCC: 0.6992 | AUROC: 0.9172 | AUPR: 0.9086
EarlyStopping counter: 7 out of 10
[Epoch 42/100] Train Loss: 0.2690 Valid Loss: 0.4820 | Acc: 0.8475 | Prec: 0.8290 | Recall: 0.8631 | F1: 0.8457 | MCC: 0.6957 | AUROC: 0.9181 | AUPR: 0.9125
EarlyStopping counter: 8 out of 10
[Epoch 43/100] Train Loss: 0.2684 Valid Loss: 0.4793 | Acc: 0.8450 | Prec: 0.8354 | Recall: 0.8467 | F1: 0.8410 | MCC: 0.6898 | AUROC: 0.9187 | AUPR: 0.9182
EarlyStopping counter: 9 out of 10
[Epoch 44/100] Train Loss: 0.2696 Valid Loss: 0.4812 | Acc: 0.8472 | Prec: 0.8284 | Recall: 0.8631 | F1: 0.8454 | MCC: 0.6950 | AUROC: 0.9190 | AUPR: 0.9105
EarlyStopping counter: 10 out of 10
Early stopping at epoch 44
Best model at epoch 34 with Score = 0.9215
Seed 5678 Test Results:
[Test] Loss: 0.5529 | Acc: 0.8193 | Prec: 0.8138 | Recall: 0.8037 | F1: 0.8087 | MCC: 0.6375 | AUROC: 0.8864 | AUPR: 0.8785

============================================================
Training Seed 8888
============================================================
Loading data /home/qfchen/ProteinDrugInter/datasets/SNAP/drug_split_results/seed_8888/drug_train.csv......
Columns in the dataset: ['DRUG_ID', 'UNIPROT_ID', 'Label', 'DRUG_NAME', 'SMILES', 'GENE_NAME', 'SEQUENCE']
Loaded 19376 valid pairs (time: 211.21s)
Loading data /home/qfchen/ProteinDrugInter/datasets/SNAP/drug_split_results/seed_8888/drug_val.csv......
Columns in the dataset: ['DRUG_ID', 'UNIPROT_ID', 'Label', 'DRUG_NAME', 'SMILES', 'GENE_NAME', 'SEQUENCE']
Loaded 2950 valid pairs (time: 31.71s)
Loading data /home/qfchen/ProteinDrugInter/datasets/SNAP/drug_split_results/seed_8888/drug_test.csv......
Columns in the dataset: ['DRUG_ID', 'UNIPROT_ID', 'Label', 'DRUG_NAME', 'SMILES', 'GENE_NAME', 'SEQUENCE']
Loaded 5385 valid pairs (time: 58.48s)
[Epoch 1/100] Train Loss: 0.5935 Valid Loss: 0.6032 | Acc: 0.7156 | Prec: 0.7992 | Recall: 0.6228 | F1: 0.7000 | MCC: 0.4498 | AUROC: 0.7787 | AUPR: 0.8193
[Epoch 2/100] Train Loss: 0.5371 Valid Loss: 0.5508 | Acc: 0.7444 | Prec: 0.8272 | Recall: 0.6578 | F1: 0.7328 | MCC: 0.5058 | AUROC: 0.8240 | AUPR: 0.8514
[Epoch 3/100] Train Loss: 0.5101 Valid Loss: 0.5374 | Acc: 0.7563 | Prec: 0.8482 | Recall: 0.6609 | F1: 0.7429 | MCC: 0.5325 | AUROC: 0.8459 | AUPR: 0.8633
[Epoch 4/100] Train Loss: 0.4907 Valid Loss: 0.5692 | Acc: 0.7342 | Prec: 0.8724 | Recall: 0.5872 | F1: 0.7019 | MCC: 0.5089 | AUROC: 0.8389 | AUPR: 0.8591
EarlyStopping counter: 1 out of 10
[Epoch 5/100] Train Loss: 0.4802 Valid Loss: 0.5227 | Acc: 0.7695 | Prec: 0.8363 | Recall: 0.7055 | F1: 0.7654 | MCC: 0.5496 | AUROC: 0.8623 | AUPR: 0.8679
[Epoch 6/100] Train Loss: 0.4680 Valid Loss: 0.5575 | Acc: 0.7505 | Prec: 0.8635 | Recall: 0.6317 | F1: 0.7296 | MCC: 0.5296 | AUROC: 0.8294 | AUPR: 0.8609
EarlyStopping counter: 1 out of 10
[Epoch 7/100] Train Loss: 0.4568 Valid Loss: 0.5336 | Acc: 0.7624 | Prec: 0.8596 | Recall: 0.6622 | F1: 0.7481 | MCC: 0.5465 | AUROC: 0.8610 | AUPR: 0.8778
EarlyStopping counter: 2 out of 10
[Epoch 8/100] Train Loss: 0.4453 Valid Loss: 0.5302 | Acc: 0.7678 | Prec: 0.8404 | Recall: 0.6966 | F1: 0.7617 | MCC: 0.5482 | AUROC: 0.8537 | AUPR: 0.8687
EarlyStopping counter: 3 out of 10
[Epoch 9/100] Train Loss: 0.4365 Valid Loss: 0.5455 | Acc: 0.7702 | Prec: 0.8371 | Recall: 0.7061 | F1: 0.7660 | MCC: 0.5510 | AUROC: 0.8442 | AUPR: 0.8639
EarlyStopping counter: 4 out of 10
[Epoch 10/100] Train Loss: 0.4266 Valid Loss: 0.5283 | Acc: 0.7705 | Prec: 0.8123 | Recall: 0.7405 | F1: 0.7747 | MCC: 0.5443 | AUROC: 0.8579 | AUPR: 0.8739
EarlyStopping counter: 5 out of 10
[Epoch 11/100] Train Loss: 0.4212 Valid Loss: 0.5370 | Acc: 0.7858 | Prec: 0.8539 | Recall: 0.7214 | F1: 0.7821 | MCC: 0.5822 | AUROC: 0.8628 | AUPR: 0.8825
[Epoch 12/100] Train Loss: 0.3858 Valid Loss: 0.5408 | Acc: 0.7807 | Prec: 0.8383 | Recall: 0.7290 | F1: 0.7799 | MCC: 0.5689 | AUROC: 0.8595 | AUPR: 0.8759
EarlyStopping counter: 1 out of 10
[Epoch 13/100] Train Loss: 0.3721 Valid Loss: 0.5544 | Acc: 0.7749 | Prec: 0.8439 | Recall: 0.7087 | F1: 0.7704 | MCC: 0.5611 | AUROC: 0.8602 | AUPR: 0.8790
EarlyStopping counter: 2 out of 10
[Epoch 14/100] Train Loss: 0.3631 Valid Loss: 0.5376 | Acc: 0.7803 | Prec: 0.8422 | Recall: 0.7233 | F1: 0.7782 | MCC: 0.5695 | AUROC: 0.8646 | AUPR: 0.8787
[Epoch 15/100] Train Loss: 0.3625 Valid Loss: 0.5551 | Acc: 0.7736 | Prec: 0.8488 | Recall: 0.6997 | F1: 0.7671 | MCC: 0.5604 | AUROC: 0.8575 | AUPR: 0.8729
EarlyStopping counter: 1 out of 10
[Epoch 16/100] Train Loss: 0.3552 Valid Loss: 0.5526 | Acc: 0.7780 | Prec: 0.8429 | Recall: 0.7169 | F1: 0.7748 | MCC: 0.5658 | AUROC: 0.8615 | AUPR: 0.8810
EarlyStopping counter: 2 out of 10
[Epoch 17/100] Train Loss: 0.3520 Valid Loss: 0.5670 | Acc: 0.7725 | Prec: 0.8286 | Recall: 0.7226 | F1: 0.7720 | MCC: 0.5523 | AUROC: 0.8510 | AUPR: 0.8715
EarlyStopping counter: 3 out of 10
[Epoch 18/100] Train Loss: 0.3426 Valid Loss: 0.5683 | Acc: 0.7759 | Prec: 0.8367 | Recall: 0.7201 | F1: 0.7740 | MCC: 0.5604 | AUROC: 0.8576 | AUPR: 0.8749
EarlyStopping counter: 4 out of 10
[Epoch 19/100] Train Loss: 0.3443 Valid Loss: 0.5647 | Acc: 0.7732 | Prec: 0.8439 | Recall: 0.7048 | F1: 0.7681 | MCC: 0.5582 | AUROC: 0.8577 | AUPR: 0.8706
EarlyStopping counter: 5 out of 10
[Epoch 20/100] Train Loss: 0.3401 Valid Loss: 0.5698 | Acc: 0.7736 | Prec: 0.8466 | Recall: 0.7023 | F1: 0.7677 | MCC: 0.5597 | AUROC: 0.8599 | AUPR: 0.8745
EarlyStopping counter: 6 out of 10
[Epoch 21/100] Train Loss: 0.3425 Valid Loss: 0.5551 | Acc: 0.7766 | Prec: 0.8263 | Recall: 0.7354 | F1: 0.7782 | MCC: 0.5586 | AUROC: 0.8607 | AUPR: 0.8780
EarlyStopping counter: 7 out of 10
[Epoch 22/100] Train Loss: 0.3404 Valid Loss: 0.5628 | Acc: 0.7786 | Prec: 0.8376 | Recall: 0.7252 | F1: 0.7774 | MCC: 0.5653 | AUROC: 0.8597 | AUPR: 0.8778
EarlyStopping counter: 8 out of 10
[Epoch 23/100] Train Loss: 0.3405 Valid Loss: 0.5704 | Acc: 0.7715 | Prec: 0.8497 | Recall: 0.6940 | F1: 0.7640 | MCC: 0.5575 | AUROC: 0.8590 | AUPR: 0.8771
EarlyStopping counter: 9 out of 10
[Epoch 24/100] Train Loss: 0.3366 Valid Loss: 0.5660 | Acc: 0.7753 | Prec: 0.8425 | Recall: 0.7112 | F1: 0.7713 | MCC: 0.5611 | AUROC: 0.8601 | AUPR: 0.8764
EarlyStopping counter: 10 out of 10
Early stopping at epoch 24
Best model at epoch 14 with Score = 0.8646
Seed 8888 Test Results:
[Test] Loss: 0.4752 | Acc: 0.8269 | Prec: 0.8426 | Recall: 0.7858 | F1: 0.8132 | MCC: 0.6537 | AUROC: 0.9000 | AUPR: 0.8927

=== Final Test Results (with Mean ± Std) ===
             Accuracy    Precision  ...        AUROC         AUPR
Seed                                ...                          
42              0.821        0.812  ...        0.896        0.895
1234            0.795        0.828  ...        0.864        0.869
3407             0.81        0.819  ...        0.884        0.887
5678            0.819        0.814  ...        0.886        0.878
8888            0.827        0.843  ...          0.9        0.893
Mean±Std  0.814±0.012  0.823±0.013  ...  0.886±0.014  0.884±0.011

[6 rows x 7 columns]
