
=== Configuration ===
device: cuda:2
seed: 3407
batch_size: 32
epochs: 100
num_workers: 8
learning_rate: 0.0003
weight_decay: 5e-05
patience: 10
task: SNAP
task_lower: snap
data_prefix: prot
======================


============================================================
Training Seed 42
============================================================
Loading data /home/qfchen/ProteinDrugInter/datasets/SNAP/prot_split_results/seed_42/prot_train.csv......
Columns in the dataset: ['DRUG_ID', 'UNIPROT_ID', 'Label', 'DRUG_NAME', 'SMILES', 'GENE_NAME', 'SEQUENCE']
Loaded 19203 valid pairs (time: 213.18s)
Loading data /home/qfchen/ProteinDrugInter/datasets/SNAP/prot_split_results/seed_42/prot_val.csv......
Columns in the dataset: ['DRUG_ID', 'UNIPROT_ID', 'Label', 'DRUG_NAME', 'SMILES', 'GENE_NAME', 'SEQUENCE']
Loaded 2913 valid pairs (time: 36.99s)
Loading data /home/qfchen/ProteinDrugInter/datasets/SNAP/prot_split_results/seed_42/prot_test.csv......
Columns in the dataset: ['DRUG_ID', 'UNIPROT_ID', 'Label', 'DRUG_NAME', 'SMILES', 'GENE_NAME', 'SEQUENCE']
Loaded 5595 valid pairs (time: 67.33s)
[Epoch 1/100] Train Loss: 0.5946 Valid Loss: 0.5947 | Acc: 0.6921 | Prec: 0.8271 | Recall: 0.5037 | F1: 0.6261 | MCC: 0.4244 | AUROC: 0.7889 | AUPR: 0.8091
[Epoch 2/100] Train Loss: 0.5364 Valid Loss: 0.5486 | Acc: 0.7552 | Prec: 0.7799 | Recall: 0.7270 | F1: 0.7525 | MCC: 0.5122 | AUROC: 0.8320 | AUPR: 0.8563
[Epoch 3/100] Train Loss: 0.5107 Valid Loss: 0.5471 | Acc: 0.7432 | Prec: 0.8228 | Recall: 0.6351 | F1: 0.7169 | MCC: 0.5027 | AUROC: 0.8408 | AUPR: 0.8536
[Epoch 4/100] Train Loss: 0.4984 Valid Loss: 0.5061 | Acc: 0.7909 | Prec: 0.8306 | Recall: 0.7431 | F1: 0.7844 | MCC: 0.5861 | AUROC: 0.8739 | AUPR: 0.8881
[Epoch 5/100] Train Loss: 0.4809 Valid Loss: 0.5292 | Acc: 0.7693 | Prec: 0.8693 | Recall: 0.6465 | F1: 0.7415 | MCC: 0.5606 | AUROC: 0.8670 | AUPR: 0.8786
EarlyStopping counter: 1 out of 10
[Epoch 6/100] Train Loss: 0.4682 Valid Loss: 0.4975 | Acc: 0.8067 | Prec: 0.8372 | Recall: 0.7726 | F1: 0.8036 | MCC: 0.6159 | AUROC: 0.8839 | AUPR: 0.8973
[Epoch 7/100] Train Loss: 0.4603 Valid Loss: 0.4951 | Acc: 0.8102 | Prec: 0.8670 | Recall: 0.7431 | F1: 0.8003 | MCC: 0.6281 | AUROC: 0.8893 | AUPR: 0.9024
[Epoch 8/100] Train Loss: 0.4468 Valid Loss: 0.5084 | Acc: 0.8074 | Prec: 0.8159 | Recall: 0.8055 | F1: 0.8107 | MCC: 0.6148 | AUROC: 0.8762 | AUPR: 0.8818
EarlyStopping counter: 1 out of 10
[Epoch 9/100] Train Loss: 0.4386 Valid Loss: 0.5135 | Acc: 0.7810 | Prec: 0.8134 | Recall: 0.7425 | F1: 0.7763 | MCC: 0.5649 | AUROC: 0.8692 | AUPR: 0.8864
EarlyStopping counter: 2 out of 10
[Epoch 10/100] Train Loss: 0.4292 Valid Loss: 0.5167 | Acc: 0.7913 | Prec: 0.8518 | Recall: 0.7170 | F1: 0.7786 | MCC: 0.5917 | AUROC: 0.8713 | AUPR: 0.8838
EarlyStopping counter: 3 out of 10
[Epoch 11/100] Train Loss: 0.4238 Valid Loss: 0.4987 | Acc: 0.7968 | Prec: 0.8199 | Recall: 0.7726 | F1: 0.7956 | MCC: 0.5949 | AUROC: 0.8789 | AUPR: 0.8935
EarlyStopping counter: 4 out of 10
[Epoch 12/100] Train Loss: 0.4150 Valid Loss: 0.4898 | Acc: 0.8105 | Prec: 0.8420 | Recall: 0.7753 | F1: 0.8073 | MCC: 0.6236 | AUROC: 0.8885 | AUPR: 0.9028
EarlyStopping counter: 5 out of 10
[Epoch 13/100] Train Loss: 0.4048 Valid Loss: 0.4957 | Acc: 0.8040 | Prec: 0.8533 | Recall: 0.7451 | F1: 0.7956 | MCC: 0.6141 | AUROC: 0.8798 | AUPR: 0.8893
EarlyStopping counter: 6 out of 10
[Epoch 14/100] Train Loss: 0.3990 Valid Loss: 0.4867 | Acc: 0.8184 | Prec: 0.8421 | Recall: 0.7941 | F1: 0.8174 | MCC: 0.6382 | AUROC: 0.8889 | AUPR: 0.9033
EarlyStopping counter: 7 out of 10
[Epoch 15/100] Train Loss: 0.3916 Valid Loss: 0.5219 | Acc: 0.7933 | Prec: 0.8370 | Recall: 0.7404 | F1: 0.7858 | MCC: 0.5917 | AUROC: 0.8655 | AUPR: 0.8789
EarlyStopping counter: 8 out of 10
[Epoch 16/100] Train Loss: 0.3856 Valid Loss: 0.4869 | Acc: 0.8136 | Prec: 0.8435 | Recall: 0.7807 | F1: 0.8109 | MCC: 0.6295 | AUROC: 0.8849 | AUPR: 0.9029
EarlyStopping counter: 9 out of 10
[Epoch 17/100] Train Loss: 0.3797 Valid Loss: 0.4971 | Acc: 0.8105 | Prec: 0.8603 | Recall: 0.7518 | F1: 0.8024 | MCC: 0.6272 | AUROC: 0.8872 | AUPR: 0.8982
EarlyStopping counter: 10 out of 10
Early stopping at epoch 17
Best model at epoch 7 with Score = 0.8893
Seed 42 Test Results:
[Test] Loss: 0.5695 | Acc: 0.7489 | Prec: 0.8383 | Recall: 0.6160 | F1: 0.7101 | MCC: 0.5160 | AUROC: 0.8308 | AUPR: 0.8405

============================================================
Training Seed 1234
============================================================
Loading data /home/qfchen/ProteinDrugInter/datasets/SNAP/prot_split_results/seed_1234/prot_train.csv......
Columns in the dataset: ['DRUG_ID', 'UNIPROT_ID', 'Label', 'DRUG_NAME', 'SMILES', 'GENE_NAME', 'SEQUENCE']
Loaded 19250 valid pairs (time: 207.97s)
Loading data /home/qfchen/ProteinDrugInter/datasets/SNAP/prot_split_results/seed_1234/prot_val.csv......
Columns in the dataset: ['DRUG_ID', 'UNIPROT_ID', 'Label', 'DRUG_NAME', 'SMILES', 'GENE_NAME', 'SEQUENCE']
Loaded 2421 valid pairs (time: 27.23s)
Loading data /home/qfchen/ProteinDrugInter/datasets/SNAP/prot_split_results/seed_1234/prot_test.csv......
Columns in the dataset: ['DRUG_ID', 'UNIPROT_ID', 'Label', 'DRUG_NAME', 'SMILES', 'GENE_NAME', 'SEQUENCE']
Loaded 6040 valid pairs (time: 65.66s)
[Epoch 1/100] Train Loss: 0.6021 Valid Loss: 0.6850 | Acc: 0.6720 | Prec: 0.7615 | Recall: 0.3736 | F1: 0.5013 | MCC: 0.3390 | AUROC: 0.7198 | AUPR: 0.6589
[Epoch 2/100] Train Loss: 0.5384 Valid Loss: 0.6287 | Acc: 0.6877 | Prec: 0.7422 | Recall: 0.4476 | F1: 0.5584 | MCC: 0.3651 | AUROC: 0.7322 | AUPR: 0.7062
[Epoch 3/100] Train Loss: 0.5143 Valid Loss: 0.6039 | Acc: 0.7138 | Prec: 0.7803 | Recall: 0.4888 | F1: 0.6010 | MCC: 0.4221 | AUROC: 0.7648 | AUPR: 0.7478
[Epoch 4/100] Train Loss: 0.4935 Valid Loss: 0.6133 | Acc: 0.7092 | Prec: 0.7676 | Recall: 0.4888 | F1: 0.5973 | MCC: 0.4110 | AUROC: 0.7615 | AUPR: 0.7256
EarlyStopping counter: 1 out of 10
[Epoch 5/100] Train Loss: 0.4811 Valid Loss: 0.6257 | Acc: 0.7010 | Prec: 0.6849 | Recall: 0.5964 | F1: 0.6376 | MCC: 0.3878 | AUROC: 0.7613 | AUPR: 0.7204
EarlyStopping counter: 2 out of 10
[Epoch 6/100] Train Loss: 0.4669 Valid Loss: 0.6032 | Acc: 0.7208 | Prec: 0.7290 | Recall: 0.5843 | F1: 0.6486 | MCC: 0.4287 | AUROC: 0.7706 | AUPR: 0.7388
[Epoch 7/100] Train Loss: 0.4547 Valid Loss: 0.6193 | Acc: 0.7117 | Prec: 0.7224 | Recall: 0.5627 | F1: 0.6326 | MCC: 0.4098 | AUROC: 0.7672 | AUPR: 0.7350
EarlyStopping counter: 1 out of 10
[Epoch 8/100] Train Loss: 0.4426 Valid Loss: 0.5968 | Acc: 0.7373 | Prec: 0.7784 | Recall: 0.5655 | F1: 0.6551 | MCC: 0.4665 | AUROC: 0.7918 | AUPR: 0.7477
[Epoch 9/100] Train Loss: 0.4346 Valid Loss: 0.5916 | Acc: 0.7418 | Prec: 0.7615 | Recall: 0.6039 | F1: 0.6736 | MCC: 0.4733 | AUROC: 0.7962 | AUPR: 0.7729
[Epoch 10/100] Train Loss: 0.4255 Valid Loss: 0.5804 | Acc: 0.7390 | Prec: 0.7045 | Recall: 0.7032 | F1: 0.7038 | MCC: 0.4705 | AUROC: 0.8082 | AUPR: 0.7967
[Epoch 11/100] Train Loss: 0.4178 Valid Loss: 0.6066 | Acc: 0.7431 | Prec: 0.7746 | Recall: 0.5890 | F1: 0.6691 | MCC: 0.4771 | AUROC: 0.8059 | AUPR: 0.7885
EarlyStopping counter: 1 out of 10
[Epoch 12/100] Train Loss: 0.4098 Valid Loss: 0.5959 | Acc: 0.7332 | Prec: 0.7477 | Recall: 0.5964 | F1: 0.6635 | MCC: 0.4549 | AUROC: 0.7975 | AUPR: 0.7616
EarlyStopping counter: 2 out of 10
[Epoch 13/100] Train Loss: 0.4015 Valid Loss: 0.5843 | Acc: 0.7534 | Prec: 0.7466 | Recall: 0.6676 | F1: 0.7049 | MCC: 0.4965 | AUROC: 0.8142 | AUPR: 0.7862
[Epoch 14/100] Train Loss: 0.3975 Valid Loss: 0.5841 | Acc: 0.7501 | Prec: 0.7254 | Recall: 0.6976 | F1: 0.7112 | MCC: 0.4914 | AUROC: 0.8101 | AUPR: 0.7619
EarlyStopping counter: 1 out of 10
[Epoch 15/100] Train Loss: 0.3889 Valid Loss: 0.6104 | Acc: 0.7402 | Prec: 0.7687 | Recall: 0.5880 | F1: 0.6663 | MCC: 0.4708 | AUROC: 0.8117 | AUPR: 0.7907
EarlyStopping counter: 2 out of 10
[Epoch 16/100] Train Loss: 0.3793 Valid Loss: 0.5848 | Acc: 0.7518 | Prec: 0.7644 | Recall: 0.6320 | F1: 0.6920 | MCC: 0.4934 | AUROC: 0.8135 | AUPR: 0.7886
EarlyStopping counter: 3 out of 10
[Epoch 17/100] Train Loss: 0.3477 Valid Loss: 0.5954 | Acc: 0.7608 | Prec: 0.7626 | Recall: 0.6648 | F1: 0.7104 | MCC: 0.5118 | AUROC: 0.8238 | AUPR: 0.7970
[Epoch 18/100] Train Loss: 0.3334 Valid Loss: 0.5956 | Acc: 0.7592 | Prec: 0.7325 | Recall: 0.7154 | F1: 0.7238 | MCC: 0.5105 | AUROC: 0.8272 | AUPR: 0.8000
[Epoch 19/100] Train Loss: 0.3285 Valid Loss: 0.6107 | Acc: 0.7530 | Prec: 0.7516 | Recall: 0.6573 | F1: 0.7013 | MCC: 0.4956 | AUROC: 0.8241 | AUPR: 0.7955
EarlyStopping counter: 1 out of 10
[Epoch 20/100] Train Loss: 0.3215 Valid Loss: 0.6010 | Acc: 0.7600 | Prec: 0.7362 | Recall: 0.7107 | F1: 0.7232 | MCC: 0.5118 | AUROC: 0.8300 | AUPR: 0.7959
[Epoch 21/100] Train Loss: 0.3190 Valid Loss: 0.6068 | Acc: 0.7613 | Prec: 0.7536 | Recall: 0.6816 | F1: 0.7158 | MCC: 0.5128 | AUROC: 0.8276 | AUPR: 0.7888
EarlyStopping counter: 1 out of 10
[Epoch 22/100] Train Loss: 0.3118 Valid Loss: 0.6127 | Acc: 0.7646 | Prec: 0.7460 | Recall: 0.7069 | F1: 0.7260 | MCC: 0.5204 | AUROC: 0.8292 | AUPR: 0.7982
EarlyStopping counter: 2 out of 10
[Epoch 23/100] Train Loss: 0.3066 Valid Loss: 0.6168 | Acc: 0.7637 | Prec: 0.7578 | Recall: 0.6826 | F1: 0.7182 | MCC: 0.5179 | AUROC: 0.8325 | AUPR: 0.8018
[Epoch 24/100] Train Loss: 0.3070 Valid Loss: 0.6192 | Acc: 0.7567 | Prec: 0.7402 | Recall: 0.6910 | F1: 0.7148 | MCC: 0.5040 | AUROC: 0.8284 | AUPR: 0.7943
EarlyStopping counter: 1 out of 10
[Epoch 25/100] Train Loss: 0.3081 Valid Loss: 0.6083 | Acc: 0.7575 | Prec: 0.7407 | Recall: 0.6929 | F1: 0.7160 | MCC: 0.5058 | AUROC: 0.8297 | AUPR: 0.7870
EarlyStopping counter: 2 out of 10
[Epoch 26/100] Train Loss: 0.3067 Valid Loss: 0.6176 | Acc: 0.7646 | Prec: 0.7572 | Recall: 0.6863 | F1: 0.7200 | MCC: 0.5196 | AUROC: 0.8289 | AUPR: 0.8015
EarlyStopping counter: 3 out of 10
[Epoch 27/100] Train Loss: 0.3048 Valid Loss: 0.6191 | Acc: 0.7633 | Prec: 0.7592 | Recall: 0.6788 | F1: 0.7168 | MCC: 0.5170 | AUROC: 0.8284 | AUPR: 0.7879
EarlyStopping counter: 4 out of 10
[Epoch 28/100] Train Loss: 0.3065 Valid Loss: 0.6183 | Acc: 0.7617 | Prec: 0.7534 | Recall: 0.6835 | F1: 0.7167 | MCC: 0.5137 | AUROC: 0.8270 | AUPR: 0.7867
EarlyStopping counter: 5 out of 10
[Epoch 29/100] Train Loss: 0.3079 Valid Loss: 0.6168 | Acc: 0.7600 | Prec: 0.7644 | Recall: 0.6592 | F1: 0.7079 | MCC: 0.5101 | AUROC: 0.8255 | AUPR: 0.7904
EarlyStopping counter: 6 out of 10
[Epoch 30/100] Train Loss: 0.3041 Valid Loss: 0.6285 | Acc: 0.7617 | Prec: 0.7654 | Recall: 0.6629 | F1: 0.7105 | MCC: 0.5135 | AUROC: 0.8261 | AUPR: 0.7989
EarlyStopping counter: 7 out of 10
[Epoch 31/100] Train Loss: 0.3051 Valid Loss: 0.6247 | Acc: 0.7584 | Prec: 0.7529 | Recall: 0.6732 | F1: 0.7108 | MCC: 0.5067 | AUROC: 0.8261 | AUPR: 0.8016
EarlyStopping counter: 8 out of 10
[Epoch 32/100] Train Loss: 0.3047 Valid Loss: 0.6212 | Acc: 0.7563 | Prec: 0.7559 | Recall: 0.6610 | F1: 0.7053 | MCC: 0.5024 | AUROC: 0.8265 | AUPR: 0.7969
EarlyStopping counter: 9 out of 10
[Epoch 33/100] Train Loss: 0.3071 Valid Loss: 0.6163 | Acc: 0.7575 | Prec: 0.7319 | Recall: 0.7107 | F1: 0.7211 | MCC: 0.5069 | AUROC: 0.8299 | AUPR: 0.7902
EarlyStopping counter: 10 out of 10
Early stopping at epoch 33
Best model at epoch 23 with Score = 0.8325
Seed 1234 Test Results:
[Test] Loss: 0.5326 | Acc: 0.8197 | Prec: 0.8633 | Recall: 0.7883 | F1: 0.8241 | MCC: 0.6427 | AUROC: 0.8846 | AUPR: 0.8986

============================================================
Training Seed 3407
============================================================
Loading data /home/qfchen/ProteinDrugInter/datasets/SNAP/prot_split_results/seed_3407/prot_train.csv......
Columns in the dataset: ['DRUG_ID', 'UNIPROT_ID', 'Label', 'DRUG_NAME', 'SMILES', 'GENE_NAME', 'SEQUENCE']
Loaded 18978 valid pairs (time: 205.23s)
Loading data /home/qfchen/ProteinDrugInter/datasets/SNAP/prot_split_results/seed_3407/prot_val.csv......
Columns in the dataset: ['DRUG_ID', 'UNIPROT_ID', 'Label', 'DRUG_NAME', 'SMILES', 'GENE_NAME', 'SEQUENCE']
Loaded 2968 valid pairs (time: 32.18s)
Loading data /home/qfchen/ProteinDrugInter/datasets/SNAP/prot_split_results/seed_3407/prot_test.csv......
Columns in the dataset: ['DRUG_ID', 'UNIPROT_ID', 'Label', 'DRUG_NAME', 'SMILES', 'GENE_NAME', 'SEQUENCE']
Loaded 5765 valid pairs (time: 61.68s)
[Epoch 1/100] Train Loss: 0.5880 Valid Loss: 0.6508 | Acc: 0.6365 | Prec: 0.8410 | Recall: 0.4243 | F1: 0.5640 | MCC: 0.3594 | AUROC: 0.7264 | AUPR: 0.7905
[Epoch 2/100] Train Loss: 0.5368 Valid Loss: 0.6267 | Acc: 0.6644 | Prec: 0.8356 | Recall: 0.4912 | F1: 0.6187 | MCC: 0.3935 | AUROC: 0.7568 | AUPR: 0.8129
[Epoch 3/100] Train Loss: 0.5150 Valid Loss: 0.6158 | Acc: 0.6941 | Prec: 0.8371 | Recall: 0.5562 | F1: 0.6684 | MCC: 0.4346 | AUROC: 0.7715 | AUPR: 0.8202
[Epoch 4/100] Train Loss: 0.5022 Valid Loss: 0.6089 | Acc: 0.7008 | Prec: 0.8210 | Recall: 0.5884 | F1: 0.6856 | MCC: 0.4357 | AUROC: 0.7782 | AUPR: 0.8297
[Epoch 5/100] Train Loss: 0.4866 Valid Loss: 0.6061 | Acc: 0.7001 | Prec: 0.8712 | Recall: 0.5386 | F1: 0.6657 | MCC: 0.4604 | AUROC: 0.7905 | AUPR: 0.8457
[Epoch 6/100] Train Loss: 0.4700 Valid Loss: 0.5938 | Acc: 0.7133 | Prec: 0.8399 | Recall: 0.5964 | F1: 0.6975 | MCC: 0.4629 | AUROC: 0.8034 | AUPR: 0.8420
[Epoch 7/100] Train Loss: 0.4605 Valid Loss: 0.6132 | Acc: 0.7022 | Prec: 0.8394 | Recall: 0.5720 | F1: 0.6804 | MCC: 0.4470 | AUROC: 0.7990 | AUPR: 0.8345
EarlyStopping counter: 1 out of 10
[Epoch 8/100] Train Loss: 0.4534 Valid Loss: 0.5844 | Acc: 0.7278 | Prec: 0.8568 | Recall: 0.6109 | F1: 0.7133 | MCC: 0.4920 | AUROC: 0.8262 | AUPR: 0.8621
[Epoch 9/100] Train Loss: 0.4394 Valid Loss: 0.5755 | Acc: 0.7207 | Prec: 0.8400 | Recall: 0.6128 | F1: 0.7086 | MCC: 0.4736 | AUROC: 0.8283 | AUPR: 0.8630
[Epoch 10/100] Train Loss: 0.4332 Valid Loss: 0.5927 | Acc: 0.7271 | Prec: 0.8517 | Recall: 0.6146 | F1: 0.7140 | MCC: 0.4886 | AUROC: 0.8196 | AUPR: 0.8624
EarlyStopping counter: 1 out of 10
[Epoch 11/100] Train Loss: 0.4197 Valid Loss: 0.5836 | Acc: 0.7433 | Prec: 0.8529 | Recall: 0.6486 | F1: 0.7369 | MCC: 0.5129 | AUROC: 0.8325 | AUPR: 0.8622
[Epoch 12/100] Train Loss: 0.4154 Valid Loss: 0.5635 | Acc: 0.7402 | Prec: 0.8576 | Recall: 0.6371 | F1: 0.7311 | MCC: 0.5106 | AUROC: 0.8416 | AUPR: 0.8674
[Epoch 13/100] Train Loss: 0.4049 Valid Loss: 0.5725 | Acc: 0.7406 | Prec: 0.8415 | Recall: 0.6553 | F1: 0.7368 | MCC: 0.5037 | AUROC: 0.8339 | AUPR: 0.8646
EarlyStopping counter: 1 out of 10
[Epoch 14/100] Train Loss: 0.4010 Valid Loss: 0.5664 | Acc: 0.7483 | Prec: 0.8711 | Recall: 0.6407 | F1: 0.7384 | MCC: 0.5288 | AUROC: 0.8499 | AUPR: 0.8810
[Epoch 15/100] Train Loss: 0.3934 Valid Loss: 0.6216 | Acc: 0.7342 | Prec: 0.8863 | Recall: 0.5970 | F1: 0.7134 | MCC: 0.5156 | AUROC: 0.8341 | AUPR: 0.8694
EarlyStopping counter: 1 out of 10
[Epoch 16/100] Train Loss: 0.3883 Valid Loss: 0.5862 | Acc: 0.7449 | Prec: 0.8616 | Recall: 0.6432 | F1: 0.7365 | MCC: 0.5194 | AUROC: 0.8383 | AUPR: 0.8653
EarlyStopping counter: 2 out of 10
[Epoch 17/100] Train Loss: 0.3791 Valid Loss: 0.5902 | Acc: 0.7544 | Prec: 0.8589 | Recall: 0.6663 | F1: 0.7504 | MCC: 0.5323 | AUROC: 0.8417 | AUPR: 0.8682
EarlyStopping counter: 3 out of 10
[Epoch 18/100] Train Loss: 0.3756 Valid Loss: 0.5880 | Acc: 0.7503 | Prec: 0.8779 | Recall: 0.6383 | F1: 0.7392 | MCC: 0.5350 | AUROC: 0.8471 | AUPR: 0.8811
EarlyStopping counter: 4 out of 10
[Epoch 19/100] Train Loss: 0.3416 Valid Loss: 0.5868 | Acc: 0.7729 | Prec: 0.8681 | Recall: 0.6960 | F1: 0.7726 | MCC: 0.5647 | AUROC: 0.8535 | AUPR: 0.8735
[Epoch 20/100] Train Loss: 0.3337 Valid Loss: 0.5754 | Acc: 0.7790 | Prec: 0.8570 | Recall: 0.7216 | F1: 0.7835 | MCC: 0.5698 | AUROC: 0.8557 | AUPR: 0.8794
[Epoch 21/100] Train Loss: 0.3249 Valid Loss: 0.5826 | Acc: 0.7753 | Prec: 0.8569 | Recall: 0.7137 | F1: 0.7788 | MCC: 0.5639 | AUROC: 0.8546 | AUPR: 0.8752
EarlyStopping counter: 1 out of 10
[Epoch 22/100] Train Loss: 0.3167 Valid Loss: 0.5915 | Acc: 0.7756 | Prec: 0.8634 | Recall: 0.7070 | F1: 0.7774 | MCC: 0.5670 | AUROC: 0.8558 | AUPR: 0.8718
EarlyStopping counter: 2 out of 10
[Epoch 23/100] Train Loss: 0.3156 Valid Loss: 0.6058 | Acc: 0.7746 | Prec: 0.8771 | Recall: 0.6900 | F1: 0.7724 | MCC: 0.5711 | AUROC: 0.8549 | AUPR: 0.8804
EarlyStopping counter: 3 out of 10
[Epoch 24/100] Train Loss: 0.3152 Valid Loss: 0.6248 | Acc: 0.7668 | Prec: 0.8761 | Recall: 0.6748 | F1: 0.7624 | MCC: 0.5588 | AUROC: 0.8520 | AUPR: 0.8740
EarlyStopping counter: 4 out of 10
[Epoch 25/100] Train Loss: 0.3031 Valid Loss: 0.6046 | Acc: 0.7783 | Prec: 0.8680 | Recall: 0.7076 | F1: 0.7796 | MCC: 0.5731 | AUROC: 0.8556 | AUPR: 0.8765
EarlyStopping counter: 5 out of 10
[Epoch 26/100] Train Loss: 0.3047 Valid Loss: 0.6110 | Acc: 0.7746 | Prec: 0.8720 | Recall: 0.6954 | F1: 0.7738 | MCC: 0.5689 | AUROC: 0.8537 | AUPR: 0.8744
EarlyStopping counter: 6 out of 10
[Epoch 27/100] Train Loss: 0.3087 Valid Loss: 0.6302 | Acc: 0.7756 | Prec: 0.8757 | Recall: 0.6936 | F1: 0.7741 | MCC: 0.5721 | AUROC: 0.8521 | AUPR: 0.8765
EarlyStopping counter: 7 out of 10
[Epoch 28/100] Train Loss: 0.3023 Valid Loss: 0.6411 | Acc: 0.7652 | Prec: 0.8841 | Recall: 0.6632 | F1: 0.7579 | MCC: 0.5599 | AUROC: 0.8507 | AUPR: 0.8759
EarlyStopping counter: 8 out of 10
[Epoch 29/100] Train Loss: 0.3047 Valid Loss: 0.6304 | Acc: 0.7662 | Prec: 0.8759 | Recall: 0.6736 | F1: 0.7615 | MCC: 0.5577 | AUROC: 0.8501 | AUPR: 0.8745
EarlyStopping counter: 9 out of 10
[Epoch 30/100] Train Loss: 0.3039 Valid Loss: 0.5952 | Acc: 0.7817 | Prec: 0.8625 | Recall: 0.7210 | F1: 0.7854 | MCC: 0.5763 | AUROC: 0.8567 | AUPR: 0.8803
[Epoch 31/100] Train Loss: 0.3024 Valid Loss: 0.6169 | Acc: 0.7732 | Prec: 0.8733 | Recall: 0.6912 | F1: 0.7716 | MCC: 0.5674 | AUROC: 0.8555 | AUPR: 0.8772
EarlyStopping counter: 1 out of 10
[Epoch 32/100] Train Loss: 0.3062 Valid Loss: 0.6345 | Acc: 0.7706 | Prec: 0.8789 | Recall: 0.6796 | F1: 0.7665 | MCC: 0.5657 | AUROC: 0.8548 | AUPR: 0.8713
EarlyStopping counter: 2 out of 10
[Epoch 33/100] Train Loss: 0.3028 Valid Loss: 0.6095 | Acc: 0.7840 | Prec: 0.8659 | Recall: 0.7222 | F1: 0.7875 | MCC: 0.5813 | AUROC: 0.8545 | AUPR: 0.8805
EarlyStopping counter: 3 out of 10
[Epoch 34/100] Train Loss: 0.3006 Valid Loss: 0.6535 | Acc: 0.7668 | Prec: 0.8833 | Recall: 0.6675 | F1: 0.7604 | MCC: 0.5620 | AUROC: 0.8533 | AUPR: 0.8723
EarlyStopping counter: 4 out of 10
[Epoch 35/100] Train Loss: 0.3032 Valid Loss: 0.5998 | Acc: 0.7817 | Prec: 0.8647 | Recall: 0.7185 | F1: 0.7849 | MCC: 0.5771 | AUROC: 0.8551 | AUPR: 0.8737
EarlyStopping counter: 5 out of 10
[Epoch 36/100] Train Loss: 0.3031 Valid Loss: 0.5901 | Acc: 0.7800 | Prec: 0.8483 | Recall: 0.7343 | F1: 0.7872 | MCC: 0.5682 | AUROC: 0.8550 | AUPR: 0.8794
EarlyStopping counter: 6 out of 10
[Epoch 37/100] Train Loss: 0.3001 Valid Loss: 0.6013 | Acc: 0.7830 | Prec: 0.8572 | Recall: 0.7301 | F1: 0.7886 | MCC: 0.5764 | AUROC: 0.8535 | AUPR: 0.8737
EarlyStopping counter: 7 out of 10
[Epoch 38/100] Train Loss: 0.3017 Valid Loss: 0.6225 | Acc: 0.7729 | Prec: 0.8692 | Recall: 0.6948 | F1: 0.7723 | MCC: 0.5652 | AUROC: 0.8529 | AUPR: 0.8779
EarlyStopping counter: 8 out of 10
[Epoch 39/100] Train Loss: 0.3033 Valid Loss: 0.6178 | Acc: 0.7743 | Prec: 0.8736 | Recall: 0.6930 | F1: 0.7729 | MCC: 0.5691 | AUROC: 0.8538 | AUPR: 0.8710
EarlyStopping counter: 9 out of 10
[Epoch 40/100] Train Loss: 0.3043 Valid Loss: 0.6262 | Acc: 0.7749 | Prec: 0.8761 | Recall: 0.6918 | F1: 0.7731 | MCC: 0.5712 | AUROC: 0.8551 | AUPR: 0.8799
EarlyStopping counter: 10 out of 10
Early stopping at epoch 40
Best model at epoch 30 with Score = 0.8567
Seed 3407 Test Results:
[Test] Loss: 0.5708 | Acc: 0.7915 | Prec: 0.8548 | Recall: 0.7133 | F1: 0.7777 | MCC: 0.5929 | AUROC: 0.8672 | AUPR: 0.8734

============================================================
Training Seed 5678
============================================================
Loading data /home/qfchen/ProteinDrugInter/datasets/SNAP/prot_split_results/seed_5678/prot_train.csv......
Columns in the dataset: ['DRUG_ID', 'UNIPROT_ID', 'Label', 'DRUG_NAME', 'SMILES', 'GENE_NAME', 'SEQUENCE']
Loaded 18945 valid pairs (time: 204.03s)
Loading data /home/qfchen/ProteinDrugInter/datasets/SNAP/prot_split_results/seed_5678/prot_val.csv......
Columns in the dataset: ['DRUG_ID', 'UNIPROT_ID', 'Label', 'DRUG_NAME', 'SMILES', 'GENE_NAME', 'SEQUENCE']
Loaded 2667 valid pairs (time: 32.33s)
Loading data /home/qfchen/ProteinDrugInter/datasets/SNAP/prot_split_results/seed_5678/prot_test.csv......
Columns in the dataset: ['DRUG_ID', 'UNIPROT_ID', 'Label', 'DRUG_NAME', 'SMILES', 'GENE_NAME', 'SEQUENCE']
Loaded 6099 valid pairs (time: 62.89s)
[Epoch 1/100] Train Loss: 0.6021 Valid Loss: 0.6132 | Acc: 0.7263 | Prec: 0.7238 | Recall: 0.6825 | F1: 0.7025 | MCC: 0.4501 | AUROC: 0.7890 | AUPR: 0.7565
[Epoch 2/100] Train Loss: 0.5416 Valid Loss: 0.5665 | Acc: 0.7409 | Prec: 0.8280 | Recall: 0.5717 | F1: 0.6763 | MCC: 0.4947 | AUROC: 0.8165 | AUPR: 0.8172
[Epoch 3/100] Train Loss: 0.5170 Valid Loss: 0.5745 | Acc: 0.7237 | Prec: 0.7651 | Recall: 0.6010 | F1: 0.6732 | MCC: 0.4494 | AUROC: 0.7937 | AUPR: 0.7946
EarlyStopping counter: 1 out of 10
[Epoch 4/100] Train Loss: 0.4960 Valid Loss: 0.5649 | Acc: 0.7533 | Prec: 0.8215 | Recall: 0.6120 | F1: 0.7015 | MCC: 0.5145 | AUROC: 0.8208 | AUPR: 0.8182
[Epoch 5/100] Train Loss: 0.4824 Valid Loss: 0.5388 | Acc: 0.7649 | Prec: 0.8149 | Recall: 0.6516 | F1: 0.7242 | MCC: 0.5336 | AUROC: 0.8390 | AUPR: 0.8394
[Epoch 6/100] Train Loss: 0.4718 Valid Loss: 0.5367 | Acc: 0.7600 | Prec: 0.7607 | Recall: 0.7197 | F1: 0.7396 | MCC: 0.5181 | AUROC: 0.8465 | AUPR: 0.8464
[Epoch 7/100] Train Loss: 0.4613 Valid Loss: 0.5432 | Acc: 0.7630 | Prec: 0.8072 | Recall: 0.6564 | F1: 0.7240 | MCC: 0.5288 | AUROC: 0.8352 | AUPR: 0.8366
EarlyStopping counter: 1 out of 10
[Epoch 8/100] Train Loss: 0.4478 Valid Loss: 0.5556 | Acc: 0.7533 | Prec: 0.7778 | Recall: 0.6706 | F1: 0.7202 | MCC: 0.5061 | AUROC: 0.8234 | AUPR: 0.8188
EarlyStopping counter: 2 out of 10
[Epoch 9/100] Train Loss: 0.4393 Valid Loss: 0.5256 | Acc: 0.7672 | Prec: 0.7744 | Recall: 0.7173 | F1: 0.7448 | MCC: 0.5326 | AUROC: 0.8523 | AUPR: 0.8431
[Epoch 10/100] Train Loss: 0.4298 Valid Loss: 0.5447 | Acc: 0.7694 | Prec: 0.8133 | Recall: 0.6659 | F1: 0.7323 | MCC: 0.5415 | AUROC: 0.8408 | AUPR: 0.8448
EarlyStopping counter: 1 out of 10
[Epoch 11/100] Train Loss: 0.4226 Valid Loss: 0.5315 | Acc: 0.7795 | Prec: 0.8306 | Recall: 0.6714 | F1: 0.7426 | MCC: 0.5631 | AUROC: 0.8559 | AUPR: 0.8518
[Epoch 12/100] Train Loss: 0.4153 Valid Loss: 0.5564 | Acc: 0.7627 | Prec: 0.7807 | Recall: 0.6936 | F1: 0.7346 | MCC: 0.5243 | AUROC: 0.8447 | AUPR: 0.8335
EarlyStopping counter: 1 out of 10
[Epoch 13/100] Train Loss: 0.4074 Valid Loss: 0.5256 | Acc: 0.7822 | Prec: 0.7800 | Recall: 0.7522 | F1: 0.7658 | MCC: 0.5626 | AUROC: 0.8522 | AUPR: 0.8409
EarlyStopping counter: 2 out of 10
[Epoch 14/100] Train Loss: 0.3999 Valid Loss: 0.5296 | Acc: 0.7728 | Prec: 0.8132 | Recall: 0.6754 | F1: 0.7379 | MCC: 0.5476 | AUROC: 0.8559 | AUPR: 0.8503
EarlyStopping counter: 3 out of 10
[Epoch 15/100] Train Loss: 0.3948 Valid Loss: 0.5407 | Acc: 0.7709 | Prec: 0.7758 | Recall: 0.7260 | F1: 0.7501 | MCC: 0.5400 | AUROC: 0.8413 | AUPR: 0.8269
EarlyStopping counter: 4 out of 10
[Epoch 16/100] Train Loss: 0.3630 Valid Loss: 0.5219 | Acc: 0.7904 | Prec: 0.8099 | Recall: 0.7284 | F1: 0.7670 | MCC: 0.5802 | AUROC: 0.8668 | AUPR: 0.8614
[Epoch 17/100] Train Loss: 0.3488 Valid Loss: 0.5313 | Acc: 0.7919 | Prec: 0.8133 | Recall: 0.7276 | F1: 0.7681 | MCC: 0.5834 | AUROC: 0.8661 | AUPR: 0.8587
EarlyStopping counter: 1 out of 10
[Epoch 18/100] Train Loss: 0.3387 Valid Loss: 0.5351 | Acc: 0.7927 | Prec: 0.8181 | Recall: 0.7229 | F1: 0.7675 | MCC: 0.5853 | AUROC: 0.8648 | AUPR: 0.8548
EarlyStopping counter: 2 out of 10
[Epoch 19/100] Train Loss: 0.3374 Valid Loss: 0.5373 | Acc: 0.7904 | Prec: 0.7821 | Recall: 0.7728 | F1: 0.7774 | MCC: 0.5794 | AUROC: 0.8632 | AUPR: 0.8576
EarlyStopping counter: 3 out of 10
[Epoch 20/100] Train Loss: 0.3354 Valid Loss: 0.5406 | Acc: 0.7874 | Prec: 0.7829 | Recall: 0.7625 | F1: 0.7726 | MCC: 0.5732 | AUROC: 0.8592 | AUPR: 0.8558
EarlyStopping counter: 4 out of 10
[Epoch 21/100] Train Loss: 0.3292 Valid Loss: 0.5489 | Acc: 0.7893 | Prec: 0.7894 | Recall: 0.7569 | F1: 0.7728 | MCC: 0.5769 | AUROC: 0.8583 | AUPR: 0.8487
EarlyStopping counter: 5 out of 10
[Epoch 22/100] Train Loss: 0.3264 Valid Loss: 0.5464 | Acc: 0.7908 | Prec: 0.7916 | Recall: 0.7577 | F1: 0.7743 | MCC: 0.5800 | AUROC: 0.8633 | AUPR: 0.8486
EarlyStopping counter: 6 out of 10
[Epoch 23/100] Train Loss: 0.3207 Valid Loss: 0.5447 | Acc: 0.7889 | Prec: 0.7907 | Recall: 0.7538 | F1: 0.7718 | MCC: 0.5762 | AUROC: 0.8639 | AUPR: 0.8508
EarlyStopping counter: 7 out of 10
[Epoch 24/100] Train Loss: 0.3174 Valid Loss: 0.5524 | Acc: 0.7889 | Prec: 0.7922 | Recall: 0.7514 | F1: 0.7712 | MCC: 0.5762 | AUROC: 0.8612 | AUPR: 0.8483
EarlyStopping counter: 8 out of 10
[Epoch 25/100] Train Loss: 0.3164 Valid Loss: 0.5552 | Acc: 0.7904 | Prec: 0.8024 | Recall: 0.7395 | F1: 0.7697 | MCC: 0.5796 | AUROC: 0.8588 | AUPR: 0.8476
EarlyStopping counter: 9 out of 10
[Epoch 26/100] Train Loss: 0.3191 Valid Loss: 0.5630 | Acc: 0.7833 | Prec: 0.7824 | Recall: 0.7514 | F1: 0.7666 | MCC: 0.5649 | AUROC: 0.8530 | AUPR: 0.8335
EarlyStopping counter: 10 out of 10
Early stopping at epoch 26
Best model at epoch 16 with Score = 0.8668
Seed 5678 Test Results:
[Test] Loss: 0.5516 | Acc: 0.7801 | Prec: 0.8411 | Recall: 0.7394 | F1: 0.7870 | MCC: 0.5667 | AUROC: 0.8550 | AUPR: 0.8842

============================================================
Training Seed 8888
============================================================
Loading data /home/qfchen/ProteinDrugInter/datasets/SNAP/prot_split_results/seed_8888/prot_train.csv......
Columns in the dataset: ['DRUG_ID', 'UNIPROT_ID', 'Label', 'DRUG_NAME', 'SMILES', 'GENE_NAME', 'SEQUENCE']
Loaded 19621 valid pairs (time: 214.31s)
Loading data /home/qfchen/ProteinDrugInter/datasets/SNAP/prot_split_results/seed_8888/prot_val.csv......
Columns in the dataset: ['DRUG_ID', 'UNIPROT_ID', 'Label', 'DRUG_NAME', 'SMILES', 'GENE_NAME', 'SEQUENCE']
Loaded 2732 valid pairs (time: 29.40s)
Loading data /home/qfchen/ProteinDrugInter/datasets/SNAP/prot_split_results/seed_8888/prot_test.csv......
Columns in the dataset: ['DRUG_ID', 'UNIPROT_ID', 'Label', 'DRUG_NAME', 'SMILES', 'GENE_NAME', 'SEQUENCE']
Loaded 5358 valid pairs (time: 57.30s)
[Epoch 1/100] Train Loss: 0.5939 Valid Loss: 0.5864 | Acc: 0.7178 | Prec: 0.7772 | Recall: 0.6369 | F1: 0.7001 | MCC: 0.4463 | AUROC: 0.7909 | AUPR: 0.8081
[Epoch 2/100] Train Loss: 0.5323 Valid Loss: 0.5690 | Acc: 0.7313 | Prec: 0.8525 | Recall: 0.5810 | F1: 0.6911 | MCC: 0.4951 | AUROC: 0.8125 | AUPR: 0.8476
[Epoch 3/100] Train Loss: 0.5057 Valid Loss: 0.5540 | Acc: 0.7449 | Prec: 0.8883 | Recall: 0.5796 | F1: 0.7015 | MCC: 0.5300 | AUROC: 0.8388 | AUPR: 0.8672
[Epoch 4/100] Train Loss: 0.4931 Valid Loss: 0.5499 | Acc: 0.7518 | Prec: 0.8290 | Recall: 0.6553 | F1: 0.7320 | MCC: 0.5189 | AUROC: 0.8382 | AUPR: 0.8525
EarlyStopping counter: 1 out of 10
[Epoch 5/100] Train Loss: 0.4759 Valid Loss: 0.5573 | Acc: 0.7489 | Prec: 0.8519 | Recall: 0.6228 | F1: 0.7195 | MCC: 0.5222 | AUROC: 0.8376 | AUPR: 0.8622
EarlyStopping counter: 2 out of 10
[Epoch 6/100] Train Loss: 0.4669 Valid Loss: 0.5431 | Acc: 0.7588 | Prec: 0.8173 | Recall: 0.6872 | F1: 0.7466 | MCC: 0.5269 | AUROC: 0.8391 | AUPR: 0.8494
[Epoch 7/100] Train Loss: 0.4555 Valid Loss: 0.5265 | Acc: 0.7753 | Prec: 0.8099 | Recall: 0.7389 | F1: 0.7728 | MCC: 0.5537 | AUROC: 0.8502 | AUPR: 0.8675
[Epoch 8/100] Train Loss: 0.4472 Valid Loss: 0.5253 | Acc: 0.7705 | Prec: 0.8388 | Recall: 0.6886 | F1: 0.7563 | MCC: 0.5528 | AUROC: 0.8538 | AUPR: 0.8772
[Epoch 9/100] Train Loss: 0.4383 Valid Loss: 0.5404 | Acc: 0.7672 | Prec: 0.8364 | Recall: 0.6837 | F1: 0.7523 | MCC: 0.5466 | AUROC: 0.8602 | AUPR: 0.8764
[Epoch 10/100] Train Loss: 0.4275 Valid Loss: 0.5320 | Acc: 0.7786 | Prec: 0.8459 | Recall: 0.6992 | F1: 0.7656 | MCC: 0.5684 | AUROC: 0.8522 | AUPR: 0.8771
EarlyStopping counter: 1 out of 10
[Epoch 11/100] Train Loss: 0.4179 Valid Loss: 0.5590 | Acc: 0.7632 | Prec: 0.8450 | Recall: 0.6638 | F1: 0.7436 | MCC: 0.5427 | AUROC: 0.8515 | AUPR: 0.8674
EarlyStopping counter: 2 out of 10
[Epoch 12/100] Train Loss: 0.4126 Valid Loss: 0.5285 | Acc: 0.7844 | Prec: 0.8546 | Recall: 0.7028 | F1: 0.7713 | MCC: 0.5808 | AUROC: 0.8604 | AUPR: 0.8844
[Epoch 13/100] Train Loss: 0.4045 Valid Loss: 0.5301 | Acc: 0.7958 | Prec: 0.8548 | Recall: 0.7289 | F1: 0.7869 | MCC: 0.6001 | AUROC: 0.8700 | AUPR: 0.8914
[Epoch 14/100] Train Loss: 0.3952 Valid Loss: 0.5872 | Acc: 0.7712 | Prec: 0.8493 | Recall: 0.6780 | F1: 0.7540 | MCC: 0.5573 | AUROC: 0.8496 | AUPR: 0.8578
EarlyStopping counter: 1 out of 10
[Epoch 15/100] Train Loss: 0.3587 Valid Loss: 0.5343 | Acc: 0.7954 | Prec: 0.8792 | Recall: 0.7006 | F1: 0.7798 | MCC: 0.6066 | AUROC: 0.8734 | AUPR: 0.8927
[Epoch 16/100] Train Loss: 0.3511 Valid Loss: 0.5449 | Acc: 0.7958 | Prec: 0.8708 | Recall: 0.7105 | F1: 0.7825 | MCC: 0.6046 | AUROC: 0.8732 | AUPR: 0.8892
EarlyStopping counter: 1 out of 10
[Epoch 17/100] Train Loss: 0.3435 Valid Loss: 0.5102 | Acc: 0.8144 | Prec: 0.8442 | Recall: 0.7863 | F1: 0.8142 | MCC: 0.6309 | AUROC: 0.8780 | AUPR: 0.8975
[Epoch 18/100] Train Loss: 0.3389 Valid Loss: 0.5409 | Acc: 0.8045 | Prec: 0.8825 | Recall: 0.7176 | F1: 0.7916 | MCC: 0.6228 | AUROC: 0.8777 | AUPR: 0.8958
EarlyStopping counter: 1 out of 10
[Epoch 19/100] Train Loss: 0.3360 Valid Loss: 0.5252 | Acc: 0.8130 | Prec: 0.8816 | Recall: 0.7374 | F1: 0.8031 | MCC: 0.6367 | AUROC: 0.8819 | AUPR: 0.8950
[Epoch 20/100] Train Loss: 0.3318 Valid Loss: 0.5228 | Acc: 0.8126 | Prec: 0.8678 | Recall: 0.7523 | F1: 0.8059 | MCC: 0.6325 | AUROC: 0.8809 | AUPR: 0.8964
EarlyStopping counter: 1 out of 10
[Epoch 21/100] Train Loss: 0.3261 Valid Loss: 0.5341 | Acc: 0.8111 | Prec: 0.8766 | Recall: 0.7389 | F1: 0.8018 | MCC: 0.6322 | AUROC: 0.8777 | AUPR: 0.8911
EarlyStopping counter: 2 out of 10
[Epoch 22/100] Train Loss: 0.3265 Valid Loss: 0.5243 | Acc: 0.8133 | Prec: 0.8632 | Recall: 0.7594 | F1: 0.8080 | MCC: 0.6327 | AUROC: 0.8790 | AUPR: 0.8912
EarlyStopping counter: 3 out of 10
[Epoch 23/100] Train Loss: 0.3200 Valid Loss: 0.5388 | Acc: 0.8093 | Prec: 0.8668 | Recall: 0.7459 | F1: 0.8018 | MCC: 0.6265 | AUROC: 0.8776 | AUPR: 0.8912
EarlyStopping counter: 4 out of 10
[Epoch 24/100] Train Loss: 0.3157 Valid Loss: 0.5321 | Acc: 0.8152 | Prec: 0.8667 | Recall: 0.7594 | F1: 0.8095 | MCC: 0.6367 | AUROC: 0.8814 | AUPR: 0.8966
EarlyStopping counter: 5 out of 10
[Epoch 25/100] Train Loss: 0.3172 Valid Loss: 0.5300 | Acc: 0.8173 | Prec: 0.8789 | Recall: 0.7502 | F1: 0.8095 | MCC: 0.6435 | AUROC: 0.8781 | AUPR: 0.8942
EarlyStopping counter: 6 out of 10
[Epoch 26/100] Train Loss: 0.3143 Valid Loss: 0.5404 | Acc: 0.8206 | Prec: 0.8780 | Recall: 0.7587 | F1: 0.8140 | MCC: 0.6490 | AUROC: 0.8808 | AUPR: 0.8990
EarlyStopping counter: 7 out of 10
[Epoch 27/100] Train Loss: 0.3128 Valid Loss: 0.5389 | Acc: 0.8115 | Prec: 0.8786 | Recall: 0.7374 | F1: 0.8018 | MCC: 0.6334 | AUROC: 0.8813 | AUPR: 0.8934
EarlyStopping counter: 8 out of 10
[Epoch 28/100] Train Loss: 0.3146 Valid Loss: 0.5247 | Acc: 0.8177 | Prec: 0.8611 | Recall: 0.7721 | F1: 0.8142 | MCC: 0.6400 | AUROC: 0.8824 | AUPR: 0.8975
[Epoch 29/100] Train Loss: 0.3138 Valid Loss: 0.5451 | Acc: 0.8122 | Prec: 0.8719 | Recall: 0.7466 | F1: 0.8044 | MCC: 0.6329 | AUROC: 0.8782 | AUPR: 0.8912
EarlyStopping counter: 1 out of 10
[Epoch 30/100] Train Loss: 0.3108 Valid Loss: 0.5346 | Acc: 0.8141 | Prec: 0.8670 | Recall: 0.7565 | F1: 0.8080 | MCC: 0.6349 | AUROC: 0.8805 | AUPR: 0.8985
EarlyStopping counter: 2 out of 10
[Epoch 31/100] Train Loss: 0.3119 Valid Loss: 0.5206 | Acc: 0.8217 | Prec: 0.8651 | Recall: 0.7764 | F1: 0.8184 | MCC: 0.6480 | AUROC: 0.8832 | AUPR: 0.8997
[Epoch 32/100] Train Loss: 0.3139 Valid Loss: 0.5265 | Acc: 0.8199 | Prec: 0.8693 | Recall: 0.7672 | F1: 0.8150 | MCC: 0.6457 | AUROC: 0.8819 | AUPR: 0.9007
EarlyStopping counter: 1 out of 10
[Epoch 33/100] Train Loss: 0.3119 Valid Loss: 0.5489 | Acc: 0.8148 | Prec: 0.8814 | Recall: 0.7417 | F1: 0.8055 | MCC: 0.6398 | AUROC: 0.8777 | AUPR: 0.8917
EarlyStopping counter: 2 out of 10
[Epoch 34/100] Train Loss: 0.3127 Valid Loss: 0.5315 | Acc: 0.8130 | Prec: 0.8667 | Recall: 0.7544 | F1: 0.8067 | MCC: 0.6329 | AUROC: 0.8822 | AUPR: 0.8987
EarlyStopping counter: 3 out of 10
[Epoch 35/100] Train Loss: 0.3099 Valid Loss: 0.5523 | Acc: 0.8086 | Prec: 0.8830 | Recall: 0.7261 | F1: 0.7969 | MCC: 0.6297 | AUROC: 0.8767 | AUPR: 0.8877
EarlyStopping counter: 4 out of 10
[Epoch 36/100] Train Loss: 0.3107 Valid Loss: 0.5344 | Acc: 0.8159 | Prec: 0.8730 | Recall: 0.7537 | F1: 0.8090 | MCC: 0.6395 | AUROC: 0.8793 | AUPR: 0.8970
EarlyStopping counter: 5 out of 10
[Epoch 37/100] Train Loss: 0.3066 Valid Loss: 0.5382 | Acc: 0.8148 | Prec: 0.8757 | Recall: 0.7481 | F1: 0.8069 | MCC: 0.6383 | AUROC: 0.8821 | AUPR: 0.8972
EarlyStopping counter: 6 out of 10
[Epoch 38/100] Train Loss: 0.3126 Valid Loss: 0.5385 | Acc: 0.8177 | Prec: 0.8874 | Recall: 0.7417 | F1: 0.8080 | MCC: 0.6464 | AUROC: 0.8822 | AUPR: 0.8912
EarlyStopping counter: 7 out of 10
[Epoch 39/100] Train Loss: 0.3113 Valid Loss: 0.5484 | Acc: 0.8159 | Prec: 0.8811 | Recall: 0.7445 | F1: 0.8071 | MCC: 0.6416 | AUROC: 0.8784 | AUPR: 0.8952
EarlyStopping counter: 8 out of 10
[Epoch 40/100] Train Loss: 0.3100 Valid Loss: 0.5426 | Acc: 0.8137 | Prec: 0.8811 | Recall: 0.7396 | F1: 0.8042 | MCC: 0.6378 | AUROC: 0.8783 | AUPR: 0.8883
EarlyStopping counter: 9 out of 10
[Epoch 41/100] Train Loss: 0.3133 Valid Loss: 0.5296 | Acc: 0.8159 | Prec: 0.8675 | Recall: 0.7601 | F1: 0.8103 | MCC: 0.6382 | AUROC: 0.8804 | AUPR: 0.8964
EarlyStopping counter: 10 out of 10
Early stopping at epoch 41
Best model at epoch 31 with Score = 0.8832
Seed 8888 Test Results:
[Test] Loss: 0.5754 | Acc: 0.7831 | Prec: 0.8127 | Recall: 0.7299 | F1: 0.7691 | MCC: 0.5687 | AUROC: 0.8555 | AUPR: 0.8679

=== Final Test Results (with Mean ± Std) ===
             Accuracy    Precision  ...        AUROC         AUPR
Seed                                ...                          
42              0.749        0.838  ...        0.831        0.841
1234             0.82        0.863  ...        0.885        0.899
3407            0.792        0.855  ...        0.867        0.873
5678             0.78        0.841  ...        0.855        0.884
8888            0.783        0.813  ...        0.855        0.868
Mean±Std  0.785±0.025  0.842±0.019  ...  0.859±0.020  0.873±0.021

[6 rows x 7 columns]
